#
# There is insufficient memory for the Java Runtime Environment to continue.
# Native memory allocation (malloc) failed to allocate 623536 bytes. Error detail: Chunk::new
# Possible reasons:
#   The system is out of physical RAM or swap space
#   This process is running with CompressedOops enabled, and the Java Heap may be blocking the growth of the native heap
# Possible solutions:
#   Reduce memory load on the system
#   Increase physical memory or swap space
#   Check if swap backing store is full
#   Decrease Java heap size (-Xmx/-Xms)
#   Decrease number of Java threads
#   Decrease Java thread stack sizes (-Xss)
#   Set larger code cache with -XX:ReservedCodeCacheSize=
#   JVM is running with Unscaled Compressed Oops mode in which the Java heap is
#     placed in the first 4GB address space. The Java Heap base address is the
#     maximum limit for the native heap growth. Please use -XX:HeapBaseMinAddress
#     to set the Java Heap base and to place the Java Heap above 4GB virtual address.
# This output file may be truncated or incomplete.
#
#  Out of Memory Error (arena.cpp:168), pid=4048, tid=7436
#
# JRE version: OpenJDK Runtime Environment Temurin-21.0.10+7 (21.0.10+7) (build 21.0.10+7-LTS)
# Java VM: OpenJDK 64-Bit Server VM Temurin-21.0.10+7 (21.0.10+7-LTS, mixed mode, sharing, tiered, compressed oops, compressed class ptrs, parallel gc, windows-amd64)
# No core dump will be written. Minidumps are not enabled by default on client versions of Windows
#

---------------  S U M M A R Y ------------

Command Line: --add-modules=ALL-SYSTEM --add-opens=java.base/java.util=ALL-UNNAMED --add-opens=java.base/java.lang=ALL-UNNAMED --add-opens=java.base/sun.nio.fs=ALL-UNNAMED -Declipse.application=org.eclipse.jdt.ls.core.id1 -Dosgi.bundles.defaultStartLevel=4 -Declipse.product=org.eclipse.jdt.ls.core.product -Djava.import.generatesMetadataFilesAtProjectRoot=false -DDetectVMInstallationsJob.disabled=true -Dfile.encoding=utf8 -XX:+UseParallelGC -XX:GCTimeRatio=4 -XX:AdaptiveSizePolicyWeight=90 -Dsun.zip.disableMemoryMapping=true -Xmx2G -Xms100m -Xlog:disable -javaagent:c:\Users\DELL\.vscode\extensions\redhat.java-1.53.0-win32-x64\lombok\lombok-1.18.39-4050.jar -XX:+HeapDumpOnOutOfMemoryError -XX:HeapDumpPath=c:\Users\DELL\AppData\Roaming\Code\User\workspaceStorage\c4577e2df24de4a98b84820b062c811c\redhat.java -Daether.dependencyCollector.impl=bf c:\Users\DELL\.vscode\extensions\redhat.java-1.53.0-win32-x64\server\plugins\org.eclipse.equinox.launcher_1.7.100.v20251111-0406.jar -configuration c:\Users\DELL\AppData\Roaming\Code\User\globalStorage\redhat.java\1.53.0\config_win -data c:\Users\DELL\AppData\Roaming\Code\User\workspaceStorage\c4577e2df24de4a98b84820b062c811c\redhat.java\jdt_ws --pipe=\\.\pipe\lsp-78e405956cd89764d15408670ff863d4-sock

Host: 11th Gen Intel(R) Core(TM) i3-1125G4 @ 2.00GHz, 8 cores, 3G,  Windows 10 , 64 bit Build 19041 (10.0.19041.4842)
Time: Fri Mar 27 15:55:07 2026 SE Asia Standard Time elapsed time: 3.393159 seconds (0d 0h 0m 3s)

---------------  T H R E A D  ---------------

Current thread (0x000002a21d25e7b0):  JavaThread "C2 CompilerThread0" daemon [_thread_in_native, id=7436, stack(0x000000e8af000000,0x000000e8af100000) (1024K)]


Current CompileTask:
C2:3393 3068       4       java.lang.invoke.MethodType::makeImpl (109 bytes)

Stack: [0x000000e8af000000,0x000000e8af100000]
Native frames: (J=compiled Java code, j=interpreted, Vv=VM code, C=native code)
V  [jvm.dll+0x6d7a39]
V  [jvm.dll+0x8b4b26]
V  [jvm.dll+0x8b70de]
V  [jvm.dll+0x8b77c3]
V  [jvm.dll+0x284346]
V  [jvm.dll+0xc66ed]
V  [jvm.dll+0xc6c31]
V  [jvm.dll+0x2fb29e]
V  [jvm.dll+0x5fe884]
V  [jvm.dll+0x255b17]
V  [jvm.dll+0x24dc0b]
V  [jvm.dll+0x24ba42]
V  [jvm.dll+0x1cb34e]
V  [jvm.dll+0x25b85d]
V  [jvm.dll+0x259dea]
V  [jvm.dll+0x3f857e]
V  [jvm.dll+0x85f59d]
V  [jvm.dll+0x6d626d]
C  [ucrtbase.dll+0x21bb2]
C  [KERNEL32.DLL+0x17374]
C  [ntdll.dll+0x4cc91]


---------------  P R O C E S S  ---------------

Threads class SMR info:
_java_thread_list=0x000002a264e61550, length=21, elements={
0x000002a2045df4c0, 0x000002a21d24e750, 0x000002a21d24fb00, 0x000002a21d255870,
0x000002a21d256750, 0x000002a21d2573b0, 0x000002a21d25ac40, 0x000002a21d25e7b0,
0x000002a25fbc8070, 0x000002a25fda8b20, 0x000002a25fe34bd0, 0x000002a2646bf8d0,
0x000002a264621480, 0x000002a2645f2760, 0x000002a2645f2dd0, 0x000002a264de27d0,
0x000002a264db5980, 0x000002a264b50c40, 0x000002a264e55ea0, 0x000002a264e58600,
0x000002a264e57f70
}

Java Threads: ( => current thread )
  0x000002a2045df4c0 JavaThread "main"                              [_thread_blocked, id=13800, stack(0x000000e8ae600000,0x000000e8ae700000) (1024K)]
  0x000002a21d24e750 JavaThread "Reference Handler"          daemon [_thread_blocked, id=12544, stack(0x000000e8aea00000,0x000000e8aeb00000) (1024K)]
  0x000002a21d24fb00 JavaThread "Finalizer"                  daemon [_thread_blocked, id=12468, stack(0x000000e8aeb00000,0x000000e8aec00000) (1024K)]
  0x000002a21d255870 JavaThread "Signal Dispatcher"          daemon [_thread_blocked, id=8860, stack(0x000000e8aec00000,0x000000e8aed00000) (1024K)]
  0x000002a21d256750 JavaThread "Attach Listener"            daemon [_thread_blocked, id=17400, stack(0x000000e8aed00000,0x000000e8aee00000) (1024K)]
  0x000002a21d2573b0 JavaThread "Service Thread"             daemon [_thread_blocked, id=1600, stack(0x000000e8aee00000,0x000000e8aef00000) (1024K)]
  0x000002a21d25ac40 JavaThread "Monitor Deflation Thread"   daemon [_thread_blocked, id=11524, stack(0x000000e8aef00000,0x000000e8af000000) (1024K)]
=>0x000002a21d25e7b0 JavaThread "C2 CompilerThread0"         daemon [_thread_in_native, id=7436, stack(0x000000e8af000000,0x000000e8af100000) (1024K)]
  0x000002a25fbc8070 JavaThread "C1 CompilerThread0"         daemon [_thread_in_native, id=2392, stack(0x000000e8af100000,0x000000e8af200000) (1024K)]
  0x000002a25fda8b20 JavaThread "Common-Cleaner"             daemon [_thread_blocked, id=11068, stack(0x000000e8af200000,0x000000e8af300000) (1024K)]
  0x000002a25fe34bd0 JavaThread "Notification Thread"        daemon [_thread_blocked, id=13720, stack(0x000000e8af300000,0x000000e8af400000) (1024K)]
  0x000002a2646bf8d0 JavaThread "Active Thread: Equinox Container: dfd508f1-8374-4130-a6d5-e04e7f476115"        [_thread_blocked, id=11980, stack(0x000000e8afa00000,0x000000e8afb00000) (1024K)]
  0x000002a264621480 JavaThread "Refresh Thread: Equinox Container: dfd508f1-8374-4130-a6d5-e04e7f476115" daemon [_thread_blocked, id=10364, stack(0x000000e8afc00000,0x000000e8afd00000) (1024K)]
  0x000002a2645f2760 JavaThread "Framework Event Dispatcher: Equinox Container: dfd508f1-8374-4130-a6d5-e04e7f476115" daemon [_thread_blocked, id=10808, stack(0x000000e8afd00000,0x000000e8afe00000) (1024K)]
  0x000002a2645f2dd0 JavaThread "Start Level: Equinox Container: dfd508f1-8374-4130-a6d5-e04e7f476115" daemon [_thread_in_vm, id=16468, stack(0x000000e8afe00000,0x000000e8aff00000) (1024K)]
  0x000002a264de27d0 JavaThread "Bundle File Closer"         daemon [_thread_blocked, id=10376, stack(0x000000e8aff00000,0x000000e8b0000000) (1024K)]
  0x000002a264db5980 JavaThread "SCR Component Actor"        daemon [_thread_blocked, id=1584, stack(0x000000e8b0000000,0x000000e8b0100000) (1024K)]
  0x000002a264b50c40 JavaThread "Worker-JM"                         [_thread_blocked, id=9756, stack(0x000000e8b0100000,0x000000e8b0200000) (1024K)]
  0x000002a264e55ea0 JavaThread "JNA Cleaner"                daemon [_thread_blocked, id=11008, stack(0x000000e8b0200000,0x000000e8b0300000) (1024K)]
  0x000002a264e58600 JavaThread "Worker-0: Checking project encoding"        [_thread_blocked, id=16364, stack(0x000000e8b0300000,0x000000e8b0400000) (1024K)]
  0x000002a264e57f70 JavaThread "Worker-1"                          [_thread_blocked, id=2512, stack(0x000000e8b0400000,0x000000e8b0500000) (1024K)]
Total: 21

Other Threads:
  0x000002a21d242e90 VMThread "VM Thread"                           [id=9964, stack(0x000000e8ae900000,0x000000e8aea00000) (1024K)]
  0x000002a206850f70 WatcherThread "VM Periodic Task Thread"        [id=10356, stack(0x000000e8ae800000,0x000000e8ae900000) (1024K)]
  0x000002a2067fff50 WorkerThread "GC Thread#0"                     [id=792, stack(0x000000e8ae700000,0x000000e8ae800000) (1024K)]
  0x000002a264300230 WorkerThread "GC Thread#1"                     [id=10856, stack(0x000000e8af400000,0x000000e8af500000) (1024K)]
  0x000002a264300df0 WorkerThread "GC Thread#2"                     [id=11152, stack(0x000000e8af500000,0x000000e8af600000) (1024K)]
  0x000002a26466bf20 WorkerThread "GC Thread#3"                     [id=17008, stack(0x000000e8af600000,0x000000e8af700000) (1024K)]
  0x000002a26466c2d0 WorkerThread "GC Thread#4"                     [id=148, stack(0x000000e8af700000,0x000000e8af800000) (1024K)]
  0x000002a26466c680 WorkerThread "GC Thread#5"                     [id=6852, stack(0x000000e8af800000,0x000000e8af900000) (1024K)]
  0x000002a26466ca30 WorkerThread "GC Thread#6"                     [id=10672, stack(0x000000e8af900000,0x000000e8afa00000) (1024K)]
  0x000002a26465b960 WorkerThread "GC Thread#7"                     [id=4584, stack(0x000000e8afb00000,0x000000e8afc00000) (1024K)]
Total: 10

Threads with active compile tasks:
C2 CompilerThread0  3480 3068       4       java.lang.invoke.MethodType::makeImpl (109 bytes)
Total: 1

VM state: not at safepoint (normal execution)

VM Mutex/Monitor currently owned by a thread: None

Heap address: 0x0000000080000000, size: 2048 MB, Compressed Oops mode: 32-bit

CDS archive(s) mapped at: [0x000002a21e000000-0x000002a21eba0000-0x000002a21eba0000), size 12189696, SharedBaseAddress: 0x000002a21e000000, ArchiveRelocationMode: 1.
Compressed class space mapped at: 0x000002a21f000000-0x000002a25f000000, reserved size: 1073741824
Narrow klass base: 0x000002a21e000000, Narrow klass shift: 0, Narrow klass range: 0x100000000

GC Precious Log:
 CardTable entry size: 512
 CPUs: 8 total, 8 available
 Memory: 3822M
 Large Page Support: Disabled
 NUMA Support: Disabled
 Compressed Oops: Enabled (32-bit)
 Alignments: Space 512K, Generation 512K, Heap 2M
 Heap Min Capacity: 100M
 Heap Initial Capacity: 100M
 Heap Max Capacity: 2G
 Pre-touch: Disabled
 Parallel Workers: 8

Heap:
 PSYoungGen      total 29184K, used 15665K [0x00000000d5580000, 0x00000000d7900000, 0x0000000100000000)
  eden space 25088K, 46% used [0x00000000d5580000,0x00000000d60d0d18,0x00000000d6e00000)
  from space 4096K, 99% used [0x00000000d6e80000,0x00000000d727b748,0x00000000d7280000)
  to   space 5632K, 0% used [0x00000000d7380000,0x00000000d7380000,0x00000000d7900000)
 ParOldGen       total 68608K, used 7988K [0x0000000080000000, 0x0000000084300000, 0x00000000d5580000)
  object space 68608K, 11% used [0x0000000080000000,0x00000000807cd3a8,0x0000000084300000)
 Metaspace       used 17246K, committed 17856K, reserved 1114112K
  class space    used 1818K, committed 2048K, reserved 1048576K

Card table byte_map: [0x000002a206180000,0x000002a206590000] _byte_map_base: 0x000002a205d80000

Marking Bits: (ParMarkBitMap*) 0x00007fff79c13450
 Begin Bits: [0x000002a218c80000, 0x000002a21ac80000)
 End Bits:   [0x000002a21ac80000, 0x000002a21cc80000)

Polling page: 0x000002a204850000

Metaspace:

Usage:
  Non-class:     15.07 MB used.
      Class:      1.78 MB used.
       Both:     16.84 MB used.

Virtual space:
  Non-class space:       64.00 MB reserved,      15.44 MB ( 24%) committed,  1 nodes.
      Class space:        1.00 GB reserved,       2.00 MB ( <1%) committed,  1 nodes.
             Both:        1.06 GB reserved,      17.44 MB (  2%) committed. 

Chunk freelists:
   Non-Class:  15.92 MB
       Class:  13.94 MB
        Both:  29.86 MB

MaxMetaspaceSize: unlimited
CompressedClassSpaceSize: 1.00 GB
Initial GC threshold: 21.00 MB
Current GC threshold: 21.00 MB
CDS: on
 - commit_granule_bytes: 65536.
 - commit_granule_words: 8192.
 - virtual_space_node_default_size: 8388608.
 - enlarge_chunks_in_place: 1.
 - use_allocation_guard: 0.


Internal statistics:

num_allocs_failed_limit: 0.
num_arena_births: 502.
num_arena_deaths: 0.
num_vsnodes_births: 2.
num_vsnodes_deaths: 0.
num_space_committed: 279.
num_space_uncommitted: 0.
num_chunks_returned_to_freelist: 0.
num_chunks_taken_from_freelist: 1133.
num_chunk_merges: 0.
num_chunk_splits: 714.
num_chunks_enlarged: 457.
num_inconsistent_stats: 0.

CodeHeap 'non-profiled nmethods': size=120000Kb used=1313Kb max_used=1313Kb free=118686Kb
 bounds [0x000002a2114a0000, 0x000002a211710000, 0x000002a2189d0000]
CodeHeap 'profiled nmethods': size=120000Kb used=6377Kb max_used=6377Kb free=113622Kb
 bounds [0x000002a2099d0000, 0x000002a20a010000, 0x000002a210f00000]
CodeHeap 'non-nmethods': size=5760Kb used=1282Kb max_used=1296Kb free=4477Kb
 bounds [0x000002a210f00000, 0x000002a211170000, 0x000002a2114a0000]
CodeCache: size=245760Kb, used=8972Kb, max_used=8986Kb, free=236785Kb
 total_blobs=3682, nmethods=3134, adapters=454, full_count=0
Compilation: enabled, stopped_count=0, restarted_count=0

Compilation events (20 events):
Event: 3.374 Thread 0x000002a25fbc8070 3075       3       java.lang.reflect.Field::set (43 bytes)
Event: 3.375 Thread 0x000002a25fbc8070 nmethod 3075 0x000002a209feff90 code [0x000002a209ff01c0, 0x000002a209ff0728]
Event: 3.375 Thread 0x000002a25fbc8070 3077       3       jdk.internal.reflect.MethodHandleFieldAccessorImpl::isReadOnly (16 bytes)
Event: 3.375 Thread 0x000002a25fbc8070 nmethod 3077 0x000002a209ff0910 code [0x000002a209ff0aa0, 0x000002a209ff0c08]
Event: 3.375 Thread 0x000002a25fbc8070 3076       3       jdk.internal.reflect.MethodHandleFieldAccessorImpl::ensureObj (30 bytes)
Event: 3.375 Thread 0x000002a25fbc8070 nmethod 3076 0x000002a209ff0c90 code [0x000002a209ff0ea0, 0x000002a209ff1470]
Event: 3.375 Thread 0x000002a25fbc8070 3078   !   3       jdk.internal.reflect.MethodHandleObjectFieldAccessorImpl::set (70 bytes)
Event: 3.377 Thread 0x000002a25fbc8070 nmethod 3078 0x000002a209ff1690 code [0x000002a209ff1a40, 0x000002a209ff35e8]
Event: 3.377 Thread 0x000002a25fbc8070 3079       3       java.lang.invoke.MethodHandle::bindArgumentL (10 bytes)
Event: 3.377 Thread 0x000002a25fbc8070 nmethod 3079 0x000002a209ff4090 code [0x000002a209ff42a0, 0x000002a209ff48e8]
Event: 3.379 Thread 0x000002a25fbc8070 3080 %     3       java.io.WinNTFileSystem::normalize @ 22 (143 bytes)
Event: 3.379 Thread 0x000002a25fbc8070 nmethod 3080% 0x000002a209ff4b90 code [0x000002a209ff4e20, 0x000002a209ff59c8]
Event: 3.386 Thread 0x000002a25fbc8070 3082       3       java.util.concurrent.ConcurrentLinkedQueue::<init> (21 bytes)
Event: 3.387 Thread 0x000002a25fbc8070 nmethod 3082 0x000002a209ff5e90 code [0x000002a209ff6060, 0x000002a209ff63d8]
Event: 3.387 Thread 0x000002a25fbc8070 3083       3       java.util.concurrent.ConcurrentLinkedQueue$Node::<init> (5 bytes)
Event: 3.387 Thread 0x000002a25fbc8070 nmethod 3083 0x000002a209ff6590 code [0x000002a209ff6740, 0x000002a209ff68a8]
Event: 3.387 Thread 0x000002a25fbc8070 3085       3       java.lang.invoke.InfoFromMemberName::getModifiers (8 bytes)
Event: 3.387 Thread 0x000002a25fbc8070 nmethod 3085 0x000002a209ff6990 code [0x000002a209ff6b40, 0x000002a209ff6cb8]
Event: 3.387 Thread 0x000002a25fbc8070 3087       3       java.lang.invoke.MemberName::asSpecial (89 bytes)
Event: 3.388 Thread 0x000002a25fbc8070 nmethod 3087 0x000002a209ff6d90 code [0x000002a209ff7060, 0x000002a209ff7cc8]

GC Heap History (10 events):
Event: 1.012 GC heap before
{Heap before GC invocations=1 (full 0):
 PSYoungGen      total 29696K, used 25600K [0x00000000d5580000, 0x00000000d7680000, 0x0000000100000000)
  eden space 25600K, 100% used [0x00000000d5580000,0x00000000d6e80000,0x00000000d6e80000)
  from space 4096K, 0% used [0x00000000d7280000,0x00000000d7280000,0x00000000d7680000)
  to   space 4096K, 0% used [0x00000000d6e80000,0x00000000d6e80000,0x00000000d7280000)
 ParOldGen       total 68608K, used 0K [0x0000000080000000, 0x0000000084300000, 0x00000000d5580000)
  object space 68608K, 0% used [0x0000000080000000,0x0000000080000000,0x0000000084300000)
 Metaspace       used 4339K, committed 4608K, reserved 1114112K
  class space    used 473K, committed 576K, reserved 1048576K
}
Event: 1.027 GC heap after
{Heap after GC invocations=1 (full 0):
 PSYoungGen      total 29696K, used 3312K [0x00000000d5580000, 0x00000000d7680000, 0x0000000100000000)
  eden space 25600K, 0% used [0x00000000d5580000,0x00000000d5580000,0x00000000d6e80000)
  from space 4096K, 80% used [0x00000000d6e80000,0x00000000d71bc148,0x00000000d7280000)
  to   space 4096K, 0% used [0x00000000d7280000,0x00000000d7280000,0x00000000d7680000)
 ParOldGen       total 68608K, used 0K [0x0000000080000000, 0x0000000084300000, 0x00000000d5580000)
  object space 68608K, 0% used [0x0000000080000000,0x0000000080000000,0x0000000084300000)
 Metaspace       used 4339K, committed 4608K, reserved 1114112K
  class space    used 473K, committed 576K, reserved 1048576K
}
Event: 1.774 GC heap before
{Heap before GC invocations=2 (full 0):
 PSYoungGen      total 29696K, used 28912K [0x00000000d5580000, 0x00000000d7680000, 0x0000000100000000)
  eden space 25600K, 100% used [0x00000000d5580000,0x00000000d6e80000,0x00000000d6e80000)
  from space 4096K, 80% used [0x00000000d6e80000,0x00000000d71bc148,0x00000000d7280000)
  to   space 4096K, 0% used [0x00000000d7280000,0x00000000d7280000,0x00000000d7680000)
 ParOldGen       total 68608K, used 0K [0x0000000080000000, 0x0000000084300000, 0x00000000d5580000)
  object space 68608K, 0% used [0x0000000080000000,0x0000000080000000,0x0000000084300000)
 Metaspace       used 7982K, committed 8256K, reserved 1114112K
  class space    used 829K, committed 960K, reserved 1048576K
}
Event: 1.781 GC heap after
{Heap after GC invocations=2 (full 0):
 PSYoungGen      total 29696K, used 4086K [0x00000000d5580000, 0x00000000d7680000, 0x0000000100000000)
  eden space 25600K, 0% used [0x00000000d5580000,0x00000000d5580000,0x00000000d6e80000)
  from space 4096K, 99% used [0x00000000d7280000,0x00000000d767d810,0x00000000d7680000)
  to   space 4096K, 0% used [0x00000000d6e80000,0x00000000d6e80000,0x00000000d7280000)
 ParOldGen       total 68608K, used 2083K [0x0000000080000000, 0x0000000084300000, 0x00000000d5580000)
  object space 68608K, 3% used [0x0000000080000000,0x0000000080208ff8,0x0000000084300000)
 Metaspace       used 7982K, committed 8256K, reserved 1114112K
  class space    used 829K, committed 960K, reserved 1048576K
}
Event: 2.258 GC heap before
{Heap before GC invocations=3 (full 0):
 PSYoungGen      total 29696K, used 29603K [0x00000000d5580000, 0x00000000d7680000, 0x0000000100000000)
  eden space 25600K, 99% used [0x00000000d5580000,0x00000000d6e6b700,0x00000000d6e80000)
  from space 4096K, 99% used [0x00000000d7280000,0x00000000d767d810,0x00000000d7680000)
  to   space 4096K, 0% used [0x00000000d6e80000,0x00000000d6e80000,0x00000000d7280000)
 ParOldGen       total 68608K, used 2083K [0x0000000080000000, 0x0000000084300000, 0x00000000d5580000)
  object space 68608K, 3% used [0x0000000080000000,0x0000000080208ff8,0x0000000084300000)
 Metaspace       used 9431K, committed 9728K, reserved 1114112K
  class space    used 1004K, committed 1152K, reserved 1048576K
}
Event: 2.264 GC heap after
{Heap after GC invocations=3 (full 0):
 PSYoungGen      total 29696K, used 4089K [0x00000000d5580000, 0x00000000d7680000, 0x0000000100000000)
  eden space 25600K, 0% used [0x00000000d5580000,0x00000000d5580000,0x00000000d6e80000)
  from space 4096K, 99% used [0x00000000d6e80000,0x00000000d727e538,0x00000000d7280000)
  to   space 4096K, 0% used [0x00000000d7280000,0x00000000d7280000,0x00000000d7680000)
 ParOldGen       total 68608K, used 5032K [0x0000000080000000, 0x0000000084300000, 0x00000000d5580000)
  object space 68608K, 7% used [0x0000000080000000,0x00000000804ea0c0,0x0000000084300000)
 Metaspace       used 9431K, committed 9728K, reserved 1114112K
  class space    used 1004K, committed 1152K, reserved 1048576K
}
Event: 2.769 GC heap before
{Heap before GC invocations=4 (full 0):
 PSYoungGen      total 29696K, used 29689K [0x00000000d5580000, 0x00000000d7680000, 0x0000000100000000)
  eden space 25600K, 100% used [0x00000000d5580000,0x00000000d6e80000,0x00000000d6e80000)
  from space 4096K, 99% used [0x00000000d6e80000,0x00000000d727e538,0x00000000d7280000)
  to   space 4096K, 0% used [0x00000000d7280000,0x00000000d7280000,0x00000000d7680000)
 ParOldGen       total 68608K, used 5032K [0x0000000080000000, 0x0000000084300000, 0x00000000d5580000)
  object space 68608K, 7% used [0x0000000080000000,0x00000000804ea0c0,0x0000000084300000)
 Metaspace       used 11652K, committed 12032K, reserved 1114112K
  class space    used 1229K, committed 1408K, reserved 1048576K
}
Event: 2.775 GC heap after
{Heap after GC invocations=4 (full 0):
 PSYoungGen      total 29696K, used 4069K [0x00000000d5580000, 0x00000000d7680000, 0x0000000100000000)
  eden space 25600K, 0% used [0x00000000d5580000,0x00000000d5580000,0x00000000d6e80000)
  from space 4096K, 99% used [0x00000000d7280000,0x00000000d76797a8,0x00000000d7680000)
  to   space 4096K, 0% used [0x00000000d6e80000,0x00000000d6e80000,0x00000000d7280000)
 ParOldGen       total 68608K, used 6585K [0x0000000080000000, 0x0000000084300000, 0x00000000d5580000)
  object space 68608K, 9% used [0x0000000080000000,0x000000008066e670,0x0000000084300000)
 Metaspace       used 11652K, committed 12032K, reserved 1114112K
  class space    used 1229K, committed 1408K, reserved 1048576K
}
Event: 3.237 GC heap before
{Heap before GC invocations=5 (full 0):
 PSYoungGen      total 29696K, used 29668K [0x00000000d5580000, 0x00000000d7680000, 0x0000000100000000)
  eden space 25600K, 99% used [0x00000000d5580000,0x00000000d6e7fad8,0x00000000d6e80000)
  from space 4096K, 99% used [0x00000000d7280000,0x00000000d76797a8,0x00000000d7680000)
  to   space 4096K, 0% used [0x00000000d6e80000,0x00000000d6e80000,0x00000000d7280000)
 ParOldGen       total 68608K, used 6585K [0x0000000080000000, 0x0000000084300000, 0x00000000d5580000)
  object space 68608K, 9% used [0x0000000080000000,0x000000008066e670,0x0000000084300000)
 Metaspace       used 15543K, committed 16128K, reserved 1114112K
  class space    used 1619K, committed 1856K, reserved 1048576K
}
Event: 3.244 GC heap after
{Heap after GC invocations=5 (full 0):
 PSYoungGen      total 29184K, used 4077K [0x00000000d5580000, 0x00000000d7900000, 0x0000000100000000)
  eden space 25088K, 0% used [0x00000000d5580000,0x00000000d5580000,0x00000000d6e00000)
  from space 4096K, 99% used [0x00000000d6e80000,0x00000000d727b748,0x00000000d7280000)
  to   space 5632K, 0% used [0x00000000d7380000,0x00000000d7380000,0x00000000d7900000)
 ParOldGen       total 68608K, used 7988K [0x0000000080000000, 0x0000000084300000, 0x00000000d5580000)
  object space 68608K, 11% used [0x0000000080000000,0x00000000807cd3a8,0x0000000084300000)
 Metaspace       used 15543K, committed 16128K, reserved 1114112K
  class space    used 1619K, committed 1856K, reserved 1048576K
}

Dll operation events (10 events):
Event: 0.011 Loaded shared library c:\Users\DELL\.vscode\extensions\redhat.java-1.53.0-win32-x64\jre\21.0.10-win32-x86_64\bin\java.dll
Event: 0.105 Loaded shared library c:\Users\DELL\.vscode\extensions\redhat.java-1.53.0-win32-x64\jre\21.0.10-win32-x86_64\bin\zip.dll
Event: 0.130 Loaded shared library C:\Users\DELL\.vscode\extensions\redhat.java-1.53.0-win32-x64\jre\21.0.10-win32-x86_64\bin\instrument.dll
Event: 0.136 Loaded shared library C:\Users\DELL\.vscode\extensions\redhat.java-1.53.0-win32-x64\jre\21.0.10-win32-x86_64\bin\net.dll
Event: 0.140 Loaded shared library C:\Users\DELL\.vscode\extensions\redhat.java-1.53.0-win32-x64\jre\21.0.10-win32-x86_64\bin\nio.dll
Event: 0.145 Loaded shared library C:\Users\DELL\.vscode\extensions\redhat.java-1.53.0-win32-x64\jre\21.0.10-win32-x86_64\bin\zip.dll
Event: 0.169 Loaded shared library C:\Users\DELL\.vscode\extensions\redhat.java-1.53.0-win32-x64\jre\21.0.10-win32-x86_64\bin\jimage.dll
Event: 0.277 Loaded shared library c:\Users\DELL\.vscode\extensions\redhat.java-1.53.0-win32-x64\jre\21.0.10-win32-x86_64\bin\verify.dll
Event: 1.811 Loaded shared library C:\Users\DELL\AppData\Roaming\Code\User\globalStorage\redhat.java\1.53.0\config_win\org.eclipse.equinox.launcher\org.eclipse.equinox.launcher.win32.win32.x86_64_1.3.0.v20260203-2149\eclipse_11919.dll
Event: 3.333 Loaded shared library C:\Users\DELL\AppData\Local\Temp\jna-2094529\jna15745863154034818607.dll

Deoptimization events (20 events):
Event: 3.236 Thread 0x000002a2645f2dd0 Uncommon trap: trap_request=0xffffff45 fr.pc=0x000002a2115b821c relative=0x0000000000000b5c
Event: 3.236 Thread 0x000002a2645f2dd0 Uncommon trap: reason=unstable_if action=reinterpret pc=0x000002a2115b821c method=java.io.DataInputStream.readFully([BII)V @ 37 c2
Event: 3.236 Thread 0x000002a2645f2dd0 DEOPT PACKING pc=0x000002a2115b821c sp=0x000000e8afef9320
Event: 3.236 Thread 0x000002a2645f2dd0 DEOPT UNPACKING pc=0x000002a210f56da2 sp=0x000000e8afef9330 mode 2
Event: 3.251 Thread 0x000002a2645f2dd0 Uncommon trap: trap_request=0xffffff45 fr.pc=0x000002a2115ade90 relative=0x0000000000000070
Event: 3.251 Thread 0x000002a2645f2dd0 Uncommon trap: reason=unstable_if action=reinterpret pc=0x000002a2115ade90 method=java.lang.ref.ReferenceQueue.poll()Ljava/lang/ref/Reference; @ 4 c2
Event: 3.251 Thread 0x000002a2645f2dd0 DEOPT PACKING pc=0x000002a2115ade90 sp=0x000000e8afef60a0
Event: 3.251 Thread 0x000002a2645f2dd0 DEOPT UNPACKING pc=0x000002a210f56da2 sp=0x000000e8afef6028 mode 2
Event: 3.280 Thread 0x000002a2645f2dd0 Uncommon trap: trap_request=0xffffff45 fr.pc=0x000002a21152ee18 relative=0x0000000000000238
Event: 3.280 Thread 0x000002a2645f2dd0 Uncommon trap: reason=unstable_if action=reinterpret pc=0x000002a21152ee18 method=java.io.BufferedInputStream.read1([BII)I @ 34 c2
Event: 3.280 Thread 0x000002a2645f2dd0 DEOPT PACKING pc=0x000002a21152ee18 sp=0x000000e8afef8d10
Event: 3.280 Thread 0x000002a2645f2dd0 DEOPT UNPACKING pc=0x000002a210f56da2 sp=0x000000e8afef8ca8 mode 2
Event: 3.293 Thread 0x000002a2645f2dd0 Uncommon trap: trap_request=0xffffff45 fr.pc=0x000002a211555914 relative=0x0000000000000234
Event: 3.293 Thread 0x000002a2645f2dd0 Uncommon trap: reason=unstable_if action=reinterpret pc=0x000002a211555914 method=java.io.WinNTFileSystem.normalize(Ljava/lang/String;)Ljava/lang/String; @ 128 c2
Event: 3.293 Thread 0x000002a2645f2dd0 DEOPT PACKING pc=0x000002a211555914 sp=0x000000e8afef7520
Event: 3.293 Thread 0x000002a2645f2dd0 DEOPT UNPACKING pc=0x000002a210f56da2 sp=0x000000e8afef7498 mode 2
Event: 3.295 Thread 0x000002a2645f2dd0 Uncommon trap: trap_request=0xffffff45 fr.pc=0x000002a2114d72ac relative=0x000000000000068c
Event: 3.295 Thread 0x000002a2645f2dd0 Uncommon trap: reason=unstable_if action=reinterpret pc=0x000002a2114d72ac method=java.lang.String.replace(Ljava/lang/CharSequence;Ljava/lang/CharSequence;)Ljava/lang/String; @ 42 c2
Event: 3.295 Thread 0x000002a2645f2dd0 DEOPT PACKING pc=0x000002a2114d72ac sp=0x000000e8afef7610
Event: 3.295 Thread 0x000002a2645f2dd0 DEOPT UNPACKING pc=0x000002a210f56da2 sp=0x000000e8afef7590 mode 2

Classes loaded (20 events):
Event: 3.334 Loading class jdk/internal/loader/NativeLibraries$Unloader
Event: 3.334 Loading class jdk/internal/loader/NativeLibraries$Unloader done
Event: 3.349 Loading class java/lang/annotation/Documented
Event: 3.349 Loading class java/lang/annotation/Documented done
Event: 3.350 Loading class java/lang/reflect/UndeclaredThrowableException
Event: 3.351 Loading class java/lang/reflect/UndeclaredThrowableException done
Event: 3.351 Loading class java/lang/Class$AnnotationData
Event: 3.351 Loading class java/lang/Class$AnnotationData done
Event: 3.353 Loading class jdk/internal/reflect/MethodHandleIntegerFieldAccessorImpl
Event: 3.353 Loading class jdk/internal/reflect/MethodHandleIntegerFieldAccessorImpl done
Event: 3.365 Loading class java/io/PrintWriter
Event: 3.365 Loading class java/io/PrintWriter done
Event: 3.372 Loading class jdk/internal/reflect/MethodHandleShortFieldAccessorImpl
Event: 3.372 Loading class jdk/internal/reflect/MethodHandleShortFieldAccessorImpl done
Event: 3.373 Loading class java/lang/Short$ShortCache
Event: 3.373 Loading class java/lang/Short$ShortCache done
Event: 3.388 Loading class java/util/function/LongUnaryOperator
Event: 3.388 Loading class java/util/function/LongUnaryOperator done
Event: 3.389 Loading class java/lang/ThreadDeath
Event: 3.389 Loading class java/lang/ThreadDeath done

Classes unloaded (0 events):
No events

Classes redefined (0 events):
No events

Internal exceptions (20 events):
Event: 2.982 Thread 0x000002a2645f2dd0 Exception <a 'java/lang/NoSuchMethodError'{0x00000000d5f570f0}: 'java.lang.Object java.lang.invoke.Invokers$Holder.linkToTargetMethod(java.lang.Object, long, java.lang.Object)'> (0x00000000d5f570f0) 
thrown [s\src\hotspot\share\interpreter\linkResolver.cpp, line 773]
Event: 3.057 Thread 0x000002a2645f2dd0 Exception <a 'java/lang/NoSuchMethodError'{0x00000000d6499268}: 'void java.lang.invoke.Invokers$Holder.invokeExact_MT(java.lang.Object, java.lang.Object, java.lang.Object)'> (0x00000000d6499268) 
thrown [s\src\hotspot\share\interpreter\linkResolver.cpp, line 773]
Event: 3.125 Thread 0x000002a2645f2dd0 Exception <a 'java/lang/NoSuchMethodError'{0x00000000d679fce0}: 'java.lang.Object java.lang.invoke.DirectMethodHandle$Holder.invokeVirtual(java.lang.Object, java.lang.Object, java.lang.Object)'> (0x00000000d679fce0) 
thrown [s\src\hotspot\share\interpreter\linkResolver.cpp, line 773]
Event: 3.127 Thread 0x000002a2645f2dd0 Exception <a 'java/lang/NoSuchMethodError'{0x00000000d67b8078}: 'java.lang.Object java.lang.invoke.DelegatingMethodHandle$Holder.reinvoke_L(java.lang.Object, java.lang.Object, java.lang.Object, java.lang.Object, int, int)'> (0x00000000d67b8078) 
thrown [s\src\hotspot\share\interpreter\linkResolver.cpp, line 773]
Event: 3.130 Thread 0x000002a2645f2dd0 Exception <a 'java/lang/NoSuchMethodError'{0x00000000d67d4ff8}: 'java.lang.Object java.lang.invoke.DirectMethodHandle$Holder.newInvokeSpecial(java.lang.Object, java.lang.Object, java.lang.Object, java.lang.Object, java.lang.Object, java.lang.Object)'> (0x00000000d67d4ff8) 
thrown [s\src\hotspot\share\interpreter\linkResolver.cpp, line 773]
Event: 3.132 Thread 0x000002a2645f2dd0 Exception <a 'java/lang/NoSuchMethodError'{0x00000000d68013e0}: 'void java.lang.invoke.Invokers$Holder.invokeExact_MT(java.lang.Object, java.lang.Object, java.lang.Object, java.lang.Object)'> (0x00000000d68013e0) 
thrown [s\src\hotspot\share\interpreter\linkResolver.cpp, line 773]
Event: 3.183 Thread 0x000002a2645f2dd0 Exception <a 'java/io/FileNotFoundException'{0x00000000d6aeaf50}> (0x00000000d6aeaf50) 
thrown [s\src\hotspot\share\prims\jni.cpp, line 520]
Event: 3.184 Thread 0x000002a2645f2dd0 Exception <a 'java/io/FileNotFoundException'{0x00000000d6af29f8}> (0x00000000d6af29f8) 
thrown [s\src\hotspot\share\prims\jni.cpp, line 520]
Event: 3.230 Thread 0x000002a2645f2dd0 Exception <a 'java/lang/NoSuchMethodError'{0x00000000d6e19358}: 'java.lang.Object java.lang.invoke.DirectMethodHandle$Holder.newInvokeSpecial(java.lang.Object, java.lang.Object, java.lang.Object, java.lang.Object, java.lang.Object)'> (0x00000000d6e19358) 
thrown [s\src\hotspot\share\interpreter\linkResolver.cpp, line 773]
Event: 3.266 Thread 0x000002a2645f2dd0 Exception <a 'java/lang/NoSuchMethodError'{0x00000000d56f0ec8}: 'java.lang.Object java.lang.invoke.DirectMethodHandle$Holder.invokeStaticInit(java.lang.Object, int)'> (0x00000000d56f0ec8) 
thrown [s\src\hotspot\share\interpreter\linkResolver.cpp, line 773]
Event: 3.298 Thread 0x000002a2645f2dd0 Exception <a 'java/lang/NoSuchMethodError'{0x00000000d5990bb8}: 'java.lang.Object java.lang.invoke.DirectMethodHandle$Holder.invokeStaticInit(java.lang.Object, int, int, int, int)'> (0x00000000d5990bb8) 
thrown [s\src\hotspot\share\interpreter\linkResolver.cpp, line 773]
Event: 3.320 Thread 0x000002a2645f2dd0 Exception <a 'java/lang/NoSuchMethodError'{0x00000000d5a97148}: 'java.lang.Object java.lang.invoke.DirectMethodHandle$Holder.invokeStaticInit(java.lang.Object, java.lang.Object, int, int, int, int)'> (0x00000000d5a97148) 
thrown [s\src\hotspot\share\interpreter\linkResolver.cpp, line 773]
Event: 3.353 Thread 0x000002a2645f2dd0 Exception <a 'java/lang/NoSuchMethodError'{0x00000000d5bae348}: 'void java.lang.invoke.DirectMethodHandle$Holder.invokeSpecial(java.lang.Object, java.lang.Object, java.lang.Object, int)'> (0x00000000d5bae348) 
thrown [s\src\hotspot\share\interpreter\linkResolver.cpp, line 773]
Event: 3.353 Thread 0x000002a2645f2dd0 Exception <a 'java/lang/NoSuchMethodError'{0x00000000d5bb1cd8}: 'void java.lang.invoke.DelegatingMethodHandle$Holder.reinvoke_L(java.lang.Object, java.lang.Object, int)'> (0x00000000d5bb1cd8) 
thrown [s\src\hotspot\share\interpreter\linkResolver.cpp, line 773]
Event: 3.354 Thread 0x000002a2645f2dd0 Exception <a 'java/lang/NoSuchMethodError'{0x00000000d5bb89c0}: 'int java.lang.invoke.Invokers$Holder.invokeExact_MT(java.lang.Object, java.lang.Object, java.lang.Object)'> (0x00000000d5bb89c0) 
thrown [s\src\hotspot\share\interpreter\linkResolver.cpp, line 773]
Event: 3.375 Thread 0x000002a2645f2dd0 Exception <a 'java/lang/NoSuchMethodError'{0x00000000d5d5a9e8}: 'void java.lang.invoke.Invokers$Holder.invokeExact_MT(java.lang.Object, java.lang.Object, int, java.lang.Object)'> (0x00000000d5d5a9e8) 
thrown [s\src\hotspot\share\interpreter\linkResolver.cpp, line 773]
Event: 3.387 Thread 0x000002a2645f2dd0 Exception <a 'java/lang/NoSuchMethodError'{0x00000000d5e64d38}: 'java.lang.Object java.lang.invoke.DirectMethodHandle$Holder.invokeSpecial(java.lang.Object, java.lang.Object, java.lang.Object, long, java.lang.Object)'> (0x00000000d5e64d38) 
thrown [s\src\hotspot\share\interpreter\linkResolver.cpp, line 773]
Event: 3.387 Thread 0x000002a2645f2dd0 Exception <a 'java/lang/NoSuchMethodError'{0x00000000d5e6c580}: 'java.lang.Object java.lang.invoke.DirectMethodHandle$Holder.newInvokeSpecial(java.lang.Object, java.lang.Object, java.lang.Object, long)'> (0x00000000d5e6c580) 
thrown [s\src\hotspot\share\interpreter\linkResolver.cpp, line 773]
Event: 3.387 Thread 0x000002a2645f2dd0 Exception <a 'java/lang/NoSuchMethodError'{0x00000000d5e70930}: 'java.lang.Object java.lang.invoke.DirectMethodHandle$Holder.invokeSpecial(java.lang.Object, java.lang.Object, java.lang.Object, java.lang.Object, long)'> (0x00000000d5e70930) 
thrown [s\src\hotspot\share\interpreter\linkResolver.cpp, line 773]
Event: 3.388 Thread 0x000002a2645f2dd0 Exception <a 'java/lang/NoSuchMethodError'{0x00000000d5e74550}: 'java.lang.Object java.lang.invoke.Invokers$Holder.linkToTargetMethod(java.lang.Object, java.lang.Object, long, java.lang.Object)'> (0x00000000d5e74550) 
thrown [s\src\hotspot\share\interpreter\linkResolver.cpp, line 773]

ZGC Phase Switch (0 events):
No events

VM Operations (20 events):
Event: 2.074 Executing non-safepoint VM operation: HandshakeAllThreads (Deoptimize)
Event: 2.074 Executing non-safepoint VM operation: HandshakeAllThreads (Deoptimize) done
Event: 2.258 Executing safepoint VM operation: ParallelGCFailedAllocation (Allocation Failure)
Event: 2.264 Executing safepoint VM operation: ParallelGCFailedAllocation (Allocation Failure) done
Event: 2.326 Executing non-safepoint VM operation: HandshakeAllThreads (Deoptimize)
Event: 2.326 Executing non-safepoint VM operation: HandshakeAllThreads (Deoptimize) done
Event: 2.755 Executing non-safepoint VM operation: HandshakeAllThreads (Deoptimize)
Event: 2.755 Executing non-safepoint VM operation: HandshakeAllThreads (Deoptimize) done
Event: 2.769 Executing safepoint VM operation: ParallelGCFailedAllocation (Allocation Failure)
Event: 2.775 Executing safepoint VM operation: ParallelGCFailedAllocation (Allocation Failure) done
Event: 3.196 Executing non-safepoint VM operation: HandshakeAllThreads (Deoptimize)
Event: 3.196 Executing non-safepoint VM operation: HandshakeAllThreads (Deoptimize) done
Event: 3.196 Executing safepoint VM operation: ICBufferFull
Event: 3.196 Executing safepoint VM operation: ICBufferFull done
Event: 3.237 Executing safepoint VM operation: ParallelGCFailedAllocation (Allocation Failure)
Event: 3.244 Executing safepoint VM operation: ParallelGCFailedAllocation (Allocation Failure) done
Event: 3.315 Executing non-safepoint VM operation: HandshakeAllThreads (Deoptimize)
Event: 3.315 Executing non-safepoint VM operation: HandshakeAllThreads (Deoptimize) done
Event: 3.341 Executing non-safepoint VM operation: HandshakeAllThreads (Deoptimize)
Event: 3.341 Executing non-safepoint VM operation: HandshakeAllThreads (Deoptimize) done

Memory protections (0 events):
No events

Nmethod flushes (0 events):
No events

Events (19 events):
Event: 0.036 Thread 0x000002a2045df4c0 Thread added: 0x000002a2045df4c0
Event: 0.055 Thread 0x000002a2045df4c0 Thread added: 0x000002a21d24e750
Event: 0.055 Thread 0x000002a2045df4c0 Thread added: 0x000002a21d24fb00
Event: 0.056 Thread 0x000002a2045df4c0 Thread added: 0x000002a21d255870
Event: 0.056 Thread 0x000002a2045df4c0 Thread added: 0x000002a21d256750
Event: 0.056 Thread 0x000002a2045df4c0 Thread added: 0x000002a21d2573b0
Event: 0.056 Thread 0x000002a2045df4c0 Thread added: 0x000002a21d25ac40
Event: 0.056 Thread 0x000002a2045df4c0 Thread added: 0x000002a21d25e7b0
Event: 0.056 Thread 0x000002a2045df4c0 Thread added: 0x000002a25fbc8070
Event: 0.132 Thread 0x000002a2045df4c0 Thread added: 0x000002a25fda8b20
Event: 0.396 Thread 0x000002a2045df4c0 Thread added: 0x000002a25fe34bd0
Event: 1.517 Thread 0x000002a2045df4c0 Thread added: 0x000002a2646bf8d0
Event: 1.801 Thread 0x000002a2045df4c0 Thread added: 0x000002a264621480
Event: 1.855 Thread 0x000002a264621480 Thread added: 0x000002a2645f2760
Event: 1.861 Thread 0x000002a2045df4c0 Thread added: 0x000002a2645f2dd0
Event: 2.317 Thread 0x000002a2645f2dd0 Thread added: 0x000002a264de27d0
Event: 2.746 Thread 0x000002a2645f2dd0 Thread added: 0x000002a264db5980
Event: 3.031 Thread 0x000002a2645f2dd0 Thread added: 0x000002a264b50c40
Event: 3.362 Thread 0x000002a2645f2dd0 Thread added: 0x000002a264e55ea0


Dynamic libraries:
0x00007ff7250a0000 - 0x00007ff7250ae000 	c:\Users\DELL\.vscode\extensions\redhat.java-1.53.0-win32-x64\jre\21.0.10-win32-x86_64\bin\java.exe
0x00007fffcf970000 - 0x00007fffcfb68000 	C:\WINDOWS\SYSTEM32\ntdll.dll
0x00007fffcd9a0000 - 0x00007fffcda61000 	C:\WINDOWS\System32\KERNEL32.DLL
0x00007fffcd1e0000 - 0x00007fffcd4dd000 	C:\WINDOWS\System32\KERNELBASE.dll
0x00007fffcd600000 - 0x00007fffcd700000 	C:\WINDOWS\System32\ucrtbase.dll
0x00007fffb87c0000 - 0x00007fffb87d8000 	c:\Users\DELL\.vscode\extensions\redhat.java-1.53.0-win32-x64\jre\21.0.10-win32-x86_64\bin\jli.dll
0x00007fffb8820000 - 0x00007fffb883e000 	c:\Users\DELL\.vscode\extensions\redhat.java-1.53.0-win32-x64\jre\21.0.10-win32-x86_64\bin\VCRUNTIME140.dll
0x00007fffcf760000 - 0x00007fffcf8fd000 	C:\WINDOWS\System32\USER32.dll
0x00007fffcd1b0000 - 0x00007fffcd1d2000 	C:\WINDOWS\System32\win32u.dll
0x00007fffcf900000 - 0x00007fffcf92b000 	C:\WINDOWS\System32\GDI32.dll
0x00007fffcd700000 - 0x00007fffcd817000 	C:\WINDOWS\System32\gdi32full.dll
0x00007fffbda20000 - 0x00007fffbdcba000 	C:\WINDOWS\WinSxS\amd64_microsoft.windows.common-controls_6595b64144ccf1df_6.0.19041.4355_none_60b8b9eb71f62e16\COMCTL32.dll
0x00007fffce640000 - 0x00007fffce6de000 	C:\WINDOWS\System32\msvcrt.dll
0x00007fffcd900000 - 0x00007fffcd99d000 	C:\WINDOWS\System32\msvcp_win.dll
0x00007fffcf180000 - 0x00007fffcf1af000 	C:\WINDOWS\System32\IMM32.DLL
0x0000000065a80000 - 0x0000000065a8c000 	C:\Program Files (x86)\360\Total Security\safemon\SafeWrapper.dll
0x00007fffce870000 - 0x00007fffce920000 	C:\WINDOWS\System32\ADVAPI32.dll
0x00007fffcf340000 - 0x00007fffcf3e0000 	C:\WINDOWS\System32\sechost.dll
0x00007fffce360000 - 0x00007fffce483000 	C:\WINDOWS\System32\RPCRT4.dll
0x00007fffcd020000 - 0x00007fffcd047000 	C:\WINDOWS\System32\bcrypt.dll
0x00007fff90cf0000 - 0x00007fff90d9c000 	C:\Program Files (x86)\360\Total Security\safemon\libzdtp64.dll
0x00007fffce980000 - 0x00007fffcf0ef000 	C:\WINDOWS\System32\SHELL32.dll
0x00007fffce750000 - 0x00007fffce7a5000 	C:\WINDOWS\System32\SHLWAPI.dll
0x00007fffccb80000 - 0x00007fffccb8a000 	C:\WINDOWS\SYSTEM32\VERSION.dll
0x00007fffc7170000 - 0x00007fffc717c000 	c:\Users\DELL\.vscode\extensions\redhat.java-1.53.0-win32-x64\jre\21.0.10-win32-x86_64\bin\vcruntime140_1.dll
0x00007fff80dd0000 - 0x00007fff80e5d000 	c:\Users\DELL\.vscode\extensions\redhat.java-1.53.0-win32-x64\jre\21.0.10-win32-x86_64\bin\msvcp140.dll
0x00007fff78f50000 - 0x00007fff79cf1000 	c:\Users\DELL\.vscode\extensions\redhat.java-1.53.0-win32-x64\jre\21.0.10-win32-x86_64\bin\server\jvm.dll
0x00007fffce6e0000 - 0x00007fffce74b000 	C:\WINDOWS\System32\WS2_32.dll
0x00007fffcc540000 - 0x00007fffcc58b000 	C:\WINDOWS\SYSTEM32\POWRPROF.dll
0x00007fffc11a0000 - 0x00007fffc11c7000 	C:\WINDOWS\SYSTEM32\WINMM.dll
0x00007fffcc3b0000 - 0x00007fffcc3c2000 	C:\WINDOWS\SYSTEM32\UMPDC.dll
0x00007fffcb7d0000 - 0x00007fffcb7e2000 	C:\WINDOWS\SYSTEM32\kernel.appcore.dll
0x00007fffc58b0000 - 0x00007fffc58ba000 	c:\Users\DELL\.vscode\extensions\redhat.java-1.53.0-win32-x64\jre\21.0.10-win32-x86_64\bin\jimage.dll
0x00007fffcb4e0000 - 0x00007fffcb6c4000 	C:\WINDOWS\SYSTEM32\DBGHELP.DLL
0x00007fffc2e00000 - 0x00007fffc2e34000 	C:\WINDOWS\SYSTEM32\dbgcore.DLL
0x00007fffcd820000 - 0x00007fffcd8a2000 	C:\WINDOWS\System32\bcryptPrimitives.dll
0x00007fffbd200000 - 0x00007fffbd20f000 	c:\Users\DELL\.vscode\extensions\redhat.java-1.53.0-win32-x64\jre\21.0.10-win32-x86_64\bin\instrument.dll
0x00007fffa9500000 - 0x00007fffa9520000 	c:\Users\DELL\.vscode\extensions\redhat.java-1.53.0-win32-x64\jre\21.0.10-win32-x86_64\bin\java.dll
0x00007fffcac60000 - 0x00007fffcb403000 	C:\WINDOWS\SYSTEM32\windows.storage.dll
0x00007fffcf3e0000 - 0x00007fffcf733000 	C:\WINDOWS\System32\combase.dll
0x00007fffcc9e0000 - 0x00007fffcca0e000 	C:\WINDOWS\SYSTEM32\Wldp.dll
0x00007fffcda70000 - 0x00007fffcdb3d000 	C:\WINDOWS\System32\OLEAUT32.dll
0x00007fffcf290000 - 0x00007fffcf33d000 	C:\WINDOWS\System32\SHCORE.dll
0x00007fffccf50000 - 0x00007fffccf74000 	C:\WINDOWS\SYSTEM32\profapi.dll
0x00007fffb86d0000 - 0x00007fffb86e8000 	c:\Users\DELL\.vscode\extensions\redhat.java-1.53.0-win32-x64\jre\21.0.10-win32-x86_64\bin\zip.dll
0x00007fffbcf80000 - 0x00007fffbcf90000 	C:\Users\DELL\.vscode\extensions\redhat.java-1.53.0-win32-x64\jre\21.0.10-win32-x86_64\bin\net.dll
0x00007fffc9ec0000 - 0x00007fffc9fcd000 	C:\WINDOWS\SYSTEM32\WINHTTP.dll
0x00007fffcc740000 - 0x00007fffcc7aa000 	C:\WINDOWS\system32\mswsock.dll
0x00007fffa21a0000 - 0x00007fffa21b6000 	C:\Users\DELL\.vscode\extensions\redhat.java-1.53.0-win32-x64\jre\21.0.10-win32-x86_64\bin\nio.dll
0x00007fffb89e0000 - 0x00007fffb89f0000 	c:\Users\DELL\.vscode\extensions\redhat.java-1.53.0-win32-x64\jre\21.0.10-win32-x86_64\bin\verify.dll
0x00007fff922a0000 - 0x00007fff922e5000 	C:\Users\DELL\AppData\Roaming\Code\User\globalStorage\redhat.java\1.53.0\config_win\org.eclipse.equinox.launcher\org.eclipse.equinox.launcher.win32.win32.x86_64_1.3.0.v20260203-2149\eclipse_11919.dll
0x00007fffcdb40000 - 0x00007fffcdc6b000 	C:\WINDOWS\System32\ole32.dll
0x00007fffcc930000 - 0x00007fffcc948000 	C:\WINDOWS\SYSTEM32\CRYPTSP.dll
0x00007fffcbff0000 - 0x00007fffcc024000 	C:\WINDOWS\system32\rsaenh.dll
0x00007fffcced0000 - 0x00007fffccefe000 	C:\WINDOWS\SYSTEM32\USERENV.dll
0x00007fffcc950000 - 0x00007fffcc95c000 	C:\WINDOWS\SYSTEM32\CRYPTBASE.dll
0x00007fffcc3d0000 - 0x00007fffcc40b000 	C:\WINDOWS\SYSTEM32\IPHLPAPI.DLL
0x00007fffcde60000 - 0x00007fffcde68000 	C:\WINDOWS\System32\NSI.dll
0x00007fff90fb0000 - 0x00007fff90ff9000 	C:\Users\DELL\AppData\Local\Temp\jna-2094529\jna15745863154034818607.dll
0x00007fffcf750000 - 0x00007fffcf758000 	C:\WINDOWS\System32\PSAPI.DLL

JVMTI agents:
c:\Users\DELL\.vscode\extensions\redhat.java-1.53.0-win32-x64\lombok\lombok-1.18.39-4050.jar path:c:\Users\DELL\.vscode\extensions\redhat.java-1.53.0-win32-x64\jre\21.0.10-win32-x86_64\bin\instrument.dll, loaded, initialized, instrumentlib options:none

dbghelp: loaded successfully - version: 4.0.5 - missing functions: none
symbol engine: initialized successfully - sym options: 0x614 - pdb path: .;c:\Users\DELL\.vscode\extensions\redhat.java-1.53.0-win32-x64\jre\21.0.10-win32-x86_64\bin;C:\WINDOWS\SYSTEM32;C:\WINDOWS\WinSxS\amd64_microsoft.windows.common-controls_6595b64144ccf1df_6.0.19041.4355_none_60b8b9eb71f62e16;C:\Program Files (x86)\360\Total Security\safemon;c:\Users\DELL\.vscode\extensions\redhat.java-1.53.0-win32-x64\jre\21.0.10-win32-x86_64\bin\server;C:\Users\DELL\AppData\Roaming\Code\User\globalStorage\redhat.java\1.53.0\config_win\org.eclipse.equinox.launcher\org.eclipse.equinox.launcher.win32.win32.x86_64_1.3.0.v20260203-2149;C:\Users\DELL\AppData\Local\Temp\jna-2094529

VM Arguments:
jvm_args: --add-modules=ALL-SYSTEM --add-opens=java.base/java.util=ALL-UNNAMED --add-opens=java.base/java.lang=ALL-UNNAMED --add-opens=java.base/sun.nio.fs=ALL-UNNAMED -Declipse.application=org.eclipse.jdt.ls.core.id1 -Dosgi.bundles.defaultStartLevel=4 -Declipse.product=org.eclipse.jdt.ls.core.product -Djava.import.generatesMetadataFilesAtProjectRoot=false -DDetectVMInstallationsJob.disabled=true -Dfile.encoding=utf8 -XX:+UseParallelGC -XX:GCTimeRatio=4 -XX:AdaptiveSizePolicyWeight=90 -Dsun.zip.disableMemoryMapping=true -Xmx2G -Xms100m -Xlog:disable -javaagent:c:\Users\DELL\.vscode\extensions\redhat.java-1.53.0-win32-x64\lombok\lombok-1.18.39-4050.jar -XX:+HeapDumpOnOutOfMemoryError -XX:HeapDumpPath=c:\Users\DELL\AppData\Roaming\Code\User\workspaceStorage\c4577e2df24de4a98b84820b062c811c\redhat.java -Daether.dependencyCollector.impl=bf 
java_command: c:\Users\DELL\.vscode\extensions\redhat.java-1.53.0-win32-x64\server\plugins\org.eclipse.equinox.launcher_1.7.100.v20251111-0406.jar -configuration c:\Users\DELL\AppData\Roaming\Code\User\globalStorage\redhat.java\1.53.0\config_win -data c:\Users\DELL\AppData\Roaming\Code\User\workspaceStorage\c4577e2df24de4a98b84820b062c811c\redhat.java\jdt_ws --pipe=\\.\pipe\lsp-78e405956cd89764d15408670ff863d4-sock
java_class_path (initial): c:\Users\DELL\.vscode\extensions\redhat.java-1.53.0-win32-x64\server\plugins\org.eclipse.equinox.launcher_1.7.100.v20251111-0406.jar
Launcher Type: SUN_STANDARD

[Global flags]
    uintx AdaptiveSizePolicyWeight                 = 90                                        {product} {command line}
     intx CICompilerCount                          = 4                                         {product} {ergonomic}
    uintx GCTimeRatio                              = 4                                         {product} {command line}
     bool HeapDumpOnOutOfMemoryError               = true                                   {manageable} {command line}
    ccstr HeapDumpPath                             = c:\Users\DELL\AppData\Roaming\Code\User\workspaceStorage\c4577e2df24de4a98b84820b062c811c\redhat.java         {manageable} {command line}
   size_t InitialHeapSize                          = 104857600                                 {product} {command line}
   size_t MaxHeapSize                              = 2147483648                                {product} {command line}
   size_t MaxNewSize                               = 715653120                                 {product} {ergonomic}
   size_t MinHeapDeltaBytes                        = 524288                                    {product} {ergonomic}
   size_t MinHeapSize                              = 104857600                                 {product} {command line}
   size_t NewSize                                  = 34603008                                  {product} {ergonomic}
    uintx NonNMethodCodeHeapSize                   = 5839372                                {pd product} {ergonomic}
    uintx NonProfiledCodeHeapSize                  = 122909434                              {pd product} {ergonomic}
   size_t OldSize                                  = 70254592                                  {product} {ergonomic}
    uintx ProfiledCodeHeapSize                     = 122909434                              {pd product} {ergonomic}
    uintx ReservedCodeCacheSize                    = 251658240                              {pd product} {ergonomic}
     bool SegmentedCodeCache                       = true                                      {product} {ergonomic}
   size_t SoftMaxHeapSize                          = 2147483648                             {manageable} {ergonomic}
     bool UseCompressedOops                        = true                           {product lp64_product} {ergonomic}
     bool UseLargePagesIndividualAllocation        = false                                  {pd product} {ergonomic}
     bool UseParallelGC                            = true                                      {product} {command line}

Logging:
Log output configuration:
 #0: stdout all=off uptime,level,tags foldmultilines=false
 #1: stderr all=off uptime,level,tags foldmultilines=false

Release file:
JAVA_VERSION="21.0.10" 
MODULES="java.base java.compiler java.datatransfer java.xml java.prefs java.desktop java.instrument java.logging java.management java.security.sasl java.naming java.rmi java.management.rmi java.net.http java.scripting java.security.jgss java.transaction.xa java.sql java.sql.rowset java.xml.crypto java.se java.smartcardio jdk.accessibility jdk.internal.jvmstat jdk.attach jdk.charsets jdk.internal.opt jdk.zipfs jdk.compiler jdk.crypto.ec jdk.crypto.cryptoki jdk.crypto.mscapi jdk.dynalink jdk.internal.ed jdk.editpad jdk.hotspot.agent jdk.httpserver jdk.internal.le jdk.internal.vm.ci jdk.internal.vm.compiler jdk.internal.vm.compiler.management jdk.jartool jdk.javadoc jdk.jcmd jdk.management jdk.management.agent jdk.jconsole jdk.jdeps jdk.jdwp.agent jdk.jdi jdk.jfr jdk.jshell jdk.jsobject jdk.jstatd jdk.localedata jdk.management.jfr jdk.naming.dns jdk.naming.rmi jdk.net jdk.nio.mapmode jdk.random jdk.sctp jdk.security.auth jdk.security.jgss jdk.unsupported jdk.unsupported.desktop jdk.xml.dom" 

Environment Variables:
PATH=D:\Users\DELL\AppData\Local\Programs\Microsoft VS Code;C:\Program Files\Common Files\Oracle\Java\javapath;C:\WINDOWS;C:\WINDOWS\System32\Wbem;C:\WINDOWS\System32\WindowsPowerShell\v1.0\;C:\WINDOWS\System32\OpenSSH\;C:\WINDOWS\system32;D:\msys64\ucrt64\bin;C:\Program Files\dotnet\;C:\Program Files\Microsoft SQL Server\170\Tools\Binn\;C:\Program Files\Microsoft SQL Server\Client SDK\ODBC\170\Tools\Binn\;C:\Program Files\Git\cmd;C:\Users\DELL\AppData\Local\Microsoft\WindowsApps;D:\Users\DELL\AppData\Local\Programs\Microsoft VS Code\bin;C:\Users\DELL\.dotnet\tools;D:\flutter\bin;
USERNAME=DELL
OS=Windows_NT
PROCESSOR_IDENTIFIER=Intel64 Family 6 Model 140 Stepping 1, GenuineIntel
TMP=C:\Users\DELL\AppData\Local\Temp
TEMP=C:\Users\DELL\AppData\Local\Temp




Periodic native trim disabled

---------------  S Y S T E M  ---------------

OS:
 Windows 10 , 64 bit Build 19041 (10.0.19041.4842)
OS uptime: 0 days 0:39 hours

CPU: total 8 (initial active 8) (4 cores per cpu, 2 threads per core) family 6 model 140 stepping 1 microcode 0xb4, cx8, cmov, fxsr, ht, mmx, 3dnowpref, sse, sse2, sse3, ssse3, sse4.1, sse4.2, popcnt, lzcnt, tsc, tscinvbit, avx, avx2, aes, erms, clmul, bmi1, bmi2, adx, avx512f, avx512dq, avx512cd, avx512bw, avx512vl, sha, fma, vzeroupper, avx512_vpopcntdq, avx512_vpclmulqdq, avx512_vaes, avx512_vnni, clflush, clflushopt, clwb, avx512_vbmi2, avx512_vbmi, rdtscp, rdpid, fsrm, gfni, avx512_bitalg, f16c, pku, cet_ibt, cet_ss, avx512_ifma
Processor Information for the first 8 processors :
  Max Mhz: 1997, Current Mhz: 1997, Mhz Limit: 1997

Memory: 4k page, system-wide physical 3822M (187M free)
TotalPageFile size 8820M (AvailPageFile size 0M)
current process WorkingSet (physical memory assigned to process): 125M, peak: 125M
current process commit charge ("private bytes"): 265M, peak: 265M

vm_info: OpenJDK 64-Bit Server VM (21.0.10+7-LTS) for windows-amd64 JRE (21.0.10+7-LTS), built on 2026-01-20T00:00:00Z by "admin" with MS VC++ 17.12 (VS2022)

END.
