#
# There is insufficient memory for the Java Runtime Environment to continue.
# Native memory allocation (malloc) failed to allocate 617936 bytes. Error detail: Chunk::new
# Possible reasons:
#   The system is out of physical RAM or swap space
#   This process is running with CompressedOops enabled, and the Java Heap may be blocking the growth of the native heap
# Possible solutions:
#   Reduce memory load on the system
#   Increase physical memory or swap space
#   Check if swap backing store is full
#   Decrease Java heap size (-Xmx/-Xms)
#   Decrease number of Java threads
#   Decrease Java thread stack sizes (-Xss)
#   Set larger code cache with -XX:ReservedCodeCacheSize=
#   JVM is running with Unscaled Compressed Oops mode in which the Java heap is
#     placed in the first 4GB address space. The Java Heap base address is the
#     maximum limit for the native heap growth. Please use -XX:HeapBaseMinAddress
#     to set the Java Heap base and to place the Java Heap above 4GB virtual address.
# This output file may be truncated or incomplete.
#
#  Out of Memory Error (arena.cpp:168), pid=3012, tid=11468
#
# JRE version: OpenJDK Runtime Environment Temurin-21.0.10+7 (21.0.10+7) (build 21.0.10+7-LTS)
# Java VM: OpenJDK 64-Bit Server VM Temurin-21.0.10+7 (21.0.10+7-LTS, mixed mode, sharing, tiered, compressed oops, compressed class ptrs, parallel gc, windows-amd64)
# No core dump will be written. Minidumps are not enabled by default on client versions of Windows
#

---------------  S U M M A R Y ------------

Command Line: --add-modules=ALL-SYSTEM --add-opens=java.base/java.util=ALL-UNNAMED --add-opens=java.base/java.lang=ALL-UNNAMED --add-opens=java.base/sun.nio.fs=ALL-UNNAMED -Declipse.application=org.eclipse.jdt.ls.core.id1 -Dosgi.bundles.defaultStartLevel=4 -Declipse.product=org.eclipse.jdt.ls.core.product -Djava.import.generatesMetadataFilesAtProjectRoot=false -DDetectVMInstallationsJob.disabled=true -Dfile.encoding=utf8 -XX:+UseParallelGC -XX:GCTimeRatio=4 -XX:AdaptiveSizePolicyWeight=90 -Dsun.zip.disableMemoryMapping=true -Xmx2G -Xms100m -Xlog:disable -javaagent:c:\Users\DELL\.vscode\extensions\redhat.java-1.53.0-win32-x64\lombok\lombok-1.18.39-4050.jar -XX:+HeapDumpOnOutOfMemoryError -XX:HeapDumpPath=c:\Users\DELL\AppData\Roaming\Code\User\workspaceStorage\c4577e2df24de4a98b84820b062c811c\redhat.java -Daether.dependencyCollector.impl=bf c:\Users\DELL\.vscode\extensions\redhat.java-1.53.0-win32-x64\server\plugins\org.eclipse.equinox.launcher_1.7.100.v20251111-0406.jar -configuration c:\Users\DELL\AppData\Roaming\Code\User\globalStorage\redhat.java\1.53.0\config_win -data c:\Users\DELL\AppData\Roaming\Code\User\workspaceStorage\c4577e2df24de4a98b84820b062c811c\redhat.java\jdt_ws --pipe=\\.\pipe\lsp-d767a69d875228c03426053edb2f1fc4-sock

Host: 11th Gen Intel(R) Core(TM) i3-1125G4 @ 2.00GHz, 8 cores, 3G,  Windows 10 , 64 bit Build 19041 (10.0.19041.4842)
Time: Fri Mar 27 15:44:51 2026 SE Asia Standard Time elapsed time: 6.923669 seconds (0d 0h 0m 6s)

---------------  T H R E A D  ---------------

Current thread (0x0000016feb67e100):  JavaThread "C2 CompilerThread0" daemon [_thread_in_native, id=11468, stack(0x00000052f2000000,0x00000052f2100000) (1024K)]


Current CompileTask:
C2:6923 6782       4       org.eclipse.osgi.internal.loader.BundleLoader::addExportedProvidersFor (167 bytes)

Stack: [0x00000052f2000000,0x00000052f2100000]
Native frames: (J=compiled Java code, j=interpreted, Vv=VM code, C=native code)
V  [jvm.dll+0x6d7a39]
V  [jvm.dll+0x8b4b26]
V  [jvm.dll+0x8b70de]
V  [jvm.dll+0x8b77c3]
V  [jvm.dll+0x284346]
V  [jvm.dll+0xc66ed]
V  [jvm.dll+0xc6c31]
V  [jvm.dll+0x2fb29e]
V  [jvm.dll+0x5fe884]
V  [jvm.dll+0x255b17]
V  [jvm.dll+0x255edd]
V  [jvm.dll+0x24e500]
V  [jvm.dll+0x24ba42]
V  [jvm.dll+0x1cb34e]
V  [jvm.dll+0x25b85d]
V  [jvm.dll+0x259dea]
V  [jvm.dll+0x3f857e]
V  [jvm.dll+0x85f59d]
V  [jvm.dll+0x6d626d]
C  [ucrtbase.dll+0x21bb2]
C  [KERNEL32.DLL+0x17374]
C  [ntdll.dll+0x4cc91]


---------------  P R O C E S S  ---------------

Threads class SMR info:
_java_thread_list=0x0000016ff3f23750, length=43, elements={
0x0000016fd298f960, 0x0000016fd4cae150, 0x0000016feb672b00, 0x0000016feb676f80,
0x0000016feb677be0, 0x0000016feb678840, 0x0000016feb67b2b0, 0x0000016feb67e100,
0x0000016ff104df70, 0x0000016ff11cb120, 0x0000016ff1257050, 0x0000016ff1522060,
0x0000016ff1ab4270, 0x0000016ff1715e20, 0x0000016ff1799020, 0x0000016ff1b25330,
0x0000016ff23a9460, 0x0000016ff222a6f0, 0x0000016ff1dc4ed0, 0x0000016ff1dc5560,
0x0000016ff1dc5bf0, 0x0000016ff1dc6280, 0x0000016ff3be9830, 0x0000016ff3beb270,
0x0000016ff3bed9d0, 0x0000016ff3beb900, 0x0000016ff3beccb0, 0x0000016ff3bec620,
0x0000016ff3beabe0, 0x0000016ff3beed80, 0x0000016ff3bef410, 0x0000016ff3bee6f0,
0x0000016ff3befaa0, 0x0000016ff3bf0130, 0x0000016ff3bebf90, 0x0000016ff3bee060,
0x0000016ff3bf07c0, 0x0000016ff3bed340, 0x0000016ff3bf0e50, 0x0000016ff3bea550,
0x0000016ff3b240a0, 0x0000016ff3b1d110, 0x0000016ff3b1de30
}

Java Threads: ( => current thread )
  0x0000016fd298f960 JavaThread "main"                              [_thread_blocked, id=12676, stack(0x00000052f1600000,0x00000052f1700000) (1024K)]
  0x0000016fd4cae150 JavaThread "Reference Handler"          daemon [_thread_blocked, id=9052, stack(0x00000052f1a00000,0x00000052f1b00000) (1024K)]
  0x0000016feb672b00 JavaThread "Finalizer"                  daemon [_thread_blocked, id=12508, stack(0x00000052f1b00000,0x00000052f1c00000) (1024K)]
  0x0000016feb676f80 JavaThread "Signal Dispatcher"          daemon [_thread_blocked, id=13488, stack(0x00000052f1c00000,0x00000052f1d00000) (1024K)]
  0x0000016feb677be0 JavaThread "Attach Listener"            daemon [_thread_blocked, id=16568, stack(0x00000052f1d00000,0x00000052f1e00000) (1024K)]
  0x0000016feb678840 JavaThread "Service Thread"             daemon [_thread_blocked, id=3388, stack(0x00000052f1e00000,0x00000052f1f00000) (1024K)]
  0x0000016feb67b2b0 JavaThread "Monitor Deflation Thread"   daemon [_thread_blocked, id=15700, stack(0x00000052f1f00000,0x00000052f2000000) (1024K)]
=>0x0000016feb67e100 JavaThread "C2 CompilerThread0"         daemon [_thread_in_native, id=11468, stack(0x00000052f2000000,0x00000052f2100000) (1024K)]
  0x0000016ff104df70 JavaThread "C1 CompilerThread0"         daemon [_thread_blocked, id=6252, stack(0x00000052f2100000,0x00000052f2200000) (1024K)]
  0x0000016ff11cb120 JavaThread "Common-Cleaner"             daemon [_thread_blocked, id=12128, stack(0x00000052f2200000,0x00000052f2300000) (1024K)]
  0x0000016ff1257050 JavaThread "Notification Thread"        daemon [_thread_blocked, id=8792, stack(0x00000052f2300000,0x00000052f2400000) (1024K)]
  0x0000016ff1522060 JavaThread "Active Thread: Equinox Container: 96418f70-a924-40a1-9559-921b337f7f84"        [_thread_blocked, id=6352, stack(0x00000052f2a00000,0x00000052f2b00000) (1024K)]
  0x0000016ff1ab4270 JavaThread "Refresh Thread: Equinox Container: 96418f70-a924-40a1-9559-921b337f7f84" daemon [_thread_blocked, id=16456, stack(0x00000052f2c00000,0x00000052f2d00000) (1024K)]
  0x0000016ff1715e20 JavaThread "Framework Event Dispatcher: Equinox Container: 96418f70-a924-40a1-9559-921b337f7f84" daemon [_thread_blocked, id=16664, stack(0x00000052f2d00000,0x00000052f2e00000) (1024K)]
  0x0000016ff1799020 JavaThread "Start Level: Equinox Container: 96418f70-a924-40a1-9559-921b337f7f84" daemon [_thread_blocked, id=15168, stack(0x00000052f2e00000,0x00000052f2f00000) (1024K)]
  0x0000016ff1b25330 JavaThread "Bundle File Closer"         daemon [_thread_blocked, id=9204, stack(0x00000052f2f00000,0x00000052f3000000) (1024K)]
  0x0000016ff23a9460 JavaThread "SCR Component Actor"        daemon [_thread_blocked, id=3904, stack(0x00000052f3000000,0x00000052f3100000) (1024K)]
  0x0000016ff222a6f0 JavaThread "Worker-JM"                         [_thread_blocked, id=1728, stack(0x00000052f3100000,0x00000052f3200000) (1024K)]
  0x0000016ff1dc4ed0 JavaThread "JNA Cleaner"                daemon [_thread_blocked, id=10024, stack(0x00000052f3200000,0x00000052f3300000) (1024K)]
  0x0000016ff1dc5560 JavaThread "Worker-0: Initialize Workspace"        [_thread_blocked, id=16844, stack(0x00000052f3300000,0x00000052f3400000) (1024K)]
  0x0000016ff1dc5bf0 JavaThread "Worker-1"                          [_thread_blocked, id=6420, stack(0x00000052f3400000,0x00000052f3500000) (1024K)]
  0x0000016ff1dc6280 JavaThread "Java indexing"              daemon [_thread_blocked, id=9712, stack(0x00000052f3500000,0x00000052f3600000) (1024K)]
  0x0000016ff3be9830 JavaThread "Worker-2"                          [_thread_blocked, id=2640, stack(0x00000052f3600000,0x00000052f3700000) (1024K)]
  0x0000016ff3beb270 JavaThread "Worker-3: Initialize workspace"        [_thread_in_Java, id=16216, stack(0x00000052f3700000,0x00000052f3800000) (1024K)]
  0x0000016ff3bed9d0 JavaThread "Thread-1"                   daemon [_thread_in_native, id=12848, stack(0x00000052f3800000,0x00000052f3900000) (1024K)]
  0x0000016ff3beb900 JavaThread "Thread-2"                   daemon [_thread_in_native, id=12340, stack(0x00000052f3900000,0x00000052f3a00000) (1024K)]
  0x0000016ff3beccb0 JavaThread "Thread-3"                   daemon [_thread_in_native, id=16968, stack(0x00000052f3a00000,0x00000052f3b00000) (1024K)]
  0x0000016ff3bec620 JavaThread "Thread-4"                   daemon [_thread_in_native, id=6792, stack(0x00000052f3b00000,0x00000052f3c00000) (1024K)]
  0x0000016ff3beabe0 JavaThread "Thread-5"                   daemon [_thread_in_native, id=4720, stack(0x00000052f3c00000,0x00000052f3d00000) (1024K)]
  0x0000016ff3beed80 JavaThread "Thread-6"                   daemon [_thread_in_native, id=5540, stack(0x00000052f3d00000,0x00000052f3e00000) (1024K)]
  0x0000016ff3bef410 JavaThread "Thread-7"                   daemon [_thread_in_native, id=16452, stack(0x00000052f3e00000,0x00000052f3f00000) (1024K)]
  0x0000016ff3bee6f0 JavaThread "Thread-8"                   daemon [_thread_in_native, id=3168, stack(0x00000052f3f00000,0x00000052f4000000) (1024K)]
  0x0000016ff3befaa0 JavaThread "Thread-9"                   daemon [_thread_in_native, id=17116, stack(0x00000052f4000000,0x00000052f4100000) (1024K)]
  0x0000016ff3bf0130 JavaThread "pool-2-thread-1"                   [_thread_blocked, id=16960, stack(0x00000052f4100000,0x00000052f4200000) (1024K)]
  0x0000016ff3bebf90 JavaThread "WorkspaceEventsHandler"            [_thread_blocked, id=12764, stack(0x00000052f4200000,0x00000052f4300000) (1024K)]
  0x0000016ff3bee060 JavaThread "pool-1-thread-1"                   [_thread_blocked, id=12364, stack(0x00000052f4300000,0x00000052f4400000) (1024K)]
  0x0000016ff3bf07c0 JavaThread "ForkJoinPool.commonPool-worker-1" daemon [_thread_blocked, id=15544, stack(0x00000052f4400000,0x00000052f4500000) (1024K)]
  0x0000016ff3bed340 JavaThread "ForkJoinPool.commonPool-worker-2" daemon [_thread_blocked, id=148, stack(0x00000052f4500000,0x00000052f4600000) (1024K)]
  0x0000016ff3bf0e50 JavaThread "ForkJoinPool.commonPool-worker-3" daemon [_thread_blocked, id=16000, stack(0x00000052f4600000,0x00000052f4700000) (1024K)]
  0x0000016ff3bea550 JavaThread "ForkJoinPool.commonPool-worker-4" daemon [_thread_blocked, id=7212, stack(0x00000052f4700000,0x00000052f4800000) (1024K)]
  0x0000016ff3b240a0 JavaThread "ForkJoinPool.commonPool-worker-5" daemon [_thread_blocked, id=1476, stack(0x00000052f4800000,0x00000052f4900000) (1024K)]
  0x0000016ff3b1d110 JavaThread "ForkJoinPool.commonPool-worker-6" daemon [_thread_blocked, id=17256, stack(0x00000052f4900000,0x00000052f4a00000) (1024K)]
  0x0000016ff3b1de30 JavaThread "ForkJoinPool.commonPool-worker-7" daemon [_thread_blocked, id=540, stack(0x00000052f4a00000,0x00000052f4b00000) (1024K)]
Total: 43

Other Threads:
  0x0000016feb662540 VMThread "VM Thread"                           [id=16912, stack(0x00000052f1900000,0x00000052f1a00000) (1024K)]
  0x0000016fd4c6c1f0 WatcherThread "VM Periodic Task Thread"        [id=13416, stack(0x00000052f1800000,0x00000052f1900000) (1024K)]
  0x0000016fd4c1d7a0 WorkerThread "GC Thread#0"                     [id=9256, stack(0x00000052f1700000,0x00000052f1800000) (1024K)]
  0x0000016ff16d50f0 WorkerThread "GC Thread#1"                     [id=10300, stack(0x00000052f2400000,0x00000052f2500000) (1024K)]
  0x0000016ff14aae00 WorkerThread "GC Thread#2"                     [id=12308, stack(0x00000052f2500000,0x00000052f2600000) (1024K)]
  0x0000016ff197ca10 WorkerThread "GC Thread#3"                     [id=16704, stack(0x00000052f2600000,0x00000052f2700000) (1024K)]
  0x0000016ff164c5c0 WorkerThread "GC Thread#4"                     [id=10144, stack(0x00000052f2700000,0x00000052f2800000) (1024K)]
  0x0000016ff164c970 WorkerThread "GC Thread#5"                     [id=10556, stack(0x00000052f2800000,0x00000052f2900000) (1024K)]
  0x0000016ff164cd20 WorkerThread "GC Thread#6"                     [id=12832, stack(0x00000052f2900000,0x00000052f2a00000) (1024K)]
  0x0000016ff19e2040 WorkerThread "GC Thread#7"                     [id=10808, stack(0x00000052f2b00000,0x00000052f2c00000) (1024K)]
Total: 10

Threads with active compile tasks:
C2 CompilerThread0  6975 6782       4       org.eclipse.osgi.internal.loader.BundleLoader::addExportedProvidersFor (167 bytes)
Total: 1

VM state: not at safepoint (normal execution)

VM Mutex/Monitor currently owned by a thread: None

Heap address: 0x0000000080000000, size: 2048 MB, Compressed Oops mode: 32-bit

CDS archive(s) mapped at: [0x0000016f80000000-0x0000016f80ba0000-0x0000016f80ba0000), size 12189696, SharedBaseAddress: 0x0000016f80000000, ArchiveRelocationMode: 1.
Compressed class space mapped at: 0x0000016f81000000-0x0000016fc1000000, reserved size: 1073741824
Narrow klass base: 0x0000016f80000000, Narrow klass shift: 0, Narrow klass range: 0x100000000

GC Precious Log:
 CardTable entry size: 512
 CPUs: 8 total, 8 available
 Memory: 3822M
 Large Page Support: Disabled
 NUMA Support: Disabled
 Compressed Oops: Enabled (32-bit)
 Alignments: Space 512K, Generation 512K, Heap 2M
 Heap Min Capacity: 100M
 Heap Initial Capacity: 100M
 Heap Max Capacity: 2G
 Pre-touch: Disabled
 Parallel Workers: 8

Heap:
 PSYoungGen      total 17408K, used 3351K [0x00000000d5580000, 0x00000000d6c00000, 0x0000000100000000)
  eden space 15872K, 11% used [0x00000000d5580000,0x00000000d5751c48,0x00000000d6500000)
  from space 1536K, 96% used [0x00000000d6a80000,0x00000000d6bf4050,0x00000000d6c00000)
  to   space 3072K, 0% used [0x00000000d6600000,0x00000000d6600000,0x00000000d6900000)
 ParOldGen       total 68608K, used 36887K [0x0000000080000000, 0x0000000084300000, 0x00000000d5580000)
  object space 68608K, 53% used [0x0000000080000000,0x0000000082405c98,0x0000000084300000)
 Metaspace       used 49120K, committed 50560K, reserved 1114112K
  class space    used 5327K, committed 5952K, reserved 1048576K

Card table byte_map: [0x0000016fd4590000,0x0000016fd49a0000] _byte_map_base: 0x0000016fd4190000

Marking Bits: (ParMarkBitMap*) 0x00007fff72cd3450
 Begin Bits: [0x0000016fe70a0000, 0x0000016fe90a0000)
 End Bits:   [0x0000016fe90a0000, 0x0000016feb0a0000)

Polling page: 0x0000016fd2aa0000

Metaspace:

Usage:
  Non-class:     42.77 MB used.
      Class:      5.20 MB used.
       Both:     47.97 MB used.

Virtual space:
  Non-class space:       64.00 MB reserved,      43.56 MB ( 68%) committed,  1 nodes.
      Class space:        1.00 GB reserved,       5.81 MB ( <1%) committed,  1 nodes.
             Both:        1.06 GB reserved,      49.38 MB (  5%) committed. 

Chunk freelists:
   Non-Class:  3.86 MB
       Class:  10.03 MB
        Both:  13.89 MB

MaxMetaspaceSize: unlimited
CompressedClassSpaceSize: 1.00 GB
Initial GC threshold: 21.00 MB
Current GC threshold: 58.88 MB
CDS: on
 - commit_granule_bytes: 65536.
 - commit_granule_words: 8192.
 - virtual_space_node_default_size: 8388608.
 - enlarge_chunks_in_place: 1.
 - use_allocation_guard: 0.


Internal statistics:

num_allocs_failed_limit: 10.
num_arena_births: 1016.
num_arena_deaths: 14.
num_vsnodes_births: 2.
num_vsnodes_deaths: 0.
num_space_committed: 790.
num_space_uncommitted: 0.
num_chunks_returned_to_freelist: 24.
num_chunks_taken_from_freelist: 3252.
num_chunk_merges: 16.
num_chunk_splits: 2041.
num_chunks_enlarged: 1171.
num_inconsistent_stats: 0.

CodeHeap 'non-profiled nmethods': size=120000Kb used=2323Kb max_used=2323Kb free=117676Kb
 bounds [0x0000016fdf8c0000, 0x0000016fdfb30000, 0x0000016fe6df0000]
CodeHeap 'profiled nmethods': size=120000Kb used=12798Kb max_used=12798Kb free=107201Kb
 bounds [0x0000016fd7df0000, 0x0000016fd8a70000, 0x0000016fdf320000]
CodeHeap 'non-nmethods': size=5760Kb used=1383Kb max_used=1429Kb free=4376Kb
 bounds [0x0000016fdf320000, 0x0000016fdf590000, 0x0000016fdf8c0000]
CodeCache: size=245760Kb, used=16504Kb, max_used=16550Kb, free=229253Kb
 total_blobs=7229, nmethods=6555, adapters=580, full_count=0
Compilation: enabled, stopped_count=0, restarted_count=0

Compilation events (20 events):
Event: 6.908 Thread 0x0000016ff104df70 7092       2       jdk.internal.jrtfs.JrtFileSystem::iteratorOf (98 bytes)
Event: 6.909 Thread 0x0000016ff104df70 nmethod 7092 0x0000016fd8a4d710 code [0x0000016fd8a4da00, 0x0000016fd8a4e380]
Event: 6.909 Thread 0x0000016ff104df70 7093       2       jdk.internal.jimage.ImageReader$Directory::getChildren (8 bytes)
Event: 6.909 Thread 0x0000016ff104df70 nmethod 7093 0x0000016fd8a4e990 code [0x0000016fd8a4eb40, 0x0000016fd8a4ec60]
Event: 6.909 Thread 0x0000016ff104df70 7094       2       jdk.internal.jrtfs.JrtFileSystem$$Lambda/0x0000016f815a4900::<init> (15 bytes)
Event: 6.909 Thread 0x0000016ff104df70 nmethod 7094 0x0000016fd8a4ed10 code [0x0000016fd8a4eea0, 0x0000016fd8a4efd0]
Event: 6.909 Thread 0x0000016ff104df70 7095       2       jdk.internal.jrtfs.JrtFileSystem$$Lambda/0x0000016f815a4b48::<init> (10 bytes)
Event: 6.909 Thread 0x0000016ff104df70 nmethod 7095 0x0000016fd8a4f090 code [0x0000016fd8a4f220, 0x0000016fd8a4f340]
Event: 6.909 Thread 0x0000016ff104df70 7096       2       jdk.internal.jrtfs.JrtDirectoryStream$1::<init> (10 bytes)
Event: 6.909 Thread 0x0000016ff104df70 nmethod 7096 0x0000016fd8a4f410 code [0x0000016fd8a4f5a0, 0x0000016fd8a4f6c0]
Event: 6.909 Thread 0x0000016ff104df70 7097       2       jdk.internal.jrtfs.JrtFileAttributes::fileKey (9 bytes)
Event: 6.909 Thread 0x0000016ff104df70 nmethod 7097 0x0000016fd8a4f790 code [0x0000016fd8a4f940, 0x0000016fd8a4fa80]
Event: 6.909 Thread 0x0000016ff104df70 7058       2       jdk.internal.jrtfs.JrtPath::equals (30 bytes)
Event: 6.910 Thread 0x0000016ff104df70 nmethod 7058 0x0000016fd8a4fb10 code [0x0000016fd8a4fcc0, 0x0000016fd8a4fe90]
Event: 6.910 Thread 0x0000016ff104df70 7112       2       java.util.ArrayDeque::removeFirst (19 bytes)
Event: 6.910 Thread 0x0000016ff104df70 nmethod 7112 0x0000016fd8a4ff90 code [0x0000016fd8a50140, 0x0000016fd8a50330]
Event: 6.910 Thread 0x0000016ff104df70 7111       2       java.util.ArrayDeque::pop (5 bytes)
Event: 6.910 Thread 0x0000016ff104df70 nmethod 7111 0x0000016fd8a50410 code [0x0000016fd8a505c0, 0x0000016fd8a507b0]
Event: 6.910 Thread 0x0000016ff104df70 7113       2       java.lang.invoke.LambdaProxyClassArchive::find (63 bytes)
Event: 6.910 Thread 0x0000016ff104df70 nmethod 7113 0x0000016fd8a50910 code [0x0000016fd8a50ae0, 0x0000016fd8a50d68]

GC Heap History (20 events):
Event: 4.730 GC heap before
{Heap before GC invocations=16 (full 2):
 PSYoungGen      total 22528K, used 256K [0x00000000d5580000, 0x00000000d6f00000, 0x0000000100000000)
  eden space 22016K, 0% used [0x00000000d5580000,0x00000000d5580000,0x00000000d6b00000)
  from space 512K, 50% used [0x00000000d6e80000,0x00000000d6ec0000,0x00000000d6f00000)
  to   space 1024K, 0% used [0x00000000d6d00000,0x00000000d6d00000,0x00000000d6e00000)
 ParOldGen       total 68608K, used 21751K [0x0000000080000000, 0x0000000084300000, 0x00000000d5580000)
  object space 68608K, 31% used [0x0000000080000000,0x000000008153df18,0x0000000084300000)
 Metaspace       used 35035K, committed 36160K, reserved 1114112K
  class space    used 3585K, committed 4096K, reserved 1048576K
}
Event: 4.759 GC heap after
{Heap after GC invocations=16 (full 2):
 PSYoungGen      total 22528K, used 0K [0x00000000d5580000, 0x00000000d6f00000, 0x0000000100000000)
  eden space 22016K, 0% used [0x00000000d5580000,0x00000000d5580000,0x00000000d6b00000)
  from space 512K, 0% used [0x00000000d6e80000,0x00000000d6e80000,0x00000000d6f00000)
  to   space 1024K, 0% used [0x00000000d6d00000,0x00000000d6d00000,0x00000000d6e00000)
 ParOldGen       total 68608K, used 20820K [0x0000000080000000, 0x0000000084300000, 0x00000000d5580000)
  object space 68608K, 30% used [0x0000000080000000,0x0000000081455048,0x0000000084300000)
 Metaspace       used 35035K, committed 36160K, reserved 1114112K
  class space    used 3585K, committed 4096K, reserved 1048576K
}
Event: 4.911 GC heap before
{Heap before GC invocations=17 (full 2):
 PSYoungGen      total 22528K, used 22016K [0x00000000d5580000, 0x00000000d6f00000, 0x0000000100000000)
  eden space 22016K, 100% used [0x00000000d5580000,0x00000000d6b00000,0x00000000d6b00000)
  from space 512K, 0% used [0x00000000d6e80000,0x00000000d6e80000,0x00000000d6f00000)
  to   space 1024K, 0% used [0x00000000d6d00000,0x00000000d6d00000,0x00000000d6e00000)
 ParOldGen       total 68608K, used 20820K [0x0000000080000000, 0x0000000084300000, 0x00000000d5580000)
  object space 68608K, 30% used [0x0000000080000000,0x0000000081455048,0x0000000084300000)
 Metaspace       used 37315K, committed 38592K, reserved 1114112K
  class space    used 3871K, committed 4416K, reserved 1048576K
}
Event: 4.913 GC heap after
{Heap after GC invocations=17 (full 2):
 PSYoungGen      total 23040K, used 1024K [0x00000000d5580000, 0x00000000d7000000, 0x0000000100000000)
  eden space 22016K, 0% used [0x00000000d5580000,0x00000000d5580000,0x00000000d6b00000)
  from space 1024K, 100% used [0x00000000d6d00000,0x00000000d6e00000,0x00000000d6e00000)
  to   space 2048K, 0% used [0x00000000d6e00000,0x00000000d6e00000,0x00000000d7000000)
 ParOldGen       total 68608K, used 21583K [0x0000000080000000, 0x0000000084300000, 0x00000000d5580000)
  object space 68608K, 31% used [0x0000000080000000,0x0000000081513d58,0x0000000084300000)
 Metaspace       used 37315K, committed 38592K, reserved 1114112K
  class space    used 3871K, committed 4416K, reserved 1048576K
}
Event: 5.112 GC heap before
{Heap before GC invocations=18 (full 2):
 PSYoungGen      total 23040K, used 23040K [0x00000000d5580000, 0x00000000d7000000, 0x0000000100000000)
  eden space 22016K, 100% used [0x00000000d5580000,0x00000000d6b00000,0x00000000d6b00000)
  from space 1024K, 100% used [0x00000000d6d00000,0x00000000d6e00000,0x00000000d6e00000)
  to   space 2048K, 0% used [0x00000000d6e00000,0x00000000d6e00000,0x00000000d7000000)
 ParOldGen       total 68608K, used 21583K [0x0000000080000000, 0x0000000084300000, 0x00000000d5580000)
  object space 68608K, 31% used [0x0000000080000000,0x0000000081513d58,0x0000000084300000)
 Metaspace       used 38576K, committed 39744K, reserved 1114112K
  class space    used 4060K, committed 4608K, reserved 1048576K
}
Event: 5.120 GC heap after
{Heap after GC invocations=18 (full 2):
 PSYoungGen      total 17920K, used 2036K [0x00000000d5580000, 0x00000000d7d00000, 0x0000000100000000)
  eden space 15872K, 0% used [0x00000000d5580000,0x00000000d5580000,0x00000000d6500000)
  from space 2048K, 99% used [0x00000000d6e00000,0x00000000d6ffd0e0,0x00000000d7000000)
  to   space 9216K, 0% used [0x00000000d6500000,0x00000000d6500000,0x00000000d6e00000)
 ParOldGen       total 68608K, used 27303K [0x0000000080000000, 0x0000000084300000, 0x00000000d5580000)
  object space 68608K, 39% used [0x0000000080000000,0x0000000081aa9c90,0x0000000084300000)
 Metaspace       used 38576K, committed 39744K, reserved 1114112K
  class space    used 4060K, committed 4608K, reserved 1048576K
}
Event: 5.300 GC heap before
{Heap before GC invocations=19 (full 2):
 PSYoungGen      total 17920K, used 17908K [0x00000000d5580000, 0x00000000d7d00000, 0x0000000100000000)
  eden space 15872K, 100% used [0x00000000d5580000,0x00000000d6500000,0x00000000d6500000)
  from space 2048K, 99% used [0x00000000d6e00000,0x00000000d6ffd0e0,0x00000000d7000000)
  to   space 9216K, 0% used [0x00000000d6500000,0x00000000d6500000,0x00000000d6e00000)
 ParOldGen       total 68608K, used 27303K [0x0000000080000000, 0x0000000084300000, 0x00000000d5580000)
  object space 68608K, 39% used [0x0000000080000000,0x0000000081aa9c90,0x0000000084300000)
 Metaspace       used 39467K, committed 40768K, reserved 1114112K
  class space    used 4175K, committed 4736K, reserved 1048576K
}
Event: 5.302 GC heap after
{Heap after GC invocations=19 (full 2):
 PSYoungGen      total 16384K, used 480K [0x00000000d5580000, 0x00000000d6e80000, 0x0000000100000000)
  eden space 15872K, 0% used [0x00000000d5580000,0x00000000d5580000,0x00000000d6500000)
  from space 512K, 93% used [0x00000000d6500000,0x00000000d6578000,0x00000000d6580000)
  to   space 3584K, 0% used [0x00000000d6b00000,0x00000000d6b00000,0x00000000d6e80000)
 ParOldGen       total 68608K, used 29269K [0x0000000080000000, 0x0000000084300000, 0x00000000d5580000)
  object space 68608K, 42% used [0x0000000080000000,0x0000000081c955e0,0x0000000084300000)
 Metaspace       used 39467K, committed 40768K, reserved 1114112K
  class space    used 4175K, committed 4736K, reserved 1048576K
}
Event: 5.439 GC heap before
{Heap before GC invocations=20 (full 2):
 PSYoungGen      total 16384K, used 16352K [0x00000000d5580000, 0x00000000d6e80000, 0x0000000100000000)
  eden space 15872K, 100% used [0x00000000d5580000,0x00000000d6500000,0x00000000d6500000)
  from space 512K, 93% used [0x00000000d6500000,0x00000000d6578000,0x00000000d6580000)
  to   space 3584K, 0% used [0x00000000d6b00000,0x00000000d6b00000,0x00000000d6e80000)
 ParOldGen       total 68608K, used 29269K [0x0000000080000000, 0x0000000084300000, 0x00000000d5580000)
  object space 68608K, 42% used [0x0000000080000000,0x0000000081c955e0,0x0000000084300000)
 Metaspace       used 40945K, committed 42112K, reserved 1114112K
  class space    used 4356K, committed 4864K, reserved 1048576K
}
Event: 5.440 GC heap after
{Heap after GC invocations=20 (full 2):
 PSYoungGen      total 16896K, used 544K [0x00000000d5580000, 0x00000000d6c00000, 0x0000000100000000)
  eden space 15872K, 0% used [0x00000000d5580000,0x00000000d5580000,0x00000000d6500000)
  from space 1024K, 53% used [0x00000000d6b00000,0x00000000d6b88000,0x00000000d6c00000)
  to   space 1024K, 0% used [0x00000000d6a00000,0x00000000d6a00000,0x00000000d6b00000)
 ParOldGen       total 68608K, used 29589K [0x0000000080000000, 0x0000000084300000, 0x00000000d5580000)
  object space 68608K, 43% used [0x0000000080000000,0x0000000081ce55e0,0x0000000084300000)
 Metaspace       used 40945K, committed 42112K, reserved 1114112K
  class space    used 4356K, committed 4864K, reserved 1048576K
}
Event: 5.618 GC heap before
{Heap before GC invocations=21 (full 2):
 PSYoungGen      total 16896K, used 16416K [0x00000000d5580000, 0x00000000d6c00000, 0x0000000100000000)
  eden space 15872K, 100% used [0x00000000d5580000,0x00000000d6500000,0x00000000d6500000)
  from space 1024K, 53% used [0x00000000d6b00000,0x00000000d6b88000,0x00000000d6c00000)
  to   space 1024K, 0% used [0x00000000d6a00000,0x00000000d6a00000,0x00000000d6b00000)
 ParOldGen       total 68608K, used 29589K [0x0000000080000000, 0x0000000084300000, 0x00000000d5580000)
  object space 68608K, 43% used [0x0000000080000000,0x0000000081ce55e0,0x0000000084300000)
 Metaspace       used 42660K, committed 43904K, reserved 1114112K
  class space    used 4588K, committed 5120K, reserved 1048576K
}
Event: 5.620 GC heap after
{Heap after GC invocations=21 (full 2):
 PSYoungGen      total 16896K, used 896K [0x00000000d5580000, 0x00000000d6b80000, 0x0000000100000000)
  eden space 15872K, 0% used [0x00000000d5580000,0x00000000d5580000,0x00000000d6500000)
  from space 1024K, 87% used [0x00000000d6a00000,0x00000000d6ae0000,0x00000000d6b00000)
  to   space 512K, 0% used [0x00000000d6b00000,0x00000000d6b00000,0x00000000d6b80000)
 ParOldGen       total 68608K, used 29989K [0x0000000080000000, 0x0000000084300000, 0x00000000d5580000)
  object space 68608K, 43% used [0x0000000080000000,0x0000000081d495e0,0x0000000084300000)
 Metaspace       used 42660K, committed 43904K, reserved 1114112K
  class space    used 4588K, committed 5120K, reserved 1048576K
}
Event: 5.910 GC heap before
{Heap before GC invocations=22 (full 2):
 PSYoungGen      total 16896K, used 16768K [0x00000000d5580000, 0x00000000d6b80000, 0x0000000100000000)
  eden space 15872K, 100% used [0x00000000d5580000,0x00000000d6500000,0x00000000d6500000)
  from space 1024K, 87% used [0x00000000d6a00000,0x00000000d6ae0000,0x00000000d6b00000)
  to   space 512K, 0% used [0x00000000d6b00000,0x00000000d6b00000,0x00000000d6b80000)
 ParOldGen       total 68608K, used 29989K [0x0000000080000000, 0x0000000084300000, 0x00000000d5580000)
  object space 68608K, 43% used [0x0000000080000000,0x0000000081d495e0,0x0000000084300000)
 Metaspace       used 44530K, committed 45760K, reserved 1114112K
  class space    used 4849K, committed 5376K, reserved 1048576K
}
Event: 5.913 GC heap after
{Heap after GC invocations=22 (full 2):
 PSYoungGen      total 16384K, used 512K [0x00000000d5580000, 0x00000000d6b80000, 0x0000000100000000)
  eden space 15872K, 0% used [0x00000000d5580000,0x00000000d5580000,0x00000000d6500000)
  from space 512K, 100% used [0x00000000d6b00000,0x00000000d6b80000,0x00000000d6b80000)
  to   space 2048K, 0% used [0x00000000d6780000,0x00000000d6780000,0x00000000d6980000)
 ParOldGen       total 68608K, used 31220K [0x0000000080000000, 0x0000000084300000, 0x00000000d5580000)
  object space 68608K, 45% used [0x0000000080000000,0x0000000081e7d300,0x0000000084300000)
 Metaspace       used 44530K, committed 45760K, reserved 1114112K
  class space    used 4849K, committed 5376K, reserved 1048576K
}
Event: 6.157 GC heap before
{Heap before GC invocations=23 (full 2):
 PSYoungGen      total 16384K, used 16384K [0x00000000d5580000, 0x00000000d6b80000, 0x0000000100000000)
  eden space 15872K, 100% used [0x00000000d5580000,0x00000000d6500000,0x00000000d6500000)
  from space 512K, 100% used [0x00000000d6b00000,0x00000000d6b80000,0x00000000d6b80000)
  to   space 2048K, 0% used [0x00000000d6780000,0x00000000d6780000,0x00000000d6980000)
 ParOldGen       total 68608K, used 31220K [0x0000000080000000, 0x0000000084300000, 0x00000000d5580000)
  object space 68608K, 45% used [0x0000000080000000,0x0000000081e7d300,0x0000000084300000)
 Metaspace       used 46131K, committed 47360K, reserved 1114112K
  class space    used 5033K, committed 5568K, reserved 1048576K
}
Event: 6.159 GC heap after
{Heap after GC invocations=23 (full 2):
 PSYoungGen      total 17920K, used 987K [0x00000000d5580000, 0x00000000d6b80000, 0x0000000100000000)
  eden space 15872K, 0% used [0x00000000d5580000,0x00000000d5580000,0x00000000d6500000)
  from space 2048K, 48% used [0x00000000d6780000,0x00000000d6876e98,0x00000000d6980000)
  to   space 1536K, 0% used [0x00000000d6a00000,0x00000000d6a00000,0x00000000d6b80000)
 ParOldGen       total 68608K, used 31760K [0x0000000080000000, 0x0000000084300000, 0x00000000d5580000)
  object space 68608K, 46% used [0x0000000080000000,0x0000000081f04310,0x0000000084300000)
 Metaspace       used 46131K, committed 47360K, reserved 1114112K
  class space    used 5033K, committed 5568K, reserved 1048576K
}
Event: 6.340 GC heap before
{Heap before GC invocations=24 (full 2):
 PSYoungGen      total 17920K, used 16859K [0x00000000d5580000, 0x00000000d6b80000, 0x0000000100000000)
  eden space 15872K, 99% used [0x00000000d5580000,0x00000000d64fffe8,0x00000000d6500000)
  from space 2048K, 48% used [0x00000000d6780000,0x00000000d6876e98,0x00000000d6980000)
  to   space 1536K, 0% used [0x00000000d6a00000,0x00000000d6a00000,0x00000000d6b80000)
 ParOldGen       total 68608K, used 31760K [0x0000000080000000, 0x0000000084300000, 0x00000000d5580000)
  object space 68608K, 46% used [0x0000000080000000,0x0000000081f04310,0x0000000084300000)
 Metaspace       used 46877K, committed 48064K, reserved 1114112K
  class space    used 5107K, committed 5632K, reserved 1048576K
}
Event: 6.342 GC heap after
{Heap after GC invocations=24 (full 2):
 PSYoungGen      total 16896K, used 608K [0x00000000d5580000, 0x00000000d6b00000, 0x0000000100000000)
  eden space 15872K, 0% used [0x00000000d5580000,0x00000000d5580000,0x00000000d6500000)
  from space 1024K, 59% used [0x00000000d6a00000,0x00000000d6a98000,0x00000000d6b00000)
  to   space 1024K, 0% used [0x00000000d6900000,0x00000000d6900000,0x00000000d6a00000)
 ParOldGen       total 68608K, used 32544K [0x0000000080000000, 0x0000000084300000, 0x00000000d5580000)
  object space 68608K, 47% used [0x0000000080000000,0x0000000081fc83b8,0x0000000084300000)
 Metaspace       used 46877K, committed 48064K, reserved 1114112K
  class space    used 5107K, committed 5632K, reserved 1048576K
}
Event: 6.674 GC heap before
{Heap before GC invocations=25 (full 2):
 PSYoungGen      total 16896K, used 16480K [0x00000000d5580000, 0x00000000d6b00000, 0x0000000100000000)
  eden space 15872K, 100% used [0x00000000d5580000,0x00000000d6500000,0x00000000d6500000)
  from space 1024K, 59% used [0x00000000d6a00000,0x00000000d6a98000,0x00000000d6b00000)
  to   space 1024K, 0% used [0x00000000d6900000,0x00000000d6900000,0x00000000d6a00000)
 ParOldGen       total 68608K, used 32544K [0x0000000080000000, 0x0000000084300000, 0x00000000d5580000)
  object space 68608K, 47% used [0x0000000080000000,0x0000000081fc83b8,0x0000000084300000)
 Metaspace       used 47749K, committed 49088K, reserved 1114112K
  class space    used 5201K, committed 5760K, reserved 1048576K
}
Event: 6.679 GC heap after
{Heap after GC invocations=25 (full 2):
 PSYoungGen      total 16896K, used 1006K [0x00000000d5580000, 0x00000000d7000000, 0x0000000100000000)
  eden space 15872K, 0% used [0x00000000d5580000,0x00000000d5580000,0x00000000d6500000)
  from space 1024K, 98% used [0x00000000d6900000,0x00000000d69fba00,0x00000000d6a00000)
  to   space 5632K, 0% used [0x00000000d6a80000,0x00000000d6a80000,0x00000000d7000000)
 ParOldGen       total 68608K, used 36188K [0x0000000080000000, 0x0000000084300000, 0x00000000d5580000)
  object space 68608K, 52% used [0x0000000080000000,0x00000000823573c8,0x0000000084300000)
 Metaspace       used 47749K, committed 49088K, reserved 1114112K
  class space    used 5201K, committed 5760K, reserved 1048576K
}

Dll operation events (10 events):
Event: 0.020 Loaded shared library c:\Users\DELL\.vscode\extensions\redhat.java-1.53.0-win32-x64\jre\21.0.10-win32-x86_64\bin\java.dll
Event: 0.128 Loaded shared library c:\Users\DELL\.vscode\extensions\redhat.java-1.53.0-win32-x64\jre\21.0.10-win32-x86_64\bin\zip.dll
Event: 0.150 Loaded shared library C:\Users\DELL\.vscode\extensions\redhat.java-1.53.0-win32-x64\jre\21.0.10-win32-x86_64\bin\instrument.dll
Event: 0.157 Loaded shared library C:\Users\DELL\.vscode\extensions\redhat.java-1.53.0-win32-x64\jre\21.0.10-win32-x86_64\bin\net.dll
Event: 0.161 Loaded shared library C:\Users\DELL\.vscode\extensions\redhat.java-1.53.0-win32-x64\jre\21.0.10-win32-x86_64\bin\nio.dll
Event: 0.166 Loaded shared library C:\Users\DELL\.vscode\extensions\redhat.java-1.53.0-win32-x64\jre\21.0.10-win32-x86_64\bin\zip.dll
Event: 0.187 Loaded shared library C:\Users\DELL\.vscode\extensions\redhat.java-1.53.0-win32-x64\jre\21.0.10-win32-x86_64\bin\jimage.dll
Event: 0.284 Loaded shared library c:\Users\DELL\.vscode\extensions\redhat.java-1.53.0-win32-x64\jre\21.0.10-win32-x86_64\bin\verify.dll
Event: 1.657 Loaded shared library C:\Users\DELL\AppData\Roaming\Code\User\globalStorage\redhat.java\1.53.0\config_win\org.eclipse.equinox.launcher\org.eclipse.equinox.launcher.win32.win32.x86_64_1.3.0.v20260203-2149\eclipse_11919.dll
Event: 3.122 Loaded shared library C:\Users\DELL\AppData\Local\Temp\jna-2094529\jna16538684486692611436.dll

Deoptimization events (20 events):
Event: 6.774 Thread 0x0000016ff3bed340 Uncommon trap: trap_request=0xffffff45 fr.pc=0x0000016fdfa1c1ac relative=0x000000000000016c
Event: 6.774 Thread 0x0000016ff3bed340 Uncommon trap: reason=unstable_if action=reinterpret pc=0x0000016fdfa1c1ac method=java.util.concurrent.ConcurrentHashMap.addCount(JI)V @ 34 c2
Event: 6.774 Thread 0x0000016ff3bed340 DEOPT PACKING pc=0x0000016fdfa1c1ac sp=0x00000052f45fd570
Event: 6.774 Thread 0x0000016ff3bed340 DEOPT UNPACKING pc=0x0000016fdf376da2 sp=0x00000052f45fd4b0 mode 2
Event: 6.809 Thread 0x0000016ff3bea550 Uncommon trap: trap_request=0xffffff45 fr.pc=0x0000016fdf96af4c relative=0x0000000000002cec
Event: 6.809 Thread 0x0000016ff3bea550 Uncommon trap: reason=unstable_if action=reinterpret pc=0x0000016fdf96af4c method=java.util.concurrent.locks.ReentrantLock$Sync.lock()V @ 4 c2
Event: 6.809 Thread 0x0000016ff3bea550 DEOPT PACKING pc=0x0000016fdf96af4c sp=0x00000052f47fd750
Event: 6.809 Thread 0x0000016ff3bea550 DEOPT UNPACKING pc=0x0000016fdf376da2 sp=0x00000052f47fd5a8 mode 2
Event: 6.822 Thread 0x0000016ff3bea550 Uncommon trap: trap_request=0xffffffde fr.pc=0x0000016fdfa510cc relative=0x00000000000000ac
Event: 6.822 Thread 0x0000016ff3bea550 Uncommon trap: reason=class_check action=maybe_recompile pc=0x0000016fdfa510cc method=jdk.internal.util.StrongReferenceKey.equals(Ljava/lang/Object;)Z @ 1 c2
Event: 6.822 Thread 0x0000016ff3bea550 DEOPT PACKING pc=0x0000016fdfa510cc sp=0x00000052f47fd850
Event: 6.822 Thread 0x0000016ff3bea550 DEOPT UNPACKING pc=0x0000016fdf376da2 sp=0x00000052f47fd7d8 mode 2
Event: 6.833 Thread 0x0000016ff3beb270 DEOPT PACKING pc=0x0000016fd89e5161 sp=0x00000052f37fd050
Event: 6.833 Thread 0x0000016ff3beb270 DEOPT UNPACKING pc=0x0000016fdf3778e2 sp=0x00000052f37fc510 mode 0
Event: 6.833 Thread 0x0000016ff3beb270 DEOPT PACKING pc=0x0000016fd89e5868 sp=0x00000052f37fcdc0
Event: 6.833 Thread 0x0000016ff3beb270 DEOPT UNPACKING pc=0x0000016fdf3778e2 sp=0x00000052f37fc268 mode 0
Event: 6.847 Thread 0x0000016ff3beb270 DEOPT PACKING pc=0x0000016fd89e9d4e sp=0x00000052f37fcfc0
Event: 6.847 Thread 0x0000016ff3beb270 DEOPT UNPACKING pc=0x0000016fdf3778e2 sp=0x00000052f37fc4a8 mode 0
Event: 6.877 Thread 0x0000016ff3beb270 DEOPT PACKING pc=0x0000016fd8a1a6e6 sp=0x00000052f37fd590
Event: 6.877 Thread 0x0000016ff3beb270 DEOPT UNPACKING pc=0x0000016fdf3778e2 sp=0x00000052f37fca80 mode 0

Classes loaded (20 events):
Event: 6.769 Loading class sun/nio/ch/FileChannelImpl$DefaultUnmapper
Event: 6.769 Loading class sun/nio/ch/FileChannelImpl$Unmapper
Event: 6.769 Loading class jdk/internal/access/foreign/UnmapperProxy
Event: 6.769 Loading class jdk/internal/access/foreign/UnmapperProxy done
Event: 6.769 Loading class sun/nio/ch/FileChannelImpl$Unmapper done
Event: 6.769 Loading class sun/nio/ch/FileChannelImpl$DefaultUnmapper done
Event: 6.770 Loading class sun/nio/ch/Util$4
Event: 6.770 Loading class sun/nio/ch/Util$4 done
Event: 6.781 Loading class java/nio/file/ClosedDirectoryStreamException
Event: 6.781 Loading class java/nio/file/ClosedDirectoryStreamException done
Event: 6.782 Loading class jdk/internal/jrtfs/JrtFileSystem
Event: 6.783 Loading class jdk/internal/jrtfs/JrtFileSystem done
Event: 6.783 Loading class jdk/internal/jrtfs/JrtPath
Event: 6.785 Loading class jdk/internal/jrtfs/JrtPath done
Event: 6.785 Loading class jdk/internal/jimage/ImageReader$Node
Event: 6.785 Loading class jdk/internal/jimage/ImageReader$Node done
Event: 6.793 Loading class java/nio/ByteBufferAsIntBufferL
Event: 6.794 Loading class java/nio/ByteBufferAsIntBufferL done
Event: 6.812 Loading class jdk/internal/jimage/ImageReader$Directory
Event: 6.814 Loading class jdk/internal/jimage/ImageReader$Directory done

Classes unloaded (7 events):
Event: 3.634 Thread 0x0000016feb662540 Unloading class 0x0000016f811af400 'java/lang/invoke/LambdaForm$MH+0x0000016f811af400'
Event: 3.634 Thread 0x0000016feb662540 Unloading class 0x0000016f811af000 'java/lang/invoke/LambdaForm$MH+0x0000016f811af000'
Event: 3.634 Thread 0x0000016feb662540 Unloading class 0x0000016f811aec00 'java/lang/invoke/LambdaForm$MH+0x0000016f811aec00'
Event: 3.634 Thread 0x0000016feb662540 Unloading class 0x0000016f811ae800 'java/lang/invoke/LambdaForm$MH+0x0000016f811ae800'
Event: 3.634 Thread 0x0000016feb662540 Unloading class 0x0000016f811ae400 'java/lang/invoke/LambdaForm$BMH+0x0000016f811ae400'
Event: 3.634 Thread 0x0000016feb662540 Unloading class 0x0000016f811ae000 'java/lang/invoke/LambdaForm$DMH+0x0000016f811ae000'
Event: 3.634 Thread 0x0000016feb662540 Unloading class 0x0000016f811acc00 'java/lang/invoke/LambdaForm$DMH+0x0000016f811acc00'

Classes redefined (0 events):
No events

Internal exceptions (20 events):
Event: 6.451 Thread 0x0000016ff3bee060 Exception <a 'sun/nio/fs/WindowsException'{0x00000000d5de3900}> (0x00000000d5de3900) 
thrown [s\src\hotspot\share\prims\jni.cpp, line 520]
Event: 6.681 Thread 0x0000016ff3beb270 Exception <a 'java/io/FileNotFoundException'{0x00000000d5581e80}> (0x00000000d5581e80) 
thrown [s\src\hotspot\share\prims\jni.cpp, line 520]
Event: 6.681 Thread 0x0000016ff3beb270 Exception <a 'java/io/FileNotFoundException'{0x00000000d5582e78}> (0x00000000d5582e78) 
thrown [s\src\hotspot\share\prims\jni.cpp, line 520]
Event: 6.682 Thread 0x0000016ff3beb270 Exception <a 'java/io/FileNotFoundException'{0x00000000d5583bd0}> (0x00000000d5583bd0) 
thrown [s\src\hotspot\share\prims\jni.cpp, line 520]
Event: 6.684 Thread 0x0000016ff3b1d110 Implicit null exception at 0x0000016fdf9b1463 to 0x0000016fdf9b2058
Event: 6.706 Thread 0x0000016ff3beb270 Exception <a 'sun/nio/fs/WindowsException'{0x00000000d57059f8}> (0x00000000d57059f8) 
thrown [s\src\hotspot\share\prims\jni.cpp, line 520]
Event: 6.706 Thread 0x0000016ff3beb270 Exception <a 'sun/nio/fs/WindowsException'{0x00000000d57067e0}> (0x00000000d57067e0) 
thrown [s\src\hotspot\share\prims\jni.cpp, line 520]
Event: 6.706 Thread 0x0000016ff3beb270 Exception <a 'sun/nio/fs/WindowsException'{0x00000000d5707b48}> (0x00000000d5707b48) 
thrown [s\src\hotspot\share\prims\jni.cpp, line 520]
Event: 6.707 Thread 0x0000016ff3beb270 Exception <a 'sun/nio/fs/WindowsException'{0x00000000d5708428}> (0x00000000d5708428) 
thrown [s\src\hotspot\share\prims\jni.cpp, line 520]
Event: 6.707 Thread 0x0000016ff3beb270 Exception <a 'sun/nio/fs/WindowsException'{0x00000000d57097a0}> (0x00000000d57097a0) 
thrown [s\src\hotspot\share\prims\jni.cpp, line 520]
Event: 6.707 Thread 0x0000016ff3beb270 Exception <a 'sun/nio/fs/WindowsException'{0x00000000d5709ff0}> (0x00000000d5709ff0) 
thrown [s\src\hotspot\share\prims\jni.cpp, line 520]
Event: 6.708 Thread 0x0000016ff3beb270 Exception <a 'sun/nio/fs/WindowsException'{0x00000000d570b2f0}> (0x00000000d570b2f0) 
thrown [s\src\hotspot\share\prims\jni.cpp, line 520]
Event: 6.708 Thread 0x0000016ff3beb270 Exception <a 'sun/nio/fs/WindowsException'{0x00000000d570bdf0}> (0x00000000d570bdf0) 
thrown [s\src\hotspot\share\prims\jni.cpp, line 520]
Event: 6.708 Thread 0x0000016ff3beb270 Exception <a 'sun/nio/fs/WindowsException'{0x00000000d570d158}> (0x00000000d570d158) 
thrown [s\src\hotspot\share\prims\jni.cpp, line 520]
Event: 6.708 Thread 0x0000016ff3beb270 Exception <a 'sun/nio/fs/WindowsException'{0x00000000d570da38}> (0x00000000d570da38) 
thrown [s\src\hotspot\share\prims\jni.cpp, line 520]
Event: 6.708 Thread 0x0000016ff3beb270 Exception <a 'sun/nio/fs/WindowsException'{0x00000000d570edb0}> (0x00000000d570edb0) 
thrown [s\src\hotspot\share\prims\jni.cpp, line 520]
Event: 6.709 Thread 0x0000016ff3beb270 Exception <a 'sun/nio/fs/WindowsException'{0x00000000d570f600}> (0x00000000d570f600) 
thrown [s\src\hotspot\share\prims\jni.cpp, line 520]
Event: 6.754 Thread 0x0000016ff3bee060 Exception <a 'java/lang/IncompatibleClassChangeError'{0x00000000d58a6ce0}: Found class java.lang.Object, but interface was expected> (0x00000000d58a6ce0) 
thrown [s\src\hotspot\share\interpreter\linkResolver.cpp, line 840]
Event: 6.772 Thread 0x0000016ff3beb270 Exception <a 'java/lang/NoSuchMethodError'{0x00000000d59cc130}: 'java.lang.Object java.lang.invoke.DelegatingMethodHandle$Holder.reinvoke_L(java.lang.Object, int, long, java.lang.Object, java.lang.Object, int, java.lang.Object)'> (0x00000000d59cc130) 
thrown [s\src\hotspot\share\interpreter\linkResolver.cpp, line 773]
Event: 6.852 Thread 0x0000016ff3bf07c0 Exception <a 'java/lang/NoSuchMethodError'{0x00000000d5e7f770}: 'java.lang.Object java.lang.invoke.DirectMethodHandle$Holder.invokeStaticInit(java.lang.Object, java.lang.Object, java.lang.Object)'> (0x00000000d5e7f770) 
thrown [s\src\hotspot\share\interpreter\linkResolver.cpp, line 773]

ZGC Phase Switch (0 events):
No events

VM Operations (20 events):
Event: 6.340 Executing safepoint VM operation: ParallelGCFailedAllocation (Allocation Failure)
Event: 6.342 Executing safepoint VM operation: ParallelGCFailedAllocation (Allocation Failure) done
Event: 6.411 Executing non-safepoint VM operation: HandshakeAllThreads (Deoptimize)
Event: 6.412 Executing non-safepoint VM operation: HandshakeAllThreads (Deoptimize) done
Event: 6.466 Executing non-safepoint VM operation: HandshakeAllThreads (Deoptimize)
Event: 6.466 Executing non-safepoint VM operation: HandshakeAllThreads (Deoptimize) done
Event: 6.467 Executing non-safepoint VM operation: HandshakeAllThreads (Deoptimize)
Event: 6.467 Executing non-safepoint VM operation: HandshakeAllThreads (Deoptimize) done
Event: 6.673 Executing safepoint VM operation: ParallelGCFailedAllocation (Allocation Failure)
Event: 6.679 Executing safepoint VM operation: ParallelGCFailedAllocation (Allocation Failure) done
Event: 6.728 Executing non-safepoint VM operation: HandshakeAllThreads (Deoptimize)
Event: 6.728 Executing non-safepoint VM operation: HandshakeAllThreads (Deoptimize) done
Event: 6.740 Executing non-safepoint VM operation: HandshakeAllThreads (Deoptimize)
Event: 6.740 Executing non-safepoint VM operation: HandshakeAllThreads (Deoptimize) done
Event: 6.742 Executing non-safepoint VM operation: HandshakeAllThreads (Deoptimize)
Event: 6.742 Executing non-safepoint VM operation: HandshakeAllThreads (Deoptimize) done
Event: 6.811 Executing non-safepoint VM operation: HandshakeAllThreads (Deoptimize)
Event: 6.811 Executing non-safepoint VM operation: HandshakeAllThreads (Deoptimize) done
Event: 6.860 Executing non-safepoint VM operation: HandshakeAllThreads (Deoptimize)
Event: 6.860 Executing non-safepoint VM operation: HandshakeAllThreads (Deoptimize) done

Memory protections (0 events):
No events

Nmethod flushes (20 events):
Event: 4.744 Thread 0x0000016feb662540 flushing  nmethod 0x0000016fd8393b90
Event: 4.744 Thread 0x0000016feb662540 flushing  nmethod 0x0000016fd83c0c90
Event: 4.744 Thread 0x0000016feb662540 flushing  nmethod 0x0000016fd83dfe90
Event: 4.744 Thread 0x0000016feb662540 flushing  nmethod 0x0000016fd840aa10
Event: 4.744 Thread 0x0000016feb662540 flushing  nmethod 0x0000016fd8419890
Event: 4.744 Thread 0x0000016feb662540 flushing  nmethod 0x0000016fd841a310
Event: 4.744 Thread 0x0000016feb662540 flushing  nmethod 0x0000016fd841bc90
Event: 4.744 Thread 0x0000016feb662540 flushing  nmethod 0x0000016fd841c090
Event: 4.744 Thread 0x0000016feb662540 flushing  nmethod 0x0000016fd842c010
Event: 4.744 Thread 0x0000016feb662540 flushing  nmethod 0x0000016fd842ca10
Event: 4.744 Thread 0x0000016feb662540 flushing  nmethod 0x0000016fd8442490
Event: 4.744 Thread 0x0000016feb662540 flushing  nmethod 0x0000016fd8449e90
Event: 4.744 Thread 0x0000016feb662540 flushing  nmethod 0x0000016fd845ba10
Event: 4.744 Thread 0x0000016feb662540 flushing  nmethod 0x0000016fd8470290
Event: 4.744 Thread 0x0000016feb662540 flushing  nmethod 0x0000016fd847bd90
Event: 4.744 Thread 0x0000016feb662540 flushing  nmethod 0x0000016fd84afc10
Event: 4.744 Thread 0x0000016feb662540 flushing  nmethod 0x0000016fd84fa210
Event: 4.744 Thread 0x0000016feb662540 flushing  nmethod 0x0000016fd851e390
Event: 4.744 Thread 0x0000016feb662540 flushing  nmethod 0x0000016fd851e810
Event: 4.744 Thread 0x0000016feb662540 flushing  nmethod 0x0000016fd8537a10

Events (20 events):
Event: 4.556 Thread 0x0000016ff3be9830 Thread added: 0x0000016ff3beb270
Event: 4.574 Thread 0x0000016fd298f960 Thread added: 0x0000016ff3bed9d0
Event: 4.575 Thread 0x0000016fd298f960 Thread added: 0x0000016ff3beb900
Event: 4.575 Thread 0x0000016fd298f960 Thread added: 0x0000016ff3beccb0
Event: 4.575 Thread 0x0000016fd298f960 Thread added: 0x0000016ff3bec620
Event: 4.575 Thread 0x0000016fd298f960 Thread added: 0x0000016ff3beabe0
Event: 4.575 Thread 0x0000016fd298f960 Thread added: 0x0000016ff3beed80
Event: 4.575 Thread 0x0000016fd298f960 Thread added: 0x0000016ff3bef410
Event: 4.575 Thread 0x0000016fd298f960 Thread added: 0x0000016ff3bee6f0
Event: 4.575 Thread 0x0000016fd298f960 Thread added: 0x0000016ff3befaa0
Event: 4.594 Thread 0x0000016fd298f960 Thread added: 0x0000016ff3bf0130
Event: 4.712 Thread 0x0000016fd298f960 Thread added: 0x0000016ff3bebf90
Event: 4.712 Thread 0x0000016fd298f960 Thread added: 0x0000016ff3bee060
Event: 4.938 Thread 0x0000016ff1dc5bf0 Thread added: 0x0000016ff3bf07c0
Event: 4.938 Thread 0x0000016ff1dc5bf0 Thread added: 0x0000016ff3bed340
Event: 4.938 Thread 0x0000016ff3bf07c0 Thread added: 0x0000016ff3bf0e50
Event: 4.938 Thread 0x0000016ff3bed340 Thread added: 0x0000016ff3bea550
Event: 4.938 Thread 0x0000016ff3bf0e50 Thread added: 0x0000016ff3b240a0
Event: 4.939 Thread 0x0000016ff3bea550 Thread added: 0x0000016ff3b1d110
Event: 4.939 Thread 0x0000016ff3b240a0 Thread added: 0x0000016ff3b1de30


Dynamic libraries:
0x00007ff74e3d0000 - 0x00007ff74e3de000 	c:\Users\DELL\.vscode\extensions\redhat.java-1.53.0-win32-x64\jre\21.0.10-win32-x86_64\bin\java.exe
0x00007fffcf970000 - 0x00007fffcfb68000 	C:\WINDOWS\SYSTEM32\ntdll.dll
0x00007fffcd9a0000 - 0x00007fffcda61000 	C:\WINDOWS\System32\KERNEL32.DLL
0x00007fffcd1e0000 - 0x00007fffcd4dd000 	C:\WINDOWS\System32\KERNELBASE.dll
0x00007fffcd600000 - 0x00007fffcd700000 	C:\WINDOWS\System32\ucrtbase.dll
0x00007fffacde0000 - 0x00007fffacdf8000 	c:\Users\DELL\.vscode\extensions\redhat.java-1.53.0-win32-x64\jre\21.0.10-win32-x86_64\bin\jli.dll
0x00007ffface20000 - 0x00007ffface3e000 	c:\Users\DELL\.vscode\extensions\redhat.java-1.53.0-win32-x64\jre\21.0.10-win32-x86_64\bin\VCRUNTIME140.dll
0x00007fffcf760000 - 0x00007fffcf8fd000 	C:\WINDOWS\System32\USER32.dll
0x00007fffcd1b0000 - 0x00007fffcd1d2000 	C:\WINDOWS\System32\win32u.dll
0x00007fffcf900000 - 0x00007fffcf92b000 	C:\WINDOWS\System32\GDI32.dll
0x00007fffcd700000 - 0x00007fffcd817000 	C:\WINDOWS\System32\gdi32full.dll
0x00007fffbda20000 - 0x00007fffbdcba000 	C:\WINDOWS\WinSxS\amd64_microsoft.windows.common-controls_6595b64144ccf1df_6.0.19041.4355_none_60b8b9eb71f62e16\COMCTL32.dll
0x00007fffcd900000 - 0x00007fffcd99d000 	C:\WINDOWS\System32\msvcp_win.dll
0x00007fffce640000 - 0x00007fffce6de000 	C:\WINDOWS\System32\msvcrt.dll
0x00007fffcf180000 - 0x00007fffcf1af000 	C:\WINDOWS\System32\IMM32.DLL
0x0000000065a80000 - 0x0000000065a8c000 	C:\Program Files (x86)\360\Total Security\safemon\SafeWrapper.dll
0x00007fffce870000 - 0x00007fffce920000 	C:\WINDOWS\System32\ADVAPI32.dll
0x00007fffcf340000 - 0x00007fffcf3e0000 	C:\WINDOWS\System32\sechost.dll
0x00007fffce360000 - 0x00007fffce483000 	C:\WINDOWS\System32\RPCRT4.dll
0x00007fffcd020000 - 0x00007fffcd047000 	C:\WINDOWS\System32\bcrypt.dll
0x00007fff90cf0000 - 0x00007fff90d9c000 	C:\Program Files (x86)\360\Total Security\safemon\libzdtp64.dll
0x00007fffce980000 - 0x00007fffcf0ef000 	C:\WINDOWS\System32\SHELL32.dll
0x00007fffce750000 - 0x00007fffce7a5000 	C:\WINDOWS\System32\SHLWAPI.dll
0x00007fffccb80000 - 0x00007fffccb8a000 	C:\WINDOWS\SYSTEM32\VERSION.dll
0x00007fffc70f0000 - 0x00007fffc70fc000 	c:\Users\DELL\.vscode\extensions\redhat.java-1.53.0-win32-x64\jre\21.0.10-win32-x86_64\bin\vcruntime140_1.dll
0x00007fff80470000 - 0x00007fff804fd000 	c:\Users\DELL\.vscode\extensions\redhat.java-1.53.0-win32-x64\jre\21.0.10-win32-x86_64\bin\msvcp140.dll
0x00007fff72010000 - 0x00007fff72db1000 	c:\Users\DELL\.vscode\extensions\redhat.java-1.53.0-win32-x64\jre\21.0.10-win32-x86_64\bin\server\jvm.dll
0x00007fffce6e0000 - 0x00007fffce74b000 	C:\WINDOWS\System32\WS2_32.dll
0x00007fffcc540000 - 0x00007fffcc58b000 	C:\WINDOWS\SYSTEM32\POWRPROF.dll
0x00007fffc11a0000 - 0x00007fffc11c7000 	C:\WINDOWS\SYSTEM32\WINMM.dll
0x00007fffcc3b0000 - 0x00007fffcc3c2000 	C:\WINDOWS\SYSTEM32\UMPDC.dll
0x00007fffcb7d0000 - 0x00007fffcb7e2000 	C:\WINDOWS\SYSTEM32\kernel.appcore.dll
0x00007fffbd200000 - 0x00007fffbd20a000 	c:\Users\DELL\.vscode\extensions\redhat.java-1.53.0-win32-x64\jre\21.0.10-win32-x86_64\bin\jimage.dll
0x00007fffcb4e0000 - 0x00007fffcb6c4000 	C:\WINDOWS\SYSTEM32\DBGHELP.DLL
0x00007fffc2e00000 - 0x00007fffc2e34000 	C:\WINDOWS\SYSTEM32\dbgcore.DLL
0x00007fffcd820000 - 0x00007fffcd8a2000 	C:\WINDOWS\System32\bcryptPrimitives.dll
0x00007fffbcf80000 - 0x00007fffbcf8f000 	c:\Users\DELL\.vscode\extensions\redhat.java-1.53.0-win32-x64\jre\21.0.10-win32-x86_64\bin\instrument.dll
0x00007fff9aca0000 - 0x00007fff9acc0000 	c:\Users\DELL\.vscode\extensions\redhat.java-1.53.0-win32-x64\jre\21.0.10-win32-x86_64\bin\java.dll
0x00007fffcac60000 - 0x00007fffcb403000 	C:\WINDOWS\SYSTEM32\windows.storage.dll
0x00007fffcf3e0000 - 0x00007fffcf733000 	C:\WINDOWS\System32\combase.dll
0x00007fffcc9e0000 - 0x00007fffcca0e000 	C:\WINDOWS\SYSTEM32\Wldp.dll
0x00007fffcda70000 - 0x00007fffcdb3d000 	C:\WINDOWS\System32\OLEAUT32.dll
0x00007fffcf290000 - 0x00007fffcf33d000 	C:\WINDOWS\System32\SHCORE.dll
0x00007fffccf50000 - 0x00007fffccf74000 	C:\WINDOWS\SYSTEM32\profapi.dll
0x00007fff9c580000 - 0x00007fff9c598000 	c:\Users\DELL\.vscode\extensions\redhat.java-1.53.0-win32-x64\jre\21.0.10-win32-x86_64\bin\zip.dll
0x00007fffb89e0000 - 0x00007fffb89f0000 	C:\Users\DELL\.vscode\extensions\redhat.java-1.53.0-win32-x64\jre\21.0.10-win32-x86_64\bin\net.dll
0x00007fffc9ec0000 - 0x00007fffc9fcd000 	C:\WINDOWS\SYSTEM32\WINHTTP.dll
0x00007fffcc740000 - 0x00007fffcc7aa000 	C:\WINDOWS\system32\mswsock.dll
0x00007fff95230000 - 0x00007fff95246000 	C:\Users\DELL\.vscode\extensions\redhat.java-1.53.0-win32-x64\jre\21.0.10-win32-x86_64\bin\nio.dll
0x00007fffa97d0000 - 0x00007fffa97e0000 	c:\Users\DELL\.vscode\extensions\redhat.java-1.53.0-win32-x64\jre\21.0.10-win32-x86_64\bin\verify.dll
0x00007fff7ff90000 - 0x00007fff7ffd5000 	C:\Users\DELL\AppData\Roaming\Code\User\globalStorage\redhat.java\1.53.0\config_win\org.eclipse.equinox.launcher\org.eclipse.equinox.launcher.win32.win32.x86_64_1.3.0.v20260203-2149\eclipse_11919.dll
0x00007fffcdb40000 - 0x00007fffcdc6b000 	C:\WINDOWS\System32\ole32.dll
0x00007fffcc930000 - 0x00007fffcc948000 	C:\WINDOWS\SYSTEM32\CRYPTSP.dll
0x00007fffcbff0000 - 0x00007fffcc024000 	C:\WINDOWS\system32\rsaenh.dll
0x00007fffcced0000 - 0x00007fffccefe000 	C:\WINDOWS\SYSTEM32\USERENV.dll
0x00007fffcc950000 - 0x00007fffcc95c000 	C:\WINDOWS\SYSTEM32\CRYPTBASE.dll
0x00007fffcc3d0000 - 0x00007fffcc40b000 	C:\WINDOWS\SYSTEM32\IPHLPAPI.DLL
0x00007fffcde60000 - 0x00007fffcde68000 	C:\WINDOWS\System32\NSI.dll
0x00007fff7ccf0000 - 0x00007fff7cd39000 	C:\Users\DELL\AppData\Local\Temp\jna-2094529\jna16538684486692611436.dll
0x00007fffcf750000 - 0x00007fffcf758000 	C:\WINDOWS\System32\PSAPI.DLL
0x00007fffc5230000 - 0x00007fffc5247000 	C:\WINDOWS\SYSTEM32\dhcpcsvc6.DLL
0x00007fffc6190000 - 0x00007fffc61ad000 	C:\WINDOWS\SYSTEM32\dhcpcsvc.DLL

JVMTI agents:
c:\Users\DELL\.vscode\extensions\redhat.java-1.53.0-win32-x64\lombok\lombok-1.18.39-4050.jar path:c:\Users\DELL\.vscode\extensions\redhat.java-1.53.0-win32-x64\jre\21.0.10-win32-x86_64\bin\instrument.dll, loaded, initialized, instrumentlib options:none

dbghelp: loaded successfully - version: 4.0.5 - missing functions: none
symbol engine: initialized successfully - sym options: 0x614 - pdb path: .;c:\Users\DELL\.vscode\extensions\redhat.java-1.53.0-win32-x64\jre\21.0.10-win32-x86_64\bin;C:\WINDOWS\SYSTEM32;C:\WINDOWS\WinSxS\amd64_microsoft.windows.common-controls_6595b64144ccf1df_6.0.19041.4355_none_60b8b9eb71f62e16;C:\Program Files (x86)\360\Total Security\safemon;c:\Users\DELL\.vscode\extensions\redhat.java-1.53.0-win32-x64\jre\21.0.10-win32-x86_64\bin\server;C:\Users\DELL\AppData\Roaming\Code\User\globalStorage\redhat.java\1.53.0\config_win\org.eclipse.equinox.launcher\org.eclipse.equinox.launcher.win32.win32.x86_64_1.3.0.v20260203-2149;C:\Users\DELL\AppData\Local\Temp\jna-2094529

VM Arguments:
jvm_args: --add-modules=ALL-SYSTEM --add-opens=java.base/java.util=ALL-UNNAMED --add-opens=java.base/java.lang=ALL-UNNAMED --add-opens=java.base/sun.nio.fs=ALL-UNNAMED -Declipse.application=org.eclipse.jdt.ls.core.id1 -Dosgi.bundles.defaultStartLevel=4 -Declipse.product=org.eclipse.jdt.ls.core.product -Djava.import.generatesMetadataFilesAtProjectRoot=false -DDetectVMInstallationsJob.disabled=true -Dfile.encoding=utf8 -XX:+UseParallelGC -XX:GCTimeRatio=4 -XX:AdaptiveSizePolicyWeight=90 -Dsun.zip.disableMemoryMapping=true -Xmx2G -Xms100m -Xlog:disable -javaagent:c:\Users\DELL\.vscode\extensions\redhat.java-1.53.0-win32-x64\lombok\lombok-1.18.39-4050.jar -XX:+HeapDumpOnOutOfMemoryError -XX:HeapDumpPath=c:\Users\DELL\AppData\Roaming\Code\User\workspaceStorage\c4577e2df24de4a98b84820b062c811c\redhat.java -Daether.dependencyCollector.impl=bf 
java_command: c:\Users\DELL\.vscode\extensions\redhat.java-1.53.0-win32-x64\server\plugins\org.eclipse.equinox.launcher_1.7.100.v20251111-0406.jar -configuration c:\Users\DELL\AppData\Roaming\Code\User\globalStorage\redhat.java\1.53.0\config_win -data c:\Users\DELL\AppData\Roaming\Code\User\workspaceStorage\c4577e2df24de4a98b84820b062c811c\redhat.java\jdt_ws --pipe=\\.\pipe\lsp-d767a69d875228c03426053edb2f1fc4-sock
java_class_path (initial): c:\Users\DELL\.vscode\extensions\redhat.java-1.53.0-win32-x64\server\plugins\org.eclipse.equinox.launcher_1.7.100.v20251111-0406.jar
Launcher Type: SUN_STANDARD

[Global flags]
    uintx AdaptiveSizePolicyWeight                 = 90                                        {product} {command line}
     intx CICompilerCount                          = 4                                         {product} {ergonomic}
    uintx GCTimeRatio                              = 4                                         {product} {command line}
     bool HeapDumpOnOutOfMemoryError               = true                                   {manageable} {command line}
    ccstr HeapDumpPath                             = c:\Users\DELL\AppData\Roaming\Code\User\workspaceStorage\c4577e2df24de4a98b84820b062c811c\redhat.java         {manageable} {command line}
   size_t InitialHeapSize                          = 104857600                                 {product} {command line}
   size_t MaxHeapSize                              = 2147483648                                {product} {command line}
   size_t MaxNewSize                               = 715653120                                 {product} {ergonomic}
   size_t MinHeapDeltaBytes                        = 524288                                    {product} {ergonomic}
   size_t MinHeapSize                              = 104857600                                 {product} {command line}
   size_t NewSize                                  = 34603008                                  {product} {ergonomic}
    uintx NonNMethodCodeHeapSize                   = 5839372                                {pd product} {ergonomic}
    uintx NonProfiledCodeHeapSize                  = 122909434                              {pd product} {ergonomic}
   size_t OldSize                                  = 70254592                                  {product} {ergonomic}
    uintx ProfiledCodeHeapSize                     = 122909434                              {pd product} {ergonomic}
    uintx ReservedCodeCacheSize                    = 251658240                              {pd product} {ergonomic}
     bool SegmentedCodeCache                       = true                                      {product} {ergonomic}
   size_t SoftMaxHeapSize                          = 2147483648                             {manageable} {ergonomic}
     bool UseCompressedOops                        = true                           {product lp64_product} {ergonomic}
     bool UseLargePagesIndividualAllocation        = false                                  {pd product} {ergonomic}
     bool UseParallelGC                            = true                                      {product} {command line}

Logging:
Log output configuration:
 #0: stdout all=off uptime,level,tags foldmultilines=false
 #1: stderr all=off uptime,level,tags foldmultilines=false

Release file:
JAVA_VERSION="21.0.10" 
MODULES="java.base java.compiler java.datatransfer java.xml java.prefs java.desktop java.instrument java.logging java.management java.security.sasl java.naming java.rmi java.management.rmi java.net.http java.scripting java.security.jgss java.transaction.xa java.sql java.sql.rowset java.xml.crypto java.se java.smartcardio jdk.accessibility jdk.internal.jvmstat jdk.attach jdk.charsets jdk.internal.opt jdk.zipfs jdk.compiler jdk.crypto.ec jdk.crypto.cryptoki jdk.crypto.mscapi jdk.dynalink jdk.internal.ed jdk.editpad jdk.hotspot.agent jdk.httpserver jdk.internal.le jdk.internal.vm.ci jdk.internal.vm.compiler jdk.internal.vm.compiler.management jdk.jartool jdk.javadoc jdk.jcmd jdk.management jdk.management.agent jdk.jconsole jdk.jdeps jdk.jdwp.agent jdk.jdi jdk.jfr jdk.jshell jdk.jsobject jdk.jstatd jdk.localedata jdk.management.jfr jdk.naming.dns jdk.naming.rmi jdk.net jdk.nio.mapmode jdk.random jdk.sctp jdk.security.auth jdk.security.jgss jdk.unsupported jdk.unsupported.desktop jdk.xml.dom" 

Environment Variables:
PATH=D:\Users\DELL\AppData\Local\Programs\Microsoft VS Code;C:\Program Files\Common Files\Oracle\Java\javapath;C:\WINDOWS;C:\WINDOWS\System32\Wbem;C:\WINDOWS\System32\WindowsPowerShell\v1.0\;C:\WINDOWS\System32\OpenSSH\;C:\WINDOWS\system32;D:\msys64\ucrt64\bin;C:\Program Files\dotnet\;C:\Program Files\Microsoft SQL Server\170\Tools\Binn\;C:\Program Files\Microsoft SQL Server\Client SDK\ODBC\170\Tools\Binn\;C:\Program Files\Git\cmd;C:\Users\DELL\AppData\Local\Microsoft\WindowsApps;D:\Users\DELL\AppData\Local\Programs\Microsoft VS Code\bin;C:\Users\DELL\.dotnet\tools;D:\flutter\bin;
USERNAME=DELL
OS=Windows_NT
PROCESSOR_IDENTIFIER=Intel64 Family 6 Model 140 Stepping 1, GenuineIntel
TMP=C:\Users\DELL\AppData\Local\Temp
TEMP=C:\Users\DELL\AppData\Local\Temp




Periodic native trim disabled

---------------  S Y S T E M  ---------------

OS:
 Windows 10 , 64 bit Build 19041 (10.0.19041.4842)
OS uptime: 0 days 0:29 hours

CPU: total 8 (initial active 8) (4 cores per cpu, 2 threads per core) family 6 model 140 stepping 1 microcode 0xb4, cx8, cmov, fxsr, ht, mmx, 3dnowpref, sse, sse2, sse3, ssse3, sse4.1, sse4.2, popcnt, lzcnt, tsc, tscinvbit, avx, avx2, aes, erms, clmul, bmi1, bmi2, adx, avx512f, avx512dq, avx512cd, avx512bw, avx512vl, sha, fma, vzeroupper, avx512_vpopcntdq, avx512_vpclmulqdq, avx512_vaes, avx512_vnni, clflush, clflushopt, clwb, avx512_vbmi2, avx512_vbmi, rdtscp, rdpid, fsrm, gfni, avx512_bitalg, f16c, pku, cet_ibt, cet_ss, avx512_ifma
Processor Information for the first 8 processors :
  Max Mhz: 1997, Current Mhz: 1997, Mhz Limit: 1997

Memory: 4k page, system-wide physical 3822M (189M free)
TotalPageFile size 8820M (AvailPageFile size 13M)
current process WorkingSet (physical memory assigned to process): 207M, peak: 223M
current process commit charge ("private bytes"): 327M, peak: 334M

vm_info: OpenJDK 64-Bit Server VM (21.0.10+7-LTS) for windows-amd64 JRE (21.0.10+7-LTS), built on 2026-01-20T00:00:00Z by "admin" with MS VC++ 17.12 (VS2022)

END.
