#
# There is insufficient memory for the Java Runtime Environment to continue.
# Native memory allocation (malloc) failed to allocate 388240 bytes. Error detail: Chunk::new
# Possible reasons:
#   The system is out of physical RAM or swap space
#   This process is running with CompressedOops enabled, and the Java Heap may be blocking the growth of the native heap
# Possible solutions:
#   Reduce memory load on the system
#   Increase physical memory or swap space
#   Check if swap backing store is full
#   Decrease Java heap size (-Xmx/-Xms)
#   Decrease number of Java threads
#   Decrease Java thread stack sizes (-Xss)
#   Set larger code cache with -XX:ReservedCodeCacheSize=
#   JVM is running with Unscaled Compressed Oops mode in which the Java heap is
#     placed in the first 4GB address space. The Java Heap base address is the
#     maximum limit for the native heap growth. Please use -XX:HeapBaseMinAddress
#     to set the Java Heap base and to place the Java Heap above 4GB virtual address.
# This output file may be truncated or incomplete.
#
#  Out of Memory Error (arena.cpp:168), pid=2116, tid=11840
#
# JRE version: OpenJDK Runtime Environment Temurin-21.0.10+7 (21.0.10+7) (build 21.0.10+7-LTS)
# Java VM: OpenJDK 64-Bit Server VM Temurin-21.0.10+7 (21.0.10+7-LTS, mixed mode, sharing, tiered, compressed oops, compressed class ptrs, parallel gc, windows-amd64)
# No core dump will be written. Minidumps are not enabled by default on client versions of Windows
#

---------------  S U M M A R Y ------------

Command Line: --add-modules=ALL-SYSTEM --add-opens=java.base/java.util=ALL-UNNAMED --add-opens=java.base/java.lang=ALL-UNNAMED --add-opens=java.base/sun.nio.fs=ALL-UNNAMED -Declipse.application=org.eclipse.jdt.ls.core.id1 -Dosgi.bundles.defaultStartLevel=4 -Declipse.product=org.eclipse.jdt.ls.core.product -Djava.import.generatesMetadataFilesAtProjectRoot=false -DDetectVMInstallationsJob.disabled=true -Dfile.encoding=utf8 -XX:+UseParallelGC -XX:GCTimeRatio=4 -XX:AdaptiveSizePolicyWeight=90 -Dsun.zip.disableMemoryMapping=true -Xmx2G -Xms100m -Xlog:disable -javaagent:c:\Users\DELL\.vscode\extensions\redhat.java-1.53.0-win32-x64\lombok\lombok-1.18.39-4050.jar -XX:+HeapDumpOnOutOfMemoryError -XX:HeapDumpPath=c:\Users\DELL\AppData\Roaming\Code\User\workspaceStorage\c4577e2df24de4a98b84820b062c811c\redhat.java -Daether.dependencyCollector.impl=bf c:\Users\DELL\.vscode\extensions\redhat.java-1.53.0-win32-x64\server\plugins\org.eclipse.equinox.launcher_1.7.100.v20251111-0406.jar -configuration c:\Users\DELL\AppData\Roaming\Code\User\globalStorage\redhat.java\1.53.0\config_win -data c:\Users\DELL\AppData\Roaming\Code\User\workspaceStorage\c4577e2df24de4a98b84820b062c811c\redhat.java\jdt_ws --pipe=\\.\pipe\lsp-ae8c1dd4fe1eb1dd24da376773a20b54-sock

Host: 11th Gen Intel(R) Core(TM) i3-1125G4 @ 2.00GHz, 8 cores, 3G,  Windows 10 , 64 bit Build 19041 (10.0.19041.4842)
Time: Fri Mar 27 15:35:07 2026 SE Asia Standard Time elapsed time: 8.895087 seconds (0d 0h 0m 8s)

---------------  T H R E A D  ---------------

Current thread (0x0000017cde147fb0):  JavaThread "C2 CompilerThread0" daemon [_thread_in_native, id=11840, stack(0x000000478c300000,0x000000478c400000) (1024K)]


Current CompileTask:
C2:8895 7014       4       org.eclipse.osgi.internal.loader.BundleLoader::addExportedProvidersFor (167 bytes)

Stack: [0x000000478c300000,0x000000478c400000]
Native frames: (J=compiled Java code, j=interpreted, Vv=VM code, C=native code)
V  [jvm.dll+0x6d7a39]
V  [jvm.dll+0x8b4b26]
V  [jvm.dll+0x8b70de]
V  [jvm.dll+0x8b77c3]
V  [jvm.dll+0x284346]
V  [jvm.dll+0xc66ed]
V  [jvm.dll+0xc6c31]
V  [jvm.dll+0x14214f]
V  [jvm.dll+0x666573]
V  [jvm.dll+0x664a7b]
V  [jvm.dll+0x24c3db]
V  [jvm.dll+0x24bb40]
V  [jvm.dll+0x1cb34e]
V  [jvm.dll+0x25b85d]
V  [jvm.dll+0x259dea]
V  [jvm.dll+0x3f857e]
V  [jvm.dll+0x85f59d]
V  [jvm.dll+0x6d626d]
C  [ucrtbase.dll+0x21bb2]
C  [KERNEL32.DLL+0x17374]
C  [ntdll.dll+0x4cc91]


---------------  P R O C E S S  ---------------

Threads class SMR info:
_java_thread_list=0x0000017ce7c39010, length=51, elements={
0x0000017cc534d730, 0x0000017cc777e630, 0x0000017cde13d720, 0x0000017cde13f9b0,
0x0000017cde1408d0, 0x0000017cde1426a0, 0x0000017cde145210, 0x0000017cde147fb0,
0x0000017cdfa58ed0, 0x0000017cdfc07880, 0x0000017cdfd2b1e0, 0x0000017ce40cc750,
0x0000017ce40ccde0, 0x0000017ce40cb3a0, 0x0000017ce40cad10, 0x0000017ce40cd470,
0x0000017ce40cba30, 0x0000017ce40cdb00, 0x0000017ce40ce190, 0x0000017ce50f5e70,
0x0000017ce50f7f40, 0x0000017ce50f3080, 0x0000017ce50f78b0, 0x0000017ce50f3710,
0x0000017ce50f0fb0, 0x0000017ce50f2360, 0x0000017ce50f85d0, 0x0000017ce50f4430,
0x0000017ce50f1640, 0x0000017ce50f6500, 0x0000017ce50f6b90, 0x0000017ce50f4ac0,
0x0000017ce50f5150, 0x0000017ce50f7220, 0x0000017ce50f1cd0, 0x0000017ce50f29f0,
0x0000017ce72b4e30, 0x0000017ce72b0c90, 0x0000017ce72b19b0, 0x0000017ce72b54c0,
0x0000017ce72b5b50, 0x0000017ce72b1320, 0x0000017ce72b0600, 0x0000017ce72b3a80,
0x0000017ce72b61e0, 0x0000017ce72b2040, 0x0000017ce72b6f00, 0x0000017ce72b6870,
0x0000017ce72b7590, 0x0000017ce72b7c20, 0x0000017ce72b26d0
}

Java Threads: ( => current thread )
  0x0000017cc534d730 JavaThread "main"                              [_thread_blocked, id=15320, stack(0x000000478b900000,0x000000478ba00000) (1024K)]
  0x0000017cc777e630 JavaThread "Reference Handler"          daemon [_thread_blocked, id=660, stack(0x000000478bd00000,0x000000478be00000) (1024K)]
  0x0000017cde13d720 JavaThread "Finalizer"                  daemon [_thread_blocked, id=5148, stack(0x000000478be00000,0x000000478bf00000) (1024K)]
  0x0000017cde13f9b0 JavaThread "Signal Dispatcher"          daemon [_thread_blocked, id=11688, stack(0x000000478bf00000,0x000000478c000000) (1024K)]
  0x0000017cde1408d0 JavaThread "Attach Listener"            daemon [_thread_blocked, id=8028, stack(0x000000478c000000,0x000000478c100000) (1024K)]
  0x0000017cde1426a0 JavaThread "Service Thread"             daemon [_thread_blocked, id=8852, stack(0x000000478c100000,0x000000478c200000) (1024K)]
  0x0000017cde145210 JavaThread "Monitor Deflation Thread"   daemon [_thread_blocked, id=6816, stack(0x000000478c200000,0x000000478c300000) (1024K)]
=>0x0000017cde147fb0 JavaThread "C2 CompilerThread0"         daemon [_thread_in_native, id=11840, stack(0x000000478c300000,0x000000478c400000) (1024K)]
  0x0000017cdfa58ed0 JavaThread "C1 CompilerThread0"         daemon [_thread_blocked, id=13932, stack(0x000000478c400000,0x000000478c500000) (1024K)]
  0x0000017cdfc07880 JavaThread "Common-Cleaner"             daemon [_thread_blocked, id=11680, stack(0x000000478c500000,0x000000478c600000) (1024K)]
  0x0000017cdfd2b1e0 JavaThread "Notification Thread"        daemon [_thread_blocked, id=4352, stack(0x000000478c700000,0x000000478c800000) (1024K)]
  0x0000017ce40cc750 JavaThread "Active Thread: Equinox Container: 1a3e6d7e-8688-40ee-a502-d1a47ec4bfd1"        [_thread_blocked, id=3068, stack(0x000000478ce00000,0x000000478cf00000) (1024K)]
  0x0000017ce40ccde0 JavaThread "Refresh Thread: Equinox Container: 1a3e6d7e-8688-40ee-a502-d1a47ec4bfd1" daemon [_thread_blocked, id=5288, stack(0x000000478d000000,0x000000478d100000) (1024K)]
  0x0000017ce40cb3a0 JavaThread "Framework Event Dispatcher: Equinox Container: 1a3e6d7e-8688-40ee-a502-d1a47ec4bfd1" daemon [_thread_blocked, id=11676, stack(0x000000478d100000,0x000000478d200000) (1024K)]
  0x0000017ce40cad10 JavaThread "Start Level: Equinox Container: 1a3e6d7e-8688-40ee-a502-d1a47ec4bfd1" daemon [_thread_blocked, id=13460, stack(0x000000478d200000,0x000000478d300000) (1024K)]
  0x0000017ce40cd470 JavaThread "Bundle File Closer"         daemon [_thread_blocked, id=6780, stack(0x000000478d300000,0x000000478d400000) (1024K)]
  0x0000017ce40cba30 JavaThread "SCR Component Actor"        daemon [_thread_blocked, id=3028, stack(0x000000478d400000,0x000000478d500000) (1024K)]
  0x0000017ce40cdb00 JavaThread "Worker-JM"                         [_thread_blocked, id=16092, stack(0x000000478d500000,0x000000478d600000) (1024K)]
  0x0000017ce40ce190 JavaThread "JNA Cleaner"                daemon [_thread_blocked, id=16304, stack(0x000000478d600000,0x000000478d700000) (1024K)]
  0x0000017ce50f5e70 JavaThread "Worker-0"                          [_thread_blocked, id=7660, stack(0x000000478d700000,0x000000478d800000) (1024K)]
  0x0000017ce50f7f40 JavaThread "Worker-1: Initialize workspace"        [_thread_in_vm, id=9376, stack(0x000000478d800000,0x000000478d900000) (1024K)]
  0x0000017ce50f3080 JavaThread "Worker-2"                          [_thread_blocked, id=16064, stack(0x000000478d900000,0x000000478da00000) (1024K)]
  0x0000017ce50f78b0 JavaThread "Java indexing"              daemon [_thread_blocked, id=2588, stack(0x000000478da00000,0x000000478db00000) (1024K)]
  0x0000017ce50f3710 JavaThread "Worker-3"                          [_thread_blocked, id=11584, stack(0x000000478db00000,0x000000478dc00000) (1024K)]
  0x0000017ce50f0fb0 JavaThread "Thread-1"                   daemon [_thread_in_native, id=13272, stack(0x000000478dc00000,0x000000478dd00000) (1024K)]
  0x0000017ce50f2360 JavaThread "Thread-2"                   daemon [_thread_in_native, id=6080, stack(0x000000478dd00000,0x000000478de00000) (1024K)]
  0x0000017ce50f85d0 JavaThread "Thread-3"                   daemon [_thread_in_native, id=11616, stack(0x000000478de00000,0x000000478df00000) (1024K)]
  0x0000017ce50f4430 JavaThread "Thread-4"                   daemon [_thread_in_native, id=1240, stack(0x000000478df00000,0x000000478e000000) (1024K)]
  0x0000017ce50f1640 JavaThread "Thread-5"                   daemon [_thread_in_native, id=12732, stack(0x000000478e000000,0x000000478e100000) (1024K)]
  0x0000017ce50f6500 JavaThread "Thread-6"                   daemon [_thread_in_native, id=16068, stack(0x000000478e100000,0x000000478e200000) (1024K)]
  0x0000017ce50f6b90 JavaThread "Thread-7"                   daemon [_thread_in_native, id=10368, stack(0x000000478e200000,0x000000478e300000) (1024K)]
  0x0000017ce50f4ac0 JavaThread "Thread-8"                   daemon [_thread_in_native, id=15764, stack(0x000000478e300000,0x000000478e400000) (1024K)]
  0x0000017ce50f5150 JavaThread "Thread-9"                   daemon [_thread_in_native, id=15476, stack(0x000000478e400000,0x000000478e500000) (1024K)]
  0x0000017ce50f7220 JavaThread "pool-2-thread-1"                   [_thread_blocked, id=11700, stack(0x000000478e500000,0x000000478e600000) (1024K)]
  0x0000017ce50f1cd0 JavaThread "WorkspaceEventsHandler"            [_thread_blocked, id=2032, stack(0x000000478e600000,0x000000478e700000) (1024K)]
  0x0000017ce50f29f0 JavaThread "pool-1-thread-1"                   [_thread_blocked, id=6628, stack(0x000000478e700000,0x000000478e800000) (1024K)]
  0x0000017ce72b4e30 JavaThread "Equinox resolver thread - Equinox Container: 1a3e6d7e-8688-40ee-a502-d1a47ec4bfd1" daemon [_thread_blocked, id=1288, stack(0x000000478e800000,0x000000478e900000) (1024K)]
  0x0000017ce72b0c90 JavaThread "Equinox resolver thread - Equinox Container: 1a3e6d7e-8688-40ee-a502-d1a47ec4bfd1" daemon [_thread_blocked, id=8148, stack(0x000000478e900000,0x000000478ea00000) (1024K)]
  0x0000017ce72b19b0 JavaThread "Equinox resolver thread - Equinox Container: 1a3e6d7e-8688-40ee-a502-d1a47ec4bfd1" daemon [_thread_blocked, id=8460, stack(0x000000478ea00000,0x000000478eb00000) (1024K)]
  0x0000017ce72b54c0 JavaThread "Equinox resolver thread - Equinox Container: 1a3e6d7e-8688-40ee-a502-d1a47ec4bfd1" daemon [_thread_blocked, id=3664, stack(0x000000478eb00000,0x000000478ec00000) (1024K)]
  0x0000017ce72b5b50 JavaThread "Equinox resolver thread - Equinox Container: 1a3e6d7e-8688-40ee-a502-d1a47ec4bfd1" daemon [_thread_blocked, id=7104, stack(0x000000478ec00000,0x000000478ed00000) (1024K)]
  0x0000017ce72b1320 JavaThread "Equinox resolver thread - Equinox Container: 1a3e6d7e-8688-40ee-a502-d1a47ec4bfd1" daemon [_thread_blocked, id=7584, stack(0x000000478ed00000,0x000000478ee00000) (1024K)]
  0x0000017ce72b0600 JavaThread "Equinox resolver thread - Equinox Container: 1a3e6d7e-8688-40ee-a502-d1a47ec4bfd1" daemon [_thread_blocked, id=7836, stack(0x000000478ee00000,0x000000478ef00000) (1024K)]
  0x0000017ce72b3a80 JavaThread "Equinox resolver thread - Equinox Container: 1a3e6d7e-8688-40ee-a502-d1a47ec4bfd1" daemon [_thread_blocked, id=14908, stack(0x000000478ef00000,0x000000478f000000) (1024K)]
  0x0000017ce72b61e0 JavaThread "ForkJoinPool.commonPool-worker-1" daemon [_thread_blocked, id=16136, stack(0x000000478f000000,0x000000478f100000) (1024K)]
  0x0000017ce72b2040 JavaThread "ForkJoinPool.commonPool-worker-2" daemon [_thread_blocked, id=6092, stack(0x000000478f100000,0x000000478f200000) (1024K)]
  0x0000017ce72b6f00 JavaThread "ForkJoinPool.commonPool-worker-3" daemon [_thread_blocked, id=5872, stack(0x000000478f200000,0x000000478f300000) (1024K)]
  0x0000017ce72b6870 JavaThread "ForkJoinPool.commonPool-worker-4" daemon [_thread_blocked, id=6688, stack(0x000000478f300000,0x000000478f400000) (1024K)]
  0x0000017ce72b7590 JavaThread "ForkJoinPool.commonPool-worker-5" daemon [_thread_blocked, id=2840, stack(0x000000478f400000,0x000000478f500000) (1024K)]
  0x0000017ce72b7c20 JavaThread "ForkJoinPool.commonPool-worker-6" daemon [_thread_blocked, id=14844, stack(0x000000478f500000,0x000000478f600000) (1024K)]
  0x0000017ce72b26d0 JavaThread "ForkJoinPool.commonPool-worker-7" daemon [_thread_blocked, id=11572, stack(0x000000478f600000,0x000000478f700000) (1024K)]
Total: 51

Other Threads:
  0x0000017cde132d40 VMThread "VM Thread"                           [id=2260, stack(0x000000478bc00000,0x000000478bd00000) (1024K)]
  0x0000017cc773bc70 WatcherThread "VM Periodic Task Thread"        [id=16268, stack(0x000000478bb00000,0x000000478bc00000) (1024K)]
  0x0000017cc76ec410 WorkerThread "GC Thread#0"                     [id=9820, stack(0x000000478ba00000,0x000000478bb00000) (1024K)]
  0x0000017ce41b7430 WorkerThread "GC Thread#1"                     [id=1272, stack(0x000000478c800000,0x000000478c900000) (1024K)]
  0x0000017ce41b7f80 WorkerThread "GC Thread#2"                     [id=2628, stack(0x000000478c900000,0x000000478ca00000) (1024K)]
  0x0000017ce45ef9c0 WorkerThread "GC Thread#3"                     [id=13380, stack(0x000000478ca00000,0x000000478cb00000) (1024K)]
  0x0000017ce45efd70 WorkerThread "GC Thread#4"                     [id=10852, stack(0x000000478cb00000,0x000000478cc00000) (1024K)]
  0x0000017ce4091850 WorkerThread "GC Thread#5"                     [id=12012, stack(0x000000478cc00000,0x000000478cd00000) (1024K)]
  0x0000017ce4091c00 WorkerThread "GC Thread#6"                     [id=6280, stack(0x000000478cd00000,0x000000478ce00000) (1024K)]
  0x0000017ce43b1560 WorkerThread "GC Thread#7"                     [id=10312, stack(0x000000478cf00000,0x000000478d000000) (1024K)]
Total: 10

Threads with active compile tasks:
C2 CompilerThread0  8943 7014       4       org.eclipse.osgi.internal.loader.BundleLoader::addExportedProvidersFor (167 bytes)
Total: 1

VM state: not at safepoint (normal execution)

VM Mutex/Monitor currently owned by a thread: None

Heap address: 0x0000000080000000, size: 2048 MB, Compressed Oops mode: 32-bit

CDS archive(s) mapped at: [0x0000017c80000000-0x0000017c80ba0000-0x0000017c80ba0000), size 12189696, SharedBaseAddress: 0x0000017c80000000, ArchiveRelocationMode: 1.
Compressed class space mapped at: 0x0000017c81000000-0x0000017cc1000000, reserved size: 1073741824
Narrow klass base: 0x0000017c80000000, Narrow klass shift: 0, Narrow klass range: 0x100000000

GC Precious Log:
 CardTable entry size: 512
 CPUs: 8 total, 8 available
 Memory: 3822M
 Large Page Support: Disabled
 NUMA Support: Disabled
 Compressed Oops: Enabled (32-bit)
 Alignments: Space 512K, Generation 512K, Heap 2M
 Heap Min Capacity: 100M
 Heap Initial Capacity: 100M
 Heap Max Capacity: 2G
 Pre-touch: Disabled
 Parallel Workers: 8

Heap:
 PSYoungGen      total 23552K, used 18523K [0x00000000d5580000, 0x00000000d7100000, 0x0000000100000000)
  eden space 21504K, 78% used [0x00000000d5580000,0x00000000d65e5d60,0x00000000d6a80000)
  from space 2048K, 84% used [0x00000000d6c00000,0x00000000d6db1238,0x00000000d6e00000)
  to   space 2560K, 0% used [0x00000000d6e80000,0x00000000d6e80000,0x00000000d7100000)
 ParOldGen       total 68608K, used 32610K [0x0000000080000000, 0x0000000084300000, 0x00000000d5580000)
  object space 68608K, 47% used [0x0000000080000000,0x0000000081fd8ba0,0x0000000084300000)
 Metaspace       used 52053K, committed 53376K, reserved 1114112K
  class space    used 5711K, committed 6272K, reserved 1048576K

Card table byte_map: [0x0000017cc7060000,0x0000017cc7470000] _byte_map_base: 0x0000017cc6c60000

Marking Bits: (ParMarkBitMap*) 0x00007fff72cd3450
 Begin Bits: [0x0000017cd9b70000, 0x0000017cdbb70000)
 End Bits:   [0x0000017cdbb70000, 0x0000017cddb70000)

Polling page: 0x0000017cc55a0000

Metaspace:

Usage:
  Non-class:     45.26 MB used.
      Class:      5.58 MB used.
       Both:     50.84 MB used.

Virtual space:
  Non-class space:       64.00 MB reserved,      46.00 MB ( 72%) committed,  1 nodes.
      Class space:        1.00 GB reserved,       6.12 MB ( <1%) committed,  1 nodes.
             Both:        1.06 GB reserved,      52.12 MB (  5%) committed. 

Chunk freelists:
   Non-Class:  1.22 MB
       Class:  9.88 MB
        Both:  11.10 MB

MaxMetaspaceSize: unlimited
CompressedClassSpaceSize: 1.00 GB
Initial GC threshold: 21.00 MB
Current GC threshold: 58.38 MB
CDS: on
 - commit_granule_bytes: 65536.
 - commit_granule_words: 8192.
 - virtual_space_node_default_size: 8388608.
 - enlarge_chunks_in_place: 1.
 - use_allocation_guard: 0.


Internal statistics:

num_allocs_failed_limit: 6.
num_arena_births: 1044.
num_arena_deaths: 14.
num_vsnodes_births: 2.
num_vsnodes_deaths: 0.
num_space_committed: 834.
num_space_uncommitted: 0.
num_chunks_returned_to_freelist: 20.
num_chunks_taken_from_freelist: 3455.
num_chunk_merges: 10.
num_chunk_splits: 2124.
num_chunks_enlarged: 1168.
num_inconsistent_stats: 0.

CodeHeap 'non-profiled nmethods': size=120000Kb used=2535Kb max_used=2535Kb free=117464Kb
 bounds [0x0000017cd2390000, 0x0000017cd2610000, 0x0000017cd98c0000]
CodeHeap 'profiled nmethods': size=120000Kb used=12831Kb max_used=12831Kb free=107168Kb
 bounds [0x0000017cca8c0000, 0x0000017ccb550000, 0x0000017cd1df0000]
CodeHeap 'non-nmethods': size=5760Kb used=1408Kb max_used=1449Kb free=4351Kb
 bounds [0x0000017cd1df0000, 0x0000017cd2060000, 0x0000017cd2390000]
CodeCache: size=245760Kb, used=16774Kb, max_used=16815Kb, free=228983Kb
 total_blobs=7208, nmethods=6504, adapters=608, full_count=0
Compilation: enabled, stopped_count=0, restarted_count=0

Compilation events (20 events):
Event: 8.795 Thread 0x0000017cdfa58ed0 7083       1       com.sun.jna.WString::toString (5 bytes)
Event: 8.795 Thread 0x0000017cdfa58ed0 nmethod 7083 0x0000017cd2608690 code [0x0000017cd2608820, 0x0000017cd26088e8]
Event: 8.809 Thread 0x0000017cdfa58ed0 7091       3       java.util.LinkedList::listIterator (15 bytes)
Event: 8.811 Thread 0x0000017cdfa58ed0 nmethod 7091 0x0000017ccb53cf90 code [0x0000017ccb53d180, 0x0000017ccb53d5e8]
Event: 8.812 Thread 0x0000017cdfa58ed0 7092       3       java.util.LinkedList$ListItr::<init> (47 bytes)
Event: 8.818 Thread 0x0000017cdfa58ed0 nmethod 7092 0x0000017ccb53d790 code [0x0000017ccb53d940, 0x0000017ccb53dbb0]
Event: 8.818 Thread 0x0000017cdfa58ed0 7093       1       java.nio.DirectByteBuffer::cleaner (5 bytes)
Event: 8.822 Thread 0x0000017cdfa58ed0 nmethod 7093 0x0000017cd2608990 code [0x0000017cd2608b20, 0x0000017cd2608be8]
Event: 8.824 Thread 0x0000017cdfa58ed0 7094  s    3       org.eclipse.core.internal.registry.RegistryObjectManager::getContributor (39 bytes)
Event: 8.831 Thread 0x0000017cdfa58ed0 nmethod 7094 0x0000017ccb53dd10 code [0x0000017ccb53df20, 0x0000017ccb53e5f0]
Event: 8.831 Thread 0x0000017cdfa58ed0 7095       1       java.nio.HeapByteBuffer::isReadOnly (2 bytes)
Event: 8.833 Thread 0x0000017cdfa58ed0 nmethod 7095 0x0000017cd2608c90 code [0x0000017cd2608e20, 0x0000017cd2608ee8]
Event: 8.845 Thread 0x0000017cdfa58ed0 7097       3       java.util.AbstractSequentialList::iterator (5 bytes)
Event: 8.847 Thread 0x0000017cdfa58ed0 nmethod 7097 0x0000017ccb53e790 code [0x0000017ccb53e940, 0x0000017ccb53ebf0]
Event: 8.848 Thread 0x0000017cdfa58ed0 7099   !   3       jdk.internal.loader.AbstractClassLoaderValue::get (21 bytes)
Event: 8.850 Thread 0x0000017cdfa58ed0 nmethod 7099 0x0000017ccb53ed10 code [0x0000017ccb53ef20, 0x0000017ccb53f640]
Event: 8.851 Thread 0x0000017cdfa58ed0 7100       3       com.sun.org.apache.xerces.internal.impl.XMLEntityScanner::invokeListeners (37 bytes)
Event: 8.858 Thread 0x0000017cdfa58ed0 nmethod 7100 0x0000017ccb53f910 code [0x0000017ccb53fb00, 0x0000017ccb5401d0]
Event: 8.858 Thread 0x0000017cdfa58ed0 7098       3       java.util.regex.Pattern$SliceNode::study (37 bytes)
Event: 8.864 Thread 0x0000017cdfa58ed0 nmethod 7098 0x0000017ccb540410 code [0x0000017ccb5405c0, 0x0000017ccb5407b8]

GC Heap History (20 events):
Event: 6.636 GC heap before
{Heap before GC invocations=16 (full 2):
 PSYoungGen      total 23040K, used 960K [0x00000000d5580000, 0x00000000d6f00000, 0x0000000100000000)
  eden space 22016K, 0% used [0x00000000d5580000,0x00000000d5580000,0x00000000d6b00000)
  from space 1024K, 93% used [0x00000000d6e00000,0x00000000d6ef0000,0x00000000d6f00000)
  to   space 1536K, 0% used [0x00000000d6c00000,0x00000000d6c00000,0x00000000d6d80000)
 ParOldGen       total 68608K, used 20566K [0x0000000080000000, 0x0000000084300000, 0x00000000d5580000)
  object space 68608K, 29% used [0x0000000080000000,0x0000000081415a58,0x0000000084300000)
 Metaspace       used 34727K, committed 35840K, reserved 1114112K
  class space    used 3548K, committed 3968K, reserved 1048576K
}
Event: 6.670 GC heap after
{Heap after GC invocations=16 (full 2):
 PSYoungGen      total 23040K, used 0K [0x00000000d5580000, 0x00000000d6f00000, 0x0000000100000000)
  eden space 22016K, 0% used [0x00000000d5580000,0x00000000d5580000,0x00000000d6b00000)
  from space 1024K, 0% used [0x00000000d6e00000,0x00000000d6e00000,0x00000000d6f00000)
  to   space 1536K, 0% used [0x00000000d6c00000,0x00000000d6c00000,0x00000000d6d80000)
 ParOldGen       total 68608K, used 20864K [0x0000000080000000, 0x0000000084300000, 0x00000000d5580000)
  object space 68608K, 30% used [0x0000000080000000,0x00000000814601e0,0x0000000084300000)
 Metaspace       used 34727K, committed 35840K, reserved 1114112K
  class space    used 3548K, committed 3968K, reserved 1048576K
}
Event: 6.844 GC heap before
{Heap before GC invocations=17 (full 2):
 PSYoungGen      total 23040K, used 22016K [0x00000000d5580000, 0x00000000d6f00000, 0x0000000100000000)
  eden space 22016K, 100% used [0x00000000d5580000,0x00000000d6b00000,0x00000000d6b00000)
  from space 1024K, 0% used [0x00000000d6e00000,0x00000000d6e00000,0x00000000d6f00000)
  to   space 1536K, 0% used [0x00000000d6c00000,0x00000000d6c00000,0x00000000d6d80000)
 ParOldGen       total 68608K, used 20864K [0x0000000080000000, 0x0000000084300000, 0x00000000d5580000)
  object space 68608K, 30% used [0x0000000080000000,0x00000000814601e0,0x0000000084300000)
 Metaspace       used 37194K, committed 38336K, reserved 1114112K
  class space    used 3843K, committed 4352K, reserved 1048576K
}
Event: 6.846 GC heap after
{Heap after GC invocations=17 (full 2):
 PSYoungGen      total 23552K, used 1312K [0x00000000d5580000, 0x00000000d6e80000, 0x0000000100000000)
  eden space 22016K, 0% used [0x00000000d5580000,0x00000000d5580000,0x00000000d6b00000)
  from space 1536K, 85% used [0x00000000d6c00000,0x00000000d6d48000,0x00000000d6d80000)
  to   space 1024K, 0% used [0x00000000d6d80000,0x00000000d6d80000,0x00000000d6e80000)
 ParOldGen       total 68608K, used 20872K [0x0000000080000000, 0x0000000084300000, 0x00000000d5580000)
  object space 68608K, 30% used [0x0000000080000000,0x00000000814621e0,0x0000000084300000)
 Metaspace       used 37194K, committed 38336K, reserved 1114112K
  class space    used 3843K, committed 4352K, reserved 1048576K
}
Event: 7.045 GC heap before
{Heap before GC invocations=18 (full 2):
 PSYoungGen      total 23552K, used 23328K [0x00000000d5580000, 0x00000000d6e80000, 0x0000000100000000)
  eden space 22016K, 100% used [0x00000000d5580000,0x00000000d6b00000,0x00000000d6b00000)
  from space 1536K, 85% used [0x00000000d6c00000,0x00000000d6d48000,0x00000000d6d80000)
  to   space 1024K, 0% used [0x00000000d6d80000,0x00000000d6d80000,0x00000000d6e80000)
 ParOldGen       total 68608K, used 20872K [0x0000000080000000, 0x0000000084300000, 0x00000000d5580000)
  object space 68608K, 30% used [0x0000000080000000,0x00000000814621e0,0x0000000084300000)
 Metaspace       used 39282K, committed 40512K, reserved 1114112K
  class space    used 4141K, committed 4672K, reserved 1048576K
}
Event: 7.047 GC heap after
{Heap after GC invocations=18 (full 2):
 PSYoungGen      total 23040K, used 1021K [0x00000000d5580000, 0x00000000d7000000, 0x0000000100000000)
  eden space 22016K, 0% used [0x00000000d5580000,0x00000000d5580000,0x00000000d6b00000)
  from space 1024K, 99% used [0x00000000d6d80000,0x00000000d6e7f620,0x00000000d6e80000)
  to   space 2560K, 0% used [0x00000000d6b00000,0x00000000d6b00000,0x00000000d6d80000)
 ParOldGen       total 68608K, used 22158K [0x0000000080000000, 0x0000000084300000, 0x00000000d5580000)
  object space 68608K, 32% used [0x0000000080000000,0x00000000815a3978,0x0000000084300000)
 Metaspace       used 39282K, committed 40512K, reserved 1114112K
  class space    used 4141K, committed 4672K, reserved 1048576K
}
Event: 7.171 GC heap before
{Heap before GC invocations=19 (full 2):
 PSYoungGen      total 23040K, used 23037K [0x00000000d5580000, 0x00000000d7000000, 0x0000000100000000)
  eden space 22016K, 100% used [0x00000000d5580000,0x00000000d6b00000,0x00000000d6b00000)
  from space 1024K, 99% used [0x00000000d6d80000,0x00000000d6e7f620,0x00000000d6e80000)
  to   space 2560K, 0% used [0x00000000d6b00000,0x00000000d6b00000,0x00000000d6d80000)
 ParOldGen       total 68608K, used 22158K [0x0000000080000000, 0x0000000084300000, 0x00000000d5580000)
  object space 68608K, 32% used [0x0000000080000000,0x00000000815a3978,0x0000000084300000)
 Metaspace       used 41326K, committed 42432K, reserved 1114112K
  class space    used 4371K, committed 4864K, reserved 1048576K
}
Event: 7.178 GC heap after
{Heap after GC invocations=19 (full 2):
 PSYoungGen      total 23552K, used 1084K [0x00000000d5580000, 0x00000000d6e00000, 0x0000000100000000)
  eden space 22016K, 0% used [0x00000000d5580000,0x00000000d5580000,0x00000000d6b00000)
  from space 1536K, 70% used [0x00000000d6b00000,0x00000000d6c0f308,0x00000000d6c80000)
  to   space 1536K, 0% used [0x00000000d6c80000,0x00000000d6c80000,0x00000000d6e00000)
 ParOldGen       total 68608K, used 23054K [0x0000000080000000, 0x0000000084300000, 0x00000000d5580000)
  object space 68608K, 33% used [0x0000000080000000,0x0000000081683988,0x0000000084300000)
 Metaspace       used 41326K, committed 42432K, reserved 1114112K
  class space    used 4371K, committed 4864K, reserved 1048576K
}
Event: 7.303 GC heap before
{Heap before GC invocations=20 (full 2):
 PSYoungGen      total 23552K, used 23100K [0x00000000d5580000, 0x00000000d6e00000, 0x0000000100000000)
  eden space 22016K, 100% used [0x00000000d5580000,0x00000000d6b00000,0x00000000d6b00000)
  from space 1536K, 70% used [0x00000000d6b00000,0x00000000d6c0f308,0x00000000d6c80000)
  to   space 1536K, 0% used [0x00000000d6c80000,0x00000000d6c80000,0x00000000d6e00000)
 ParOldGen       total 68608K, used 23054K [0x0000000080000000, 0x0000000084300000, 0x00000000d5580000)
  object space 68608K, 33% used [0x0000000080000000,0x0000000081683988,0x0000000084300000)
 Metaspace       used 43140K, committed 44352K, reserved 1114112K
  class space    used 4632K, committed 5120K, reserved 1048576K
}
Event: 7.305 GC heap after
{Heap after GC invocations=20 (full 2):
 PSYoungGen      total 23040K, used 544K [0x00000000d5580000, 0x00000000d6d80000, 0x0000000100000000)
  eden space 22016K, 0% used [0x00000000d5580000,0x00000000d5580000,0x00000000d6b00000)
  from space 1024K, 53% used [0x00000000d6c80000,0x00000000d6d08000,0x00000000d6d80000)
  to   space 1024K, 0% used [0x00000000d6b80000,0x00000000d6b80000,0x00000000d6c80000)
 ParOldGen       total 68608K, used 23969K [0x0000000080000000, 0x0000000084300000, 0x00000000d5580000)
  object space 68608K, 34% used [0x0000000080000000,0x0000000081768478,0x0000000084300000)
 Metaspace       used 43140K, committed 44352K, reserved 1114112K
  class space    used 4632K, committed 5120K, reserved 1048576K
}
Event: 7.478 GC heap before
{Heap before GC invocations=21 (full 2):
 PSYoungGen      total 23040K, used 22542K [0x00000000d5580000, 0x00000000d6d80000, 0x0000000100000000)
  eden space 22016K, 99% used [0x00000000d5580000,0x00000000d6afb910,0x00000000d6b00000)
  from space 1024K, 53% used [0x00000000d6c80000,0x00000000d6d08000,0x00000000d6d80000)
  to   space 1024K, 0% used [0x00000000d6b80000,0x00000000d6b80000,0x00000000d6c80000)
 ParOldGen       total 68608K, used 23969K [0x0000000080000000, 0x0000000084300000, 0x00000000d5580000)
  object space 68608K, 34% used [0x0000000080000000,0x0000000081768478,0x0000000084300000)
 Metaspace       used 44928K, committed 46144K, reserved 1114112K
  class space    used 4856K, committed 5376K, reserved 1048576K
}
Event: 7.480 GC heap after
{Heap after GC invocations=21 (full 2):
 PSYoungGen      total 23040K, used 864K [0x00000000d5580000, 0x00000000d6d00000, 0x0000000100000000)
  eden space 22016K, 0% used [0x00000000d5580000,0x00000000d5580000,0x00000000d6b00000)
  from space 1024K, 84% used [0x00000000d6b80000,0x00000000d6c58250,0x00000000d6c80000)
  to   space 512K, 0% used [0x00000000d6c80000,0x00000000d6c80000,0x00000000d6d00000)
 ParOldGen       total 68608K, used 24381K [0x0000000080000000, 0x0000000084300000, 0x00000000d5580000)
  object space 68608K, 35% used [0x0000000080000000,0x00000000817cf7d0,0x0000000084300000)
 Metaspace       used 44928K, committed 46144K, reserved 1114112K
  class space    used 4856K, committed 5376K, reserved 1048576K
}
Event: 7.628 GC heap before
{Heap before GC invocations=22 (full 2):
 PSYoungGen      total 23040K, used 22880K [0x00000000d5580000, 0x00000000d6d00000, 0x0000000100000000)
  eden space 22016K, 100% used [0x00000000d5580000,0x00000000d6b00000,0x00000000d6b00000)
  from space 1024K, 84% used [0x00000000d6b80000,0x00000000d6c58250,0x00000000d6c80000)
  to   space 512K, 0% used [0x00000000d6c80000,0x00000000d6c80000,0x00000000d6d00000)
 ParOldGen       total 68608K, used 24381K [0x0000000080000000, 0x0000000084300000, 0x00000000d5580000)
  object space 68608K, 35% used [0x0000000080000000,0x00000000817cf7d0,0x0000000084300000)
 Metaspace       used 46914K, committed 48128K, reserved 1114112K
  class space    used 5098K, committed 5632K, reserved 1048576K
}
Event: 7.644 GC heap after
{Heap after GC invocations=22 (full 2):
 PSYoungGen      total 22016K, used 512K [0x00000000d5580000, 0x00000000d6f00000, 0x0000000100000000)
  eden space 21504K, 0% used [0x00000000d5580000,0x00000000d5580000,0x00000000d6a80000)
  from space 512K, 100% used [0x00000000d6c80000,0x00000000d6d00000,0x00000000d6d00000)
  to   space 2048K, 0% used [0x00000000d6a80000,0x00000000d6a80000,0x00000000d6c80000)
 ParOldGen       total 68608K, used 25297K [0x0000000080000000, 0x0000000084300000, 0x00000000d5580000)
  object space 68608K, 36% used [0x0000000080000000,0x00000000818b44e0,0x0000000084300000)
 Metaspace       used 46914K, committed 48128K, reserved 1114112K
  class space    used 5098K, committed 5632K, reserved 1048576K
}
Event: 7.865 GC heap before
{Heap before GC invocations=23 (full 2):
 PSYoungGen      total 22016K, used 22016K [0x00000000d5580000, 0x00000000d6f00000, 0x0000000100000000)
  eden space 21504K, 100% used [0x00000000d5580000,0x00000000d6a80000,0x00000000d6a80000)
  from space 512K, 100% used [0x00000000d6c80000,0x00000000d6d00000,0x00000000d6d00000)
  to   space 2048K, 0% used [0x00000000d6a80000,0x00000000d6a80000,0x00000000d6c80000)
 ParOldGen       total 68608K, used 25297K [0x0000000080000000, 0x0000000084300000, 0x00000000d5580000)
  object space 68608K, 36% used [0x0000000080000000,0x00000000818b44e0,0x0000000084300000)
 Metaspace       used 48581K, committed 49728K, reserved 1114112K
  class space    used 5324K, committed 5824K, reserved 1048576K
}
Event: 7.872 GC heap after
{Heap after GC invocations=23 (full 2):
 PSYoungGen      total 23552K, used 2048K [0x00000000d5580000, 0x00000000d7680000, 0x0000000100000000)
  eden space 21504K, 0% used [0x00000000d5580000,0x00000000d5580000,0x00000000d6a80000)
  from space 2048K, 100% used [0x00000000d6a80000,0x00000000d6c80000,0x00000000d6c80000)
  to   space 6144K, 0% used [0x00000000d7080000,0x00000000d7080000,0x00000000d7680000)
 ParOldGen       total 68608K, used 28505K [0x0000000080000000, 0x0000000084300000, 0x00000000d5580000)
  object space 68608K, 41% used [0x0000000080000000,0x0000000081bd67c8,0x0000000084300000)
 Metaspace       used 48581K, committed 49728K, reserved 1114112K
  class space    used 5324K, committed 5824K, reserved 1048576K
}
Event: 8.194 GC heap before
{Heap before GC invocations=24 (full 2):
 PSYoungGen      total 23552K, used 23551K [0x00000000d5580000, 0x00000000d7680000, 0x0000000100000000)
  eden space 21504K, 99% used [0x00000000d5580000,0x00000000d6a7ffd0,0x00000000d6a80000)
  from space 2048K, 100% used [0x00000000d6a80000,0x00000000d6c80000,0x00000000d6c80000)
  to   space 6144K, 0% used [0x00000000d7080000,0x00000000d7080000,0x00000000d7680000)
 ParOldGen       total 68608K, used 28505K [0x0000000080000000, 0x0000000084300000, 0x00000000d5580000)
  object space 68608K, 41% used [0x0000000080000000,0x0000000081bd67c8,0x0000000084300000)
 Metaspace       used 50211K, committed 51456K, reserved 1114112K
  class space    used 5511K, committed 6016K, reserved 1048576K
}
Event: 8.200 GC heap after
{Heap after GC invocations=24 (full 2):
 PSYoungGen      total 25088K, used 3138K [0x00000000d5580000, 0x00000000d7400000, 0x0000000100000000)
  eden space 21504K, 0% used [0x00000000d5580000,0x00000000d5580000,0x00000000d6a80000)
  from space 3584K, 87% used [0x00000000d7080000,0x00000000d73909f0,0x00000000d7400000)
  to   space 4096K, 0% used [0x00000000d6c00000,0x00000000d6c00000,0x00000000d7000000)
 ParOldGen       total 68608K, used 29752K [0x0000000080000000, 0x0000000084300000, 0x00000000d5580000)
  object space 68608K, 43% used [0x0000000080000000,0x0000000081d0e118,0x0000000084300000)
 Metaspace       used 50211K, committed 51456K, reserved 1114112K
  class space    used 5511K, committed 6016K, reserved 1048576K
}
Event: 8.596 GC heap before
{Heap before GC invocations=25 (full 2):
 PSYoungGen      total 25088K, used 24642K [0x00000000d5580000, 0x00000000d7400000, 0x0000000100000000)
  eden space 21504K, 100% used [0x00000000d5580000,0x00000000d6a80000,0x00000000d6a80000)
  from space 3584K, 87% used [0x00000000d7080000,0x00000000d73909f0,0x00000000d7400000)
  to   space 4096K, 0% used [0x00000000d6c00000,0x00000000d6c00000,0x00000000d7000000)
 ParOldGen       total 68608K, used 29752K [0x0000000080000000, 0x0000000084300000, 0x00000000d5580000)
  object space 68608K, 43% used [0x0000000080000000,0x0000000081d0e118,0x0000000084300000)
 Metaspace       used 51057K, committed 52288K, reserved 1114112K
  class space    used 5604K, committed 6080K, reserved 1048576K
}
Event: 8.605 GC heap after
{Heap after GC invocations=25 (full 2):
 PSYoungGen      total 23552K, used 1732K [0x00000000d5580000, 0x00000000d7100000, 0x0000000100000000)
  eden space 21504K, 0% used [0x00000000d5580000,0x00000000d5580000,0x00000000d6a80000)
  from space 2048K, 84% used [0x00000000d6c00000,0x00000000d6db1238,0x00000000d6e00000)
  to   space 2560K, 0% used [0x00000000d6e80000,0x00000000d6e80000,0x00000000d7100000)
 ParOldGen       total 68608K, used 32610K [0x0000000080000000, 0x0000000084300000, 0x00000000d5580000)
  object space 68608K, 47% used [0x0000000080000000,0x0000000081fd8ba0,0x0000000084300000)
 Metaspace       used 51057K, committed 52288K, reserved 1114112K
  class space    used 5604K, committed 6080K, reserved 1048576K
}

Dll operation events (10 events):
Event: 0.031 Loaded shared library c:\Users\DELL\.vscode\extensions\redhat.java-1.53.0-win32-x64\jre\21.0.10-win32-x86_64\bin\java.dll
Event: 0.163 Loaded shared library c:\Users\DELL\.vscode\extensions\redhat.java-1.53.0-win32-x64\jre\21.0.10-win32-x86_64\bin\zip.dll
Event: 0.189 Loaded shared library C:\Users\DELL\.vscode\extensions\redhat.java-1.53.0-win32-x64\jre\21.0.10-win32-x86_64\bin\instrument.dll
Event: 0.200 Loaded shared library C:\Users\DELL\.vscode\extensions\redhat.java-1.53.0-win32-x64\jre\21.0.10-win32-x86_64\bin\net.dll
Event: 0.204 Loaded shared library C:\Users\DELL\.vscode\extensions\redhat.java-1.53.0-win32-x64\jre\21.0.10-win32-x86_64\bin\nio.dll
Event: 0.208 Loaded shared library C:\Users\DELL\.vscode\extensions\redhat.java-1.53.0-win32-x64\jre\21.0.10-win32-x86_64\bin\zip.dll
Event: 0.229 Loaded shared library C:\Users\DELL\.vscode\extensions\redhat.java-1.53.0-win32-x64\jre\21.0.10-win32-x86_64\bin\jimage.dll
Event: 0.349 Loaded shared library c:\Users\DELL\.vscode\extensions\redhat.java-1.53.0-win32-x64\jre\21.0.10-win32-x86_64\bin\verify.dll
Event: 2.448 Loaded shared library C:\Users\DELL\AppData\Roaming\Code\User\globalStorage\redhat.java\1.53.0\config_win\org.eclipse.equinox.launcher\org.eclipse.equinox.launcher.win32.win32.x86_64_1.3.0.v20260203-2149\eclipse_11919.dll
Event: 4.957 Loaded shared library C:\Users\DELL\AppData\Local\Temp\jna-2094529\jna2993597114745912003.dll

Deoptimization events (20 events):
Event: 8.374 Thread 0x0000017ce50f29f0 Uncommon trap: trap_request=0xffffffc6 fr.pc=0x0000017cd25ee590 relative=0x0000000000000210
Event: 8.374 Thread 0x0000017ce50f29f0 Uncommon trap: reason=bimorphic_or_optimized_type_check action=maybe_recompile pc=0x0000017cd25ee590 method=com.google.gson.internal.bind.TypeAdapterRuntimeTypeWrapper.read(Lcom/google/gson/stream/JsonReader;)Ljava/lang/Object; @ 5 c2
Event: 8.374 Thread 0x0000017ce50f29f0 DEOPT PACKING pc=0x0000017cd25ee590 sp=0x000000478e7fe370
Event: 8.374 Thread 0x0000017ce50f29f0 DEOPT UNPACKING pc=0x0000017cd1e46da2 sp=0x000000478e7fe308 mode 2
Event: 8.451 Thread 0x0000017ce50f7f40 DEOPT PACKING pc=0x0000017ccb32f33c sp=0x000000478d8f9100
Event: 8.451 Thread 0x0000017ce50f7f40 DEOPT UNPACKING pc=0x0000017cd1e478e2 sp=0x000000478d8f8620 mode 0
Event: 8.491 Thread 0x0000017ce50f29f0 Uncommon trap: trap_request=0xffffff45 fr.pc=0x0000017cd25f312c relative=0x00000000000000ec
Event: 8.491 Thread 0x0000017ce50f29f0 Uncommon trap: reason=unstable_if action=reinterpret pc=0x0000017cd25f312c method=com.google.gson.stream.JsonReader.nextString()Ljava/lang/String; @ 6 c2
Event: 8.491 Thread 0x0000017ce50f29f0 DEOPT PACKING pc=0x0000017cd25f312c sp=0x000000478e7feb90
Event: 8.491 Thread 0x0000017ce50f29f0 DEOPT UNPACKING pc=0x0000017cd1e46da2 sp=0x000000478e7feb20 mode 2
Event: 8.507 Thread 0x0000017ce50f29f0 Uncommon trap: trap_request=0xffffff45 fr.pc=0x0000017cd25f35c0 relative=0x00000000000000a0
Event: 8.507 Thread 0x0000017ce50f29f0 Uncommon trap: reason=unstable_if action=reinterpret pc=0x0000017cd25f35c0 method=com.google.gson.stream.JsonReader.hasNext()Z @ 21 c2
Event: 8.507 Thread 0x0000017ce50f29f0 DEOPT PACKING pc=0x0000017cd25f35c0 sp=0x000000478e7fe8c0
Event: 8.508 Thread 0x0000017ce50f29f0 DEOPT UNPACKING pc=0x0000017cd1e46da2 sp=0x000000478e7fe850 mode 2
Event: 8.707 Thread 0x0000017ce72b2040 Uncommon trap: trap_request=0xffffff45 fr.pc=0x0000017cd2604f44 relative=0x0000000000000ca4
Event: 8.707 Thread 0x0000017ce72b2040 Uncommon trap: reason=unstable_if action=reinterpret pc=0x0000017cd2604f44 method=org.eclipse.jdt.internal.core.index.DiskIndex.readStreamChars(Ljava/io/InputStream;)[C @ 1 c2
Event: 8.707 Thread 0x0000017ce72b2040 DEOPT PACKING pc=0x0000017cd2604f44 sp=0x000000478f1fed20
Event: 8.707 Thread 0x0000017ce72b2040 DEOPT UNPACKING pc=0x0000017cd1e46da2 sp=0x000000478f1feca8 mode 2
Event: 8.762 Thread 0x0000017ce72b61e0 DEOPT PACKING pc=0x0000017ccb32f33c sp=0x000000478f0f69b0
Event: 8.763 Thread 0x0000017ce72b61e0 DEOPT UNPACKING pc=0x0000017cd1e478e2 sp=0x000000478f0f5ed0 mode 0

Classes loaded (20 events):
Event: 8.774 Loading class java/nio/channels/ClosedChannelException
Event: 8.774 Loading class java/nio/channels/ClosedChannelException done
Event: 8.774 Loading class java/nio/channels/AsynchronousCloseException done
Event: 8.774 Loading class java/nio/channels/ClosedByInterruptException done
Event: 8.809 Loading class java/nio/file/spi/FileSystemProvider$1
Event: 8.811 Loading class java/nio/file/spi/FileSystemProvider$1 done
Event: 8.823 Loading class java/nio/file/ProviderMismatchException
Event: 8.828 Loading class java/nio/file/ProviderMismatchException done
Event: 8.835 Loading class jdk/internal/jrtfs/JrtFileSystemProvider
Event: 8.839 Loading class jdk/internal/jrtfs/JrtFileSystemProvider done
Event: 8.852 Loading class jdk/internal/jrtfs/JrtFileSystemProvider$1
Event: 8.853 Loading class jdk/internal/jrtfs/JrtFileSystemProvider$1 done
Event: 8.854 Loading class jdk/internal/jrtfs/JrtFileSystemProvider$JrtFsLoader
Event: 8.854 Loading class jdk/internal/jrtfs/JrtFileSystemProvider$JrtFsLoader done
Event: 8.870 Loading class java/nio/file/ClosedFileSystemException
Event: 8.888 Loading class java/nio/file/ClosedFileSystemException done
Event: 8.889 Loading class java/nio/file/ReadOnlyFileSystemException
Event: 8.889 Loading class java/nio/file/ReadOnlyFileSystemException done
Event: 8.889 Loading class java/nio/file/NotDirectoryException
Event: 8.889 Loading class java/nio/file/NotDirectoryException done

Classes unloaded (7 events):
Event: 5.569 Thread 0x0000017cde132d40 Unloading class 0x0000017c811ad000 'java/lang/invoke/LambdaForm$MH+0x0000017c811ad000'
Event: 5.569 Thread 0x0000017cde132d40 Unloading class 0x0000017c811acc00 'java/lang/invoke/LambdaForm$MH+0x0000017c811acc00'
Event: 5.569 Thread 0x0000017cde132d40 Unloading class 0x0000017c811ac800 'java/lang/invoke/LambdaForm$MH+0x0000017c811ac800'
Event: 5.569 Thread 0x0000017cde132d40 Unloading class 0x0000017c811ac400 'java/lang/invoke/LambdaForm$MH+0x0000017c811ac400'
Event: 5.569 Thread 0x0000017cde132d40 Unloading class 0x0000017c811ac000 'java/lang/invoke/LambdaForm$BMH+0x0000017c811ac000'
Event: 5.569 Thread 0x0000017cde132d40 Unloading class 0x0000017c811abc00 'java/lang/invoke/LambdaForm$DMH+0x0000017c811abc00'
Event: 5.569 Thread 0x0000017cde132d40 Unloading class 0x0000017c811aa800 'java/lang/invoke/LambdaForm$DMH+0x0000017c811aa800'

Classes redefined (0 events):
No events

Internal exceptions (20 events):
Event: 8.554 Thread 0x0000017ce50f5e70 Exception <a 'java/io/FileNotFoundException'{0x00000000d693e650}> (0x00000000d693e650) 
thrown [s\src\hotspot\share\prims\jni.cpp, line 520]
Event: 8.554 Thread 0x0000017ce50f5e70 Exception <a 'java/io/FileNotFoundException'{0x00000000d693f390}> (0x00000000d693f390) 
thrown [s\src\hotspot\share\prims\jni.cpp, line 520]
Event: 8.609 Thread 0x0000017ce50f29f0 Exception <a 'java/lang/IncompatibleClassChangeError'{0x00000000d55d0ed8}: Found class java.lang.Object, but interface was expected> (0x00000000d55d0ed8) 
thrown [s\src\hotspot\share\interpreter\linkResolver.cpp, line 840]
Event: 8.635 Thread 0x0000017ce50f7f40 Exception <a 'java/io/FileNotFoundException'{0x00000000d58ab208}> (0x00000000d58ab208) 
thrown [s\src\hotspot\share\prims\jni.cpp, line 520]
Event: 8.636 Thread 0x0000017ce50f7f40 Exception <a 'java/io/FileNotFoundException'{0x00000000d58ac200}> (0x00000000d58ac200) 
thrown [s\src\hotspot\share\prims\jni.cpp, line 520]
Event: 8.636 Thread 0x0000017ce50f7f40 Exception <a 'java/io/FileNotFoundException'{0x00000000d58acf58}> (0x00000000d58acf58) 
thrown [s\src\hotspot\share\prims\jni.cpp, line 520]
Event: 8.707 Thread 0x0000017ce72b2040 Implicit null exception at 0x0000017cd26042e3 to 0x0000017cd2604f30
Event: 8.736 Thread 0x0000017ce50f7f40 Exception <a 'sun/nio/fs/WindowsException'{0x00000000d61b30b0}> (0x00000000d61b30b0) 
thrown [s\src\hotspot\share\prims\jni.cpp, line 520]
Event: 8.739 Thread 0x0000017ce50f7f40 Exception <a 'sun/nio/fs/WindowsException'{0x00000000d61b3bb0}> (0x00000000d61b3bb0) 
thrown [s\src\hotspot\share\prims\jni.cpp, line 520]
Event: 8.740 Thread 0x0000017ce50f7f40 Exception <a 'sun/nio/fs/WindowsException'{0x00000000d61b4f18}> (0x00000000d61b4f18) 
thrown [s\src\hotspot\share\prims\jni.cpp, line 520]
Event: 8.741 Thread 0x0000017ce50f7f40 Exception <a 'sun/nio/fs/WindowsException'{0x00000000d61b57f8}> (0x00000000d61b57f8) 
thrown [s\src\hotspot\share\prims\jni.cpp, line 520]
Event: 8.742 Thread 0x0000017ce50f7f40 Exception <a 'sun/nio/fs/WindowsException'{0x00000000d61b6b70}> (0x00000000d61b6b70) 
thrown [s\src\hotspot\share\prims\jni.cpp, line 520]
Event: 8.743 Thread 0x0000017ce50f7f40 Exception <a 'sun/nio/fs/WindowsException'{0x00000000d61b73c0}> (0x00000000d61b73c0) 
thrown [s\src\hotspot\share\prims\jni.cpp, line 520]
Event: 8.746 Thread 0x0000017ce50f7f40 Exception <a 'sun/nio/fs/WindowsException'{0x00000000d61c3888}> (0x00000000d61c3888) 
thrown [s\src\hotspot\share\prims\jni.cpp, line 520]
Event: 8.747 Thread 0x0000017ce50f7f40 Exception <a 'sun/nio/fs/WindowsException'{0x00000000d61c4388}> (0x00000000d61c4388) 
thrown [s\src\hotspot\share\prims\jni.cpp, line 520]
Event: 8.748 Thread 0x0000017ce50f7f40 Exception <a 'sun/nio/fs/WindowsException'{0x00000000d61c56f0}> (0x00000000d61c56f0) 
thrown [s\src\hotspot\share\prims\jni.cpp, line 520]
Event: 8.748 Thread 0x0000017ce50f7f40 Exception <a 'sun/nio/fs/WindowsException'{0x00000000d61c5fd0}> (0x00000000d61c5fd0) 
thrown [s\src\hotspot\share\prims\jni.cpp, line 520]
Event: 8.752 Thread 0x0000017ce50f7f40 Exception <a 'sun/nio/fs/WindowsException'{0x00000000d61c7348}> (0x00000000d61c7348) 
thrown [s\src\hotspot\share\prims\jni.cpp, line 520]
Event: 8.753 Thread 0x0000017ce50f7f40 Exception <a 'sun/nio/fs/WindowsException'{0x00000000d61c7b98}> (0x00000000d61c7b98) 
thrown [s\src\hotspot\share\prims\jni.cpp, line 520]
Event: 8.846 Thread 0x0000017ce72b2040 Exception <a 'java/lang/NoSuchMethodError'{0x00000000d63feee8}: 'java.lang.Object java.lang.invoke.DirectMethodHandle$Holder.invokeStaticInit(java.lang.Object, java.lang.Object, java.lang.Object)'> (0x00000000d63feee8) 
thrown [s\src\hotspot\share\interpreter\linkResolver.cpp, line 773]

ZGC Phase Switch (0 events):
No events

VM Operations (20 events):
Event: 7.624 Executing non-safepoint VM operation: HandshakeAllThreads (Deoptimize) done
Event: 7.628 Executing safepoint VM operation: ParallelGCFailedAllocation (Allocation Failure)
Event: 7.644 Executing safepoint VM operation: ParallelGCFailedAllocation (Allocation Failure) done
Event: 7.860 Executing non-safepoint VM operation: HandshakeAllThreads (Deoptimize)
Event: 7.860 Executing non-safepoint VM operation: HandshakeAllThreads (Deoptimize) done
Event: 7.865 Executing safepoint VM operation: ParallelGCFailedAllocation (Allocation Failure)
Event: 7.872 Executing safepoint VM operation: ParallelGCFailedAllocation (Allocation Failure) done
Event: 8.194 Executing safepoint VM operation: ParallelGCFailedAllocation (Allocation Failure)
Event: 8.200 Executing safepoint VM operation: ParallelGCFailedAllocation (Allocation Failure) done
Event: 8.339 Executing non-safepoint VM operation: HandshakeAllThreads (Deoptimize)
Event: 8.339 Executing non-safepoint VM operation: HandshakeAllThreads (Deoptimize) done
Event: 8.419 Executing non-safepoint VM operation: HandshakeAllThreads (Deoptimize)
Event: 8.419 Executing non-safepoint VM operation: HandshakeAllThreads (Deoptimize) done
Event: 8.420 Executing non-safepoint VM operation: HandshakeAllThreads (Deoptimize)
Event: 8.421 Executing non-safepoint VM operation: HandshakeAllThreads (Deoptimize) done
Event: 8.585 Executing safepoint VM operation: ParallelGCFailedAllocation (Allocation Failure)
Event: 8.605 Executing safepoint VM operation: ParallelGCFailedAllocation (Allocation Failure) done
Event: 8.833 Executing non-safepoint VM operation: HandshakeAllThreads (Deoptimize)
Event: 8.834 Executing non-safepoint VM operation: HandshakeAllThreads (Deoptimize) done
Event: 8.893 Executing non-safepoint VM operation: HandshakeAllThreads (Deoptimize)

Memory protections (0 events):
No events

Nmethod flushes (20 events):
Event: 6.652 Thread 0x0000017cde132d40 flushing  nmethod 0x0000017ccafa0010
Event: 6.652 Thread 0x0000017cde132d40 flushing  nmethod 0x0000017ccafa7e90
Event: 6.652 Thread 0x0000017cde132d40 flushing  nmethod 0x0000017ccafaa790
Event: 6.652 Thread 0x0000017cde132d40 flushing  nmethod 0x0000017ccafdce90
Event: 6.652 Thread 0x0000017cde132d40 flushing  nmethod 0x0000017ccafdd290
Event: 6.652 Thread 0x0000017cde132d40 flushing  nmethod 0x0000017ccafddb90
Event: 6.652 Thread 0x0000017cde132d40 flushing  nmethod 0x0000017ccafded90
Event: 6.652 Thread 0x0000017cde132d40 flushing  nmethod 0x0000017ccafdf590
Event: 6.652 Thread 0x0000017cde132d40 flushing  nmethod 0x0000017ccafe0a90
Event: 6.652 Thread 0x0000017cde132d40 flushing  nmethod 0x0000017ccafe1b90
Event: 6.652 Thread 0x0000017cde132d40 flushing  nmethod 0x0000017ccafe2890
Event: 6.652 Thread 0x0000017cde132d40 flushing  nmethod 0x0000017ccafe2d10
Event: 6.652 Thread 0x0000017cde132d40 flushing  nmethod 0x0000017ccafef710
Event: 6.652 Thread 0x0000017cde132d40 flushing  nmethod 0x0000017ccb034b10
Event: 6.652 Thread 0x0000017cde132d40 flushing  nmethod 0x0000017ccb039010
Event: 6.652 Thread 0x0000017cde132d40 flushing  nmethod 0x0000017ccb039310
Event: 6.652 Thread 0x0000017cde132d40 flushing  nmethod 0x0000017ccb04e710
Event: 6.652 Thread 0x0000017cde132d40 flushing  nmethod 0x0000017ccb083890
Event: 6.652 Thread 0x0000017cde132d40 flushing  nmethod 0x0000017ccb0b6410
Event: 6.652 Thread 0x0000017cde132d40 flushing  nmethod 0x0000017ccb0c5b90

Events (20 events):
Event: 6.524 Thread 0x0000017cc534d730 Thread added: 0x0000017ce50f4ac0
Event: 6.525 Thread 0x0000017cc534d730 Thread added: 0x0000017ce50f5150
Event: 6.539 Thread 0x0000017cc534d730 Thread added: 0x0000017ce50f7220
Event: 6.686 Thread 0x0000017cc534d730 Thread added: 0x0000017ce50f1cd0
Event: 6.686 Thread 0x0000017cc534d730 Thread added: 0x0000017ce50f29f0
Event: 7.848 Thread 0x0000017ce40cad10 Thread added: 0x0000017ce72b4e30
Event: 7.849 Thread 0x0000017ce50f29f0 Thread added: 0x0000017ce72b0c90
Event: 7.852 Thread 0x0000017ce72b4e30 Thread added: 0x0000017ce72b19b0
Event: 7.852 Thread 0x0000017ce72b0c90 Thread added: 0x0000017ce72b54c0
Event: 7.852 Thread 0x0000017ce72b4e30 Thread added: 0x0000017ce72b5b50
Event: 7.852 Thread 0x0000017ce72b19b0 Thread added: 0x0000017ce72b1320
Event: 7.853 Thread 0x0000017ce72b0c90 Thread added: 0x0000017ce72b0600
Event: 7.853 Thread 0x0000017ce72b4e30 Thread added: 0x0000017ce72b3a80
Event: 8.561 Thread 0x0000017ce50f5e70 Thread added: 0x0000017ce72b61e0
Event: 8.563 Thread 0x0000017ce50f5e70 Thread added: 0x0000017ce72b2040
Event: 8.570 Thread 0x0000017ce72b61e0 Thread added: 0x0000017ce72b6f00
Event: 8.574 Thread 0x0000017ce72b2040 Thread added: 0x0000017ce72b6870
Event: 8.583 Thread 0x0000017ce72b6f00 Thread added: 0x0000017ce72b7590
Event: 8.609 Thread 0x0000017ce72b6870 Thread added: 0x0000017ce72b7c20
Event: 8.610 Thread 0x0000017ce72b7590 Thread added: 0x0000017ce72b26d0


Dynamic libraries:
0x00007ff7b30d0000 - 0x00007ff7b30de000 	c:\Users\DELL\.vscode\extensions\redhat.java-1.53.0-win32-x64\jre\21.0.10-win32-x86_64\bin\java.exe
0x00007fffcf970000 - 0x00007fffcfb68000 	C:\WINDOWS\SYSTEM32\ntdll.dll
0x00007fffcd9a0000 - 0x00007fffcda61000 	C:\WINDOWS\System32\KERNEL32.DLL
0x00007fffcd1e0000 - 0x00007fffcd4dd000 	C:\WINDOWS\System32\KERNELBASE.dll
0x00007fffcd600000 - 0x00007fffcd700000 	C:\WINDOWS\System32\ucrtbase.dll
0x00007fffbd9f0000 - 0x00007fffbda08000 	c:\Users\DELL\.vscode\extensions\redhat.java-1.53.0-win32-x64\jre\21.0.10-win32-x86_64\bin\jli.dll
0x00007fffcf760000 - 0x00007fffcf8fd000 	C:\WINDOWS\System32\USER32.dll
0x00007fffcd1b0000 - 0x00007fffcd1d2000 	C:\WINDOWS\System32\win32u.dll
0x00007fffcf900000 - 0x00007fffcf92b000 	C:\WINDOWS\System32\GDI32.dll
0x00007fffcd700000 - 0x00007fffcd817000 	C:\WINDOWS\System32\gdi32full.dll
0x00007fffc0e70000 - 0x00007fffc0e8e000 	c:\Users\DELL\.vscode\extensions\redhat.java-1.53.0-win32-x64\jre\21.0.10-win32-x86_64\bin\VCRUNTIME140.dll
0x00007fffcd900000 - 0x00007fffcd99d000 	C:\WINDOWS\System32\msvcp_win.dll
0x00007fffbda20000 - 0x00007fffbdcba000 	C:\WINDOWS\WinSxS\amd64_microsoft.windows.common-controls_6595b64144ccf1df_6.0.19041.4355_none_60b8b9eb71f62e16\COMCTL32.dll
0x00007fffce640000 - 0x00007fffce6de000 	C:\WINDOWS\System32\msvcrt.dll
0x00007fffcf180000 - 0x00007fffcf1af000 	C:\WINDOWS\System32\IMM32.DLL
0x0000000065a80000 - 0x0000000065a8c000 	C:\Program Files (x86)\360\Total Security\safemon\SafeWrapper.dll
0x00007fffce870000 - 0x00007fffce920000 	C:\WINDOWS\System32\ADVAPI32.dll
0x00007fffcf340000 - 0x00007fffcf3e0000 	C:\WINDOWS\System32\sechost.dll
0x00007fffce360000 - 0x00007fffce483000 	C:\WINDOWS\System32\RPCRT4.dll
0x00007fffcd020000 - 0x00007fffcd047000 	C:\WINDOWS\System32\bcrypt.dll
0x00007fff90cf0000 - 0x00007fff90d9c000 	C:\Program Files (x86)\360\Total Security\safemon\libzdtp64.dll
0x00007fffce980000 - 0x00007fffcf0ef000 	C:\WINDOWS\System32\SHELL32.dll
0x00007fffce750000 - 0x00007fffce7a5000 	C:\WINDOWS\System32\SHLWAPI.dll
0x00007fffccb80000 - 0x00007fffccb8a000 	C:\WINDOWS\SYSTEM32\VERSION.dll
0x00007fffc9da0000 - 0x00007fffc9dac000 	c:\Users\DELL\.vscode\extensions\redhat.java-1.53.0-win32-x64\jre\21.0.10-win32-x86_64\bin\vcruntime140_1.dll
0x00007fff90de0000 - 0x00007fff90e6d000 	c:\Users\DELL\.vscode\extensions\redhat.java-1.53.0-win32-x64\jre\21.0.10-win32-x86_64\bin\msvcp140.dll
0x00007fff72010000 - 0x00007fff72db1000 	c:\Users\DELL\.vscode\extensions\redhat.java-1.53.0-win32-x64\jre\21.0.10-win32-x86_64\bin\server\jvm.dll
0x00007fffce6e0000 - 0x00007fffce74b000 	C:\WINDOWS\System32\WS2_32.dll
0x00007fffcc540000 - 0x00007fffcc58b000 	C:\WINDOWS\SYSTEM32\POWRPROF.dll
0x00007fffc11a0000 - 0x00007fffc11c7000 	C:\WINDOWS\SYSTEM32\WINMM.dll
0x00007fffcc3b0000 - 0x00007fffcc3c2000 	C:\WINDOWS\SYSTEM32\UMPDC.dll
0x00007fffcb7d0000 - 0x00007fffcb7e2000 	C:\WINDOWS\SYSTEM32\kernel.appcore.dll
0x00007fffc70f0000 - 0x00007fffc70fa000 	c:\Users\DELL\.vscode\extensions\redhat.java-1.53.0-win32-x64\jre\21.0.10-win32-x86_64\bin\jimage.dll
0x00007fffcb4e0000 - 0x00007fffcb6c4000 	C:\WINDOWS\SYSTEM32\DBGHELP.DLL
0x00007fffc2e00000 - 0x00007fffc2e34000 	C:\WINDOWS\SYSTEM32\dbgcore.DLL
0x00007fffcd820000 - 0x00007fffcd8a2000 	C:\WINDOWS\System32\bcryptPrimitives.dll
0x00007fffc58b0000 - 0x00007fffc58bf000 	c:\Users\DELL\.vscode\extensions\redhat.java-1.53.0-win32-x64\jre\21.0.10-win32-x86_64\bin\instrument.dll
0x00007fffbcf80000 - 0x00007fffbcfa0000 	c:\Users\DELL\.vscode\extensions\redhat.java-1.53.0-win32-x64\jre\21.0.10-win32-x86_64\bin\java.dll
0x00007fffcac60000 - 0x00007fffcb403000 	C:\WINDOWS\SYSTEM32\windows.storage.dll
0x00007fffcf3e0000 - 0x00007fffcf733000 	C:\WINDOWS\System32\combase.dll
0x00007fffcc9e0000 - 0x00007fffcca0e000 	C:\WINDOWS\SYSTEM32\Wldp.dll
0x00007fffcda70000 - 0x00007fffcdb3d000 	C:\WINDOWS\System32\OLEAUT32.dll
0x00007fffcf290000 - 0x00007fffcf33d000 	C:\WINDOWS\System32\SHCORE.dll
0x00007fffccf50000 - 0x00007fffccf74000 	C:\WINDOWS\SYSTEM32\profapi.dll
0x00007fffb87c0000 - 0x00007fffb87d8000 	c:\Users\DELL\.vscode\extensions\redhat.java-1.53.0-win32-x64\jre\21.0.10-win32-x86_64\bin\zip.dll
0x00007fffc5820000 - 0x00007fffc5830000 	C:\Users\DELL\.vscode\extensions\redhat.java-1.53.0-win32-x64\jre\21.0.10-win32-x86_64\bin\net.dll
0x00007fffc9ec0000 - 0x00007fffc9fcd000 	C:\WINDOWS\SYSTEM32\WINHTTP.dll
0x00007fffcc740000 - 0x00007fffcc7aa000 	C:\WINDOWS\system32\mswsock.dll
0x00007fffb86d0000 - 0x00007fffb86e6000 	C:\Users\DELL\.vscode\extensions\redhat.java-1.53.0-win32-x64\jre\21.0.10-win32-x86_64\bin\nio.dll
0x00007fffbd200000 - 0x00007fffbd210000 	c:\Users\DELL\.vscode\extensions\redhat.java-1.53.0-win32-x64\jre\21.0.10-win32-x86_64\bin\verify.dll
0x00007fff95230000 - 0x00007fff95275000 	C:\Users\DELL\AppData\Roaming\Code\User\globalStorage\redhat.java\1.53.0\config_win\org.eclipse.equinox.launcher\org.eclipse.equinox.launcher.win32.win32.x86_64_1.3.0.v20260203-2149\eclipse_11919.dll
0x00007fffcdb40000 - 0x00007fffcdc6b000 	C:\WINDOWS\System32\ole32.dll
0x00007fffcc930000 - 0x00007fffcc948000 	C:\WINDOWS\SYSTEM32\CRYPTSP.dll
0x00007fffcbff0000 - 0x00007fffcc024000 	C:\WINDOWS\system32\rsaenh.dll
0x00007fffcced0000 - 0x00007fffccefe000 	C:\WINDOWS\SYSTEM32\USERENV.dll
0x00007fffcc950000 - 0x00007fffcc95c000 	C:\WINDOWS\SYSTEM32\CRYPTBASE.dll
0x00007fffcc3d0000 - 0x00007fffcc40b000 	C:\WINDOWS\SYSTEM32\IPHLPAPI.DLL
0x00007fffcde60000 - 0x00007fffcde68000 	C:\WINDOWS\System32\NSI.dll
0x00007fff90fb0000 - 0x00007fff90ff9000 	C:\Users\DELL\AppData\Local\Temp\jna-2094529\jna2993597114745912003.dll
0x00007fffcf750000 - 0x00007fffcf758000 	C:\WINDOWS\System32\PSAPI.DLL
0x00007fffc5230000 - 0x00007fffc5247000 	C:\WINDOWS\SYSTEM32\dhcpcsvc6.DLL
0x00007fffc6190000 - 0x00007fffc61ad000 	C:\WINDOWS\SYSTEM32\dhcpcsvc.DLL

JVMTI agents:
c:\Users\DELL\.vscode\extensions\redhat.java-1.53.0-win32-x64\lombok\lombok-1.18.39-4050.jar path:c:\Users\DELL\.vscode\extensions\redhat.java-1.53.0-win32-x64\jre\21.0.10-win32-x86_64\bin\instrument.dll, loaded, initialized, instrumentlib options:none

dbghelp: loaded successfully - version: 4.0.5 - missing functions: none
symbol engine: initialized successfully - sym options: 0x614 - pdb path: .;c:\Users\DELL\.vscode\extensions\redhat.java-1.53.0-win32-x64\jre\21.0.10-win32-x86_64\bin;C:\WINDOWS\SYSTEM32;C:\WINDOWS\WinSxS\amd64_microsoft.windows.common-controls_6595b64144ccf1df_6.0.19041.4355_none_60b8b9eb71f62e16;C:\Program Files (x86)\360\Total Security\safemon;c:\Users\DELL\.vscode\extensions\redhat.java-1.53.0-win32-x64\jre\21.0.10-win32-x86_64\bin\server;C:\Users\DELL\AppData\Roaming\Code\User\globalStorage\redhat.java\1.53.0\config_win\org.eclipse.equinox.launcher\org.eclipse.equinox.launcher.win32.win32.x86_64_1.3.0.v20260203-2149;C:\Users\DELL\AppData\Local\Temp\jna-2094529

VM Arguments:
jvm_args: --add-modules=ALL-SYSTEM --add-opens=java.base/java.util=ALL-UNNAMED --add-opens=java.base/java.lang=ALL-UNNAMED --add-opens=java.base/sun.nio.fs=ALL-UNNAMED -Declipse.application=org.eclipse.jdt.ls.core.id1 -Dosgi.bundles.defaultStartLevel=4 -Declipse.product=org.eclipse.jdt.ls.core.product -Djava.import.generatesMetadataFilesAtProjectRoot=false -DDetectVMInstallationsJob.disabled=true -Dfile.encoding=utf8 -XX:+UseParallelGC -XX:GCTimeRatio=4 -XX:AdaptiveSizePolicyWeight=90 -Dsun.zip.disableMemoryMapping=true -Xmx2G -Xms100m -Xlog:disable -javaagent:c:\Users\DELL\.vscode\extensions\redhat.java-1.53.0-win32-x64\lombok\lombok-1.18.39-4050.jar -XX:+HeapDumpOnOutOfMemoryError -XX:HeapDumpPath=c:\Users\DELL\AppData\Roaming\Code\User\workspaceStorage\c4577e2df24de4a98b84820b062c811c\redhat.java -Daether.dependencyCollector.impl=bf 
java_command: c:\Users\DELL\.vscode\extensions\redhat.java-1.53.0-win32-x64\server\plugins\org.eclipse.equinox.launcher_1.7.100.v20251111-0406.jar -configuration c:\Users\DELL\AppData\Roaming\Code\User\globalStorage\redhat.java\1.53.0\config_win -data c:\Users\DELL\AppData\Roaming\Code\User\workspaceStorage\c4577e2df24de4a98b84820b062c811c\redhat.java\jdt_ws --pipe=\\.\pipe\lsp-ae8c1dd4fe1eb1dd24da376773a20b54-sock
java_class_path (initial): c:\Users\DELL\.vscode\extensions\redhat.java-1.53.0-win32-x64\server\plugins\org.eclipse.equinox.launcher_1.7.100.v20251111-0406.jar
Launcher Type: SUN_STANDARD

[Global flags]
    uintx AdaptiveSizePolicyWeight                 = 90                                        {product} {command line}
     intx CICompilerCount                          = 4                                         {product} {ergonomic}
    uintx GCTimeRatio                              = 4                                         {product} {command line}
     bool HeapDumpOnOutOfMemoryError               = true                                   {manageable} {command line}
    ccstr HeapDumpPath                             = c:\Users\DELL\AppData\Roaming\Code\User\workspaceStorage\c4577e2df24de4a98b84820b062c811c\redhat.java         {manageable} {command line}
   size_t InitialHeapSize                          = 104857600                                 {product} {command line}
   size_t MaxHeapSize                              = 2147483648                                {product} {command line}
   size_t MaxNewSize                               = 715653120                                 {product} {ergonomic}
   size_t MinHeapDeltaBytes                        = 524288                                    {product} {ergonomic}
   size_t MinHeapSize                              = 104857600                                 {product} {command line}
   size_t NewSize                                  = 34603008                                  {product} {ergonomic}
    uintx NonNMethodCodeHeapSize                   = 5839372                                {pd product} {ergonomic}
    uintx NonProfiledCodeHeapSize                  = 122909434                              {pd product} {ergonomic}
   size_t OldSize                                  = 70254592                                  {product} {ergonomic}
    uintx ProfiledCodeHeapSize                     = 122909434                              {pd product} {ergonomic}
    uintx ReservedCodeCacheSize                    = 251658240                              {pd product} {ergonomic}
     bool SegmentedCodeCache                       = true                                      {product} {ergonomic}
   size_t SoftMaxHeapSize                          = 2147483648                             {manageable} {ergonomic}
     bool UseCompressedOops                        = true                           {product lp64_product} {ergonomic}
     bool UseLargePagesIndividualAllocation        = false                                  {pd product} {ergonomic}
     bool UseParallelGC                            = true                                      {product} {command line}

Logging:
Log output configuration:
 #0: stdout all=off uptime,level,tags foldmultilines=false
 #1: stderr all=off uptime,level,tags foldmultilines=false

Release file:
JAVA_VERSION="21.0.10" 
MODULES="java.base java.compiler java.datatransfer java.xml java.prefs java.desktop java.instrument java.logging java.management java.security.sasl java.naming java.rmi java.management.rmi java.net.http java.scripting java.security.jgss java.transaction.xa java.sql java.sql.rowset java.xml.crypto java.se java.smartcardio jdk.accessibility jdk.internal.jvmstat jdk.attach jdk.charsets jdk.internal.opt jdk.zipfs jdk.compiler jdk.crypto.ec jdk.crypto.cryptoki jdk.crypto.mscapi jdk.dynalink jdk.internal.ed jdk.editpad jdk.hotspot.agent jdk.httpserver jdk.internal.le jdk.internal.vm.ci jdk.internal.vm.compiler jdk.internal.vm.compiler.management jdk.jartool jdk.javadoc jdk.jcmd jdk.management jdk.management.agent jdk.jconsole jdk.jdeps jdk.jdwp.agent jdk.jdi jdk.jfr jdk.jshell jdk.jsobject jdk.jstatd jdk.localedata jdk.management.jfr jdk.naming.dns jdk.naming.rmi jdk.net jdk.nio.mapmode jdk.random jdk.sctp jdk.security.auth jdk.security.jgss jdk.unsupported jdk.unsupported.desktop jdk.xml.dom" 

Environment Variables:
PATH=D:\Users\DELL\AppData\Local\Programs\Microsoft VS Code;C:\Program Files\Common Files\Oracle\Java\javapath;C:\WINDOWS;C:\WINDOWS\System32\Wbem;C:\WINDOWS\System32\WindowsPowerShell\v1.0\;C:\WINDOWS\System32\OpenSSH\;C:\WINDOWS\system32;D:\msys64\ucrt64\bin;C:\Program Files\dotnet\;C:\Program Files\Microsoft SQL Server\170\Tools\Binn\;C:\Program Files\Microsoft SQL Server\Client SDK\ODBC\170\Tools\Binn\;C:\Program Files\Git\cmd;C:\Users\DELL\AppData\Local\Microsoft\WindowsApps;D:\Users\DELL\AppData\Local\Programs\Microsoft VS Code\bin;C:\Users\DELL\.dotnet\tools;D:\flutter\bin;
USERNAME=DELL
OS=Windows_NT
PROCESSOR_IDENTIFIER=Intel64 Family 6 Model 140 Stepping 1, GenuineIntel
TMP=C:\Users\DELL\AppData\Local\Temp
TEMP=C:\Users\DELL\AppData\Local\Temp




Periodic native trim disabled

---------------  S Y S T E M  ---------------

OS:
 Windows 10 , 64 bit Build 19041 (10.0.19041.4842)
OS uptime: 0 days 0:19 hours

CPU: total 8 (initial active 8) (4 cores per cpu, 2 threads per core) family 6 model 140 stepping 1 microcode 0xb4, cx8, cmov, fxsr, ht, mmx, 3dnowpref, sse, sse2, sse3, ssse3, sse4.1, sse4.2, popcnt, lzcnt, tsc, tscinvbit, avx, avx2, aes, erms, clmul, bmi1, bmi2, adx, avx512f, avx512dq, avx512cd, avx512bw, avx512vl, sha, fma, vzeroupper, avx512_vpopcntdq, avx512_vpclmulqdq, avx512_vaes, avx512_vnni, clflush, clflushopt, clwb, avx512_vbmi2, avx512_vbmi, rdtscp, rdpid, fsrm, gfni, avx512_bitalg, f16c, pku, cet_ibt, cet_ss, avx512_ifma
Processor Information for the first 8 processors :
  Max Mhz: 1997, Current Mhz: 1997, Mhz Limit: 1997

Memory: 4k page, system-wide physical 3822M (85M free)
TotalPageFile size 8792M (AvailPageFile size 11M)
current process WorkingSet (physical memory assigned to process): 190M, peak: 192M
current process commit charge ("private bytes"): 336M, peak: 340M

vm_info: OpenJDK 64-Bit Server VM (21.0.10+7-LTS) for windows-amd64 JRE (21.0.10+7-LTS), built on 2026-01-20T00:00:00Z by "admin" with MS VC++ 17.12 (VS2022)

END.
