#
# There is insufficient memory for the Java Runtime Environment to continue.
# Native memory allocation (malloc) failed to allocate 2236176 bytes. Error detail: Chunk::new
# Possible reasons:
#   The system is out of physical RAM or swap space
#   This process is running with CompressedOops enabled, and the Java Heap may be blocking the growth of the native heap
# Possible solutions:
#   Reduce memory load on the system
#   Increase physical memory or swap space
#   Check if swap backing store is full
#   Decrease Java heap size (-Xmx/-Xms)
#   Decrease number of Java threads
#   Decrease Java thread stack sizes (-Xss)
#   Set larger code cache with -XX:ReservedCodeCacheSize=
#   JVM is running with Unscaled Compressed Oops mode in which the Java heap is
#     placed in the first 4GB address space. The Java Heap base address is the
#     maximum limit for the native heap growth. Please use -XX:HeapBaseMinAddress
#     to set the Java Heap base and to place the Java Heap above 4GB virtual address.
# This output file may be truncated or incomplete.
#
#  Out of Memory Error (arena.cpp:168), pid=17016, tid=11328
#
# JRE version: OpenJDK Runtime Environment Temurin-21.0.10+7 (21.0.10+7) (build 21.0.10+7-LTS)
# Java VM: OpenJDK 64-Bit Server VM Temurin-21.0.10+7 (21.0.10+7-LTS, mixed mode, sharing, tiered, compressed oops, compressed class ptrs, parallel gc, windows-amd64)
# No core dump will be written. Minidumps are not enabled by default on client versions of Windows
#

---------------  S U M M A R Y ------------

Command Line: --add-modules=ALL-SYSTEM --add-opens=java.base/java.util=ALL-UNNAMED --add-opens=java.base/java.lang=ALL-UNNAMED --add-opens=java.base/sun.nio.fs=ALL-UNNAMED -Declipse.application=org.eclipse.jdt.ls.core.id1 -Dosgi.bundles.defaultStartLevel=4 -Declipse.product=org.eclipse.jdt.ls.core.product -Djava.import.generatesMetadataFilesAtProjectRoot=false -DDetectVMInstallationsJob.disabled=true -Dfile.encoding=utf8 -XX:+UseParallelGC -XX:GCTimeRatio=4 -XX:AdaptiveSizePolicyWeight=90 -Dsun.zip.disableMemoryMapping=true -Xmx2G -Xms100m -Xlog:disable -javaagent:c:\Users\DELL\.vscode\extensions\redhat.java-1.53.0-win32-x64\lombok\lombok-1.18.39-4050.jar -XX:+HeapDumpOnOutOfMemoryError -XX:HeapDumpPath=c:\Users\DELL\AppData\Roaming\Code\User\workspaceStorage\c4577e2df24de4a98b84820b062c811c\redhat.java -Daether.dependencyCollector.impl=bf c:\Users\DELL\.vscode\extensions\redhat.java-1.53.0-win32-x64\server\plugins\org.eclipse.equinox.launcher_1.7.100.v20251111-0406.jar -configuration c:\Users\DELL\AppData\Roaming\Code\User\globalStorage\redhat.java\1.53.0\config_win -data c:\Users\DELL\AppData\Roaming\Code\User\workspaceStorage\c4577e2df24de4a98b84820b062c811c\redhat.java\jdt_ws --pipe=\\.\pipe\lsp-1aa82d0432a0922dddc30b9ba79efc47-sock

Host: 11th Gen Intel(R) Core(TM) i3-1125G4 @ 2.00GHz, 8 cores, 3G,  Windows 10 , 64 bit Build 19041 (10.0.19041.4842)
Time: Fri Mar 27 15:48:40 2026 SE Asia Standard Time elapsed time: 19.230670 seconds (0d 0h 0m 19s)

---------------  T H R E A D  ---------------

Current thread (0x000001a6169d70f0):  JavaThread "C2 CompilerThread1" daemon [_thread_in_native, id=11328, stack(0x0000002821c00000,0x0000002821d00000) (1024K)]


Current CompileTask:
C2:19230 13569   !   4       org.eclipse.jdt.internal.core.search.indexing.BinaryIndexer::indexDocument (1172 bytes)

Stack: [0x0000002821c00000,0x0000002821d00000]
Native frames: (J=compiled Java code, j=interpreted, Vv=VM code, C=native code)
V  [jvm.dll+0x6d7a39]
V  [jvm.dll+0x8b4b26]
V  [jvm.dll+0x8b70de]
V  [jvm.dll+0x8b77c3]
V  [jvm.dll+0x284346]
V  [jvm.dll+0xc66ed]
V  [jvm.dll+0xc6c31]
V  [jvm.dll+0x3bec01]
V  [jvm.dll+0x1e3d62]
V  [jvm.dll+0x24c6b3]
V  [jvm.dll+0x24bb40]
V  [jvm.dll+0x1cb34e]
V  [jvm.dll+0x25b85d]
V  [jvm.dll+0x259dea]
V  [jvm.dll+0x3f857e]
V  [jvm.dll+0x85f59d]
V  [jvm.dll+0x6d626d]
C  [ucrtbase.dll+0x21bb2]
C  [KERNEL32.DLL+0x17374]
C  [ntdll.dll+0x4cc91]


---------------  P R O C E S S  ---------------

Threads class SMR info:
_java_thread_list=0x000001a66132e7d0, length=67, elements={
0x000001a67d9cd590, 0x000001a67fe2e6a0, 0x000001a6169be710, 0x000001a6169c5120,
0x000001a6169c5d80, 0x000001a6169c9820, 0x000001a6169cb1e0, 0x000001a6169d3650,
0x000001a6169d4140, 0x000001a659655100, 0x000001a6169d70f0, 0x000001a659773800,
0x000001a65e1f3b00, 0x000001a65e5fb220, 0x000001a65ed14bf0, 0x000001a65ed11e20,
0x000001a65eeb76b0, 0x000001a65ee7e7c0, 0x000001a6169d6a20, 0x000001a65ef4f170,
0x000001a65f29d410, 0x000001a65f29e130, 0x000001a65f29c060, 0x000001a65f29c6f0,
0x000001a65f29daa0, 0x000001a65f29e7c0, 0x000001a65f29ee50, 0x000001a65f29f4e0,
0x000001a65f0fb190, 0x000001a65f0fab00, 0x000001a65f0f55b0, 0x000001a65f0f4200,
0x000001a65f0fa470, 0x000001a65f0f4f20, 0x000001a65f0fb820, 0x000001a65f0f4890,
0x000001a65f0f9de0, 0x000001a65f0f62d0, 0x000001a65f0f7680, 0x000001a65f0f5c40,
0x000001a65f0f6ff0, 0x000001a65f0f7d10, 0x000001a65f0f9750, 0x000001a65f0f90c0,
0x000001a65f0f83a0, 0x000001a6660d9880, 0x000001a6660de0b0, 0x000001a6660dc670,
0x000001a6660d91f0, 0x000001a6660d8b60, 0x000001a6660dcd00, 0x000001a6660db2c0,
0x000001a6660db950, 0x000001a6660dedd0, 0x000001a6660dbfe0, 0x000001a6660de740,
0x000001a6660df460, 0x000001a6660d9f10, 0x000001a6660d84d0, 0x000001a6660dd390,
0x000001a6660dac30, 0x000001a65fe77320, 0x000001a65fe72af0, 0x000001a65fe73ea0,
0x000001a65fe73180, 0x000001a65fe73810, 0x000001a65fe78040
}
_to_delete_list=0x000001a65f32cd80, length=66, elements={
0x000001a67d9cd590, 0x000001a67fe2e6a0, 0x000001a6169be710, 0x000001a6169c5120,
0x000001a6169c5d80, 0x000001a6169c9820, 0x000001a6169cb1e0, 0x000001a6169d3650,
0x000001a6169d4140, 0x000001a659655100, 0x000001a6169d70f0, 0x000001a659773800,
0x000001a65e1f3b00, 0x000001a65e5fb220, 0x000001a65ed14bf0, 0x000001a65ed11e20,
0x000001a65eeb76b0, 0x000001a65ee7e7c0, 0x000001a6169d6a20, 0x000001a65ef4f170,
0x000001a65f29d410, 0x000001a65f29e130, 0x000001a65f29c060, 0x000001a65f29c6f0,
0x000001a65f29daa0, 0x000001a65f29e7c0, 0x000001a65f29ee50, 0x000001a65f29f4e0,
0x000001a65f0fb190, 0x000001a65f0fab00, 0x000001a65f0f55b0, 0x000001a65f0f4200,
0x000001a65f0fa470, 0x000001a65f0f4f20, 0x000001a65f0fb820, 0x000001a65f0f4890,
0x000001a65f0f9de0, 0x000001a65f0f62d0, 0x000001a65f0f7680, 0x000001a65f0f5c40,
0x000001a65f0f6ff0, 0x000001a65f0f7d10, 0x000001a65f0f9750, 0x000001a65f0f90c0,
0x000001a65f0f83a0, 0x000001a6660d9880, 0x000001a6660de0b0, 0x000001a6660dc670,
0x000001a6660d91f0, 0x000001a6660d8b60, 0x000001a6660dcd00, 0x000001a6660db2c0,
0x000001a6660db950, 0x000001a6660dedd0, 0x000001a6660dbfe0, 0x000001a6660de740,
0x000001a6660df460, 0x000001a6660d9f10, 0x000001a6660d84d0, 0x000001a6660dd390,
0x000001a6660dac30, 0x000001a65fe77320, 0x000001a65fe72af0, 0x000001a65fe73ea0,
0x000001a65fe73180, 0x000001a65fe73810
}

Java Threads: ( => current thread )
  0x000001a67d9cd590 JavaThread "main"                              [_thread_blocked, id=5308, stack(0x0000002820f00000,0x0000002821000000) (1024K)]
  0x000001a67fe2e6a0 JavaThread "Reference Handler"          daemon [_thread_blocked, id=2424, stack(0x0000002821300000,0x0000002821400000) (1024K)]
  0x000001a6169be710 JavaThread "Finalizer"                  daemon [_thread_blocked, id=16828, stack(0x0000002821400000,0x0000002821500000) (1024K)]
  0x000001a6169c5120 JavaThread "Signal Dispatcher"          daemon [_thread_blocked, id=984, stack(0x0000002821500000,0x0000002821600000) (1024K)]
  0x000001a6169c5d80 JavaThread "Attach Listener"            daemon [_thread_blocked, id=17080, stack(0x0000002821600000,0x0000002821700000) (1024K)]
  0x000001a6169c9820 JavaThread "Service Thread"             daemon [_thread_blocked, id=15544, stack(0x0000002821700000,0x0000002821800000) (1024K)]
  0x000001a6169cb1e0 JavaThread "Monitor Deflation Thread"   daemon [_thread_blocked, id=6988, stack(0x0000002821800000,0x0000002821900000) (1024K)]
  0x000001a6169d3650 JavaThread "C2 CompilerThread0"         daemon [_thread_in_native, id=16936, stack(0x0000002821900000,0x0000002821a00000) (1024K)]
  0x000001a6169d4140 JavaThread "C1 CompilerThread0"         daemon [_thread_blocked, id=5304, stack(0x0000002821a00000,0x0000002821b00000) (1024K)]
  0x000001a659655100 JavaThread "Common-Cleaner"             daemon [_thread_blocked, id=4252, stack(0x0000002821b00000,0x0000002821c00000) (1024K)]
=>0x000001a6169d70f0 JavaThread "C2 CompilerThread1"         daemon [_thread_in_native, id=11328, stack(0x0000002821c00000,0x0000002821d00000) (1024K)]
  0x000001a659773800 JavaThread "Notification Thread"        daemon [_thread_blocked, id=16268, stack(0x0000002821d00000,0x0000002821e00000) (1024K)]
  0x000001a65e1f3b00 JavaThread "Active Thread: Equinox Container: 4e38bc60-46f5-4057-a82a-4fe5c4ce7247"        [_thread_blocked, id=12628, stack(0x0000002822500000,0x0000002822600000) (1024K)]
  0x000001a65e5fb220 JavaThread "Refresh Thread: Equinox Container: 4e38bc60-46f5-4057-a82a-4fe5c4ce7247" daemon [_thread_blocked, id=7300, stack(0x0000002822700000,0x0000002822800000) (1024K)]
  0x000001a65ed14bf0 JavaThread "Framework Event Dispatcher: Equinox Container: 4e38bc60-46f5-4057-a82a-4fe5c4ce7247" daemon [_thread_blocked, id=16180, stack(0x0000002822800000,0x0000002822900000) (1024K)]
  0x000001a65ed11e20 JavaThread "Start Level: Equinox Container: 4e38bc60-46f5-4057-a82a-4fe5c4ce7247" daemon [_thread_blocked, id=10976, stack(0x0000002822900000,0x0000002822a00000) (1024K)]
  0x000001a65eeb76b0 JavaThread "Bundle File Closer"         daemon [_thread_blocked, id=13512, stack(0x0000002822a00000,0x0000002822b00000) (1024K)]
  0x000001a65ee7e7c0 JavaThread "SCR Component Actor"        daemon [_thread_blocked, id=9708, stack(0x0000002822b00000,0x0000002822c00000) (1024K)]
  0x000001a6169d6a20 JavaThread "C2 CompilerThread2"         daemon [_thread_in_native, id=16840, stack(0x0000002821e00000,0x0000002821f00000) (1024K)]
  0x000001a65ef4f170 JavaThread "Worker-JM"                         [_thread_blocked, id=9000, stack(0x0000002822c00000,0x0000002822d00000) (1024K)]
  0x000001a65f29d410 JavaThread "JNA Cleaner"                daemon [_thread_blocked, id=1956, stack(0x0000002822d00000,0x0000002822e00000) (1024K)]
  0x000001a65f29e130 JavaThread "Worker-0"                          [_thread_blocked, id=14284, stack(0x0000002822e00000,0x0000002822f00000) (1024K)]
  0x000001a65f29c060 JavaThread "Worker-1: Java indexing... "        [_thread_blocked, id=1312, stack(0x0000002822f00000,0x0000002823000000) (1024K)]
  0x000001a65f29c6f0 JavaThread "Java indexing"              daemon [_thread_in_Java, id=7056, stack(0x0000002823000000,0x0000002823100000) (1024K)]
  0x000001a65f29daa0 JavaThread "Worker-2: Publish Diagnostics"        [_thread_blocked, id=17236, stack(0x0000002823100000,0x0000002823200000) (1024K)]
  0x000001a65f29e7c0 JavaThread "Worker-3"                          [_thread_blocked, id=11784, stack(0x0000002823200000,0x0000002823300000) (1024K)]
  0x000001a65f29ee50 JavaThread "Thread-1"                   daemon [_thread_in_native, id=14060, stack(0x0000002823300000,0x0000002823400000) (1024K)]
  0x000001a65f29f4e0 JavaThread "Thread-2"                   daemon [_thread_in_native, id=17092, stack(0x0000002823400000,0x0000002823500000) (1024K)]
  0x000001a65f0fb190 JavaThread "Thread-3"                   daemon [_thread_in_native, id=9624, stack(0x0000002823500000,0x0000002823600000) (1024K)]
  0x000001a65f0fab00 JavaThread "Thread-4"                   daemon [_thread_in_native, id=1224, stack(0x0000002823600000,0x0000002823700000) (1024K)]
  0x000001a65f0f55b0 JavaThread "Thread-5"                   daemon [_thread_in_native, id=16796, stack(0x0000002823700000,0x0000002823800000) (1024K)]
  0x000001a65f0f4200 JavaThread "Thread-6"                   daemon [_thread_in_native, id=4800, stack(0x0000002823800000,0x0000002823900000) (1024K)]
  0x000001a65f0fa470 JavaThread "Thread-7"                   daemon [_thread_in_native, id=12144, stack(0x0000002823900000,0x0000002823a00000) (1024K)]
  0x000001a65f0f4f20 JavaThread "Thread-8"                   daemon [_thread_in_native, id=1496, stack(0x0000002823a00000,0x0000002823b00000) (1024K)]
  0x000001a65f0fb820 JavaThread "Thread-9"                   daemon [_thread_in_native, id=15612, stack(0x0000002823b00000,0x0000002823c00000) (1024K)]
  0x000001a65f0f4890 JavaThread "pool-2-thread-1"                   [_thread_blocked, id=16172, stack(0x0000002823c00000,0x0000002823d00000) (1024K)]
  0x000001a65f0f9de0 JavaThread "WorkspaceEventsHandler"            [_thread_blocked, id=7908, stack(0x0000002823d00000,0x0000002823e00000) (1024K)]
  0x000001a65f0f62d0 JavaThread "pool-1-thread-1"                   [_thread_blocked, id=9468, stack(0x0000002823e00000,0x0000002823f00000) (1024K)]
  0x000001a65f0f7680 JavaThread "Worker-4"                          [_thread_blocked, id=5496, stack(0x0000002823f00000,0x0000002824000000) (1024K)]
  0x000001a65f0f5c40 JavaThread "Worker-5: Initialize workspace"        [_thread_blocked, id=15716, stack(0x0000002824000000,0x0000002824100000) (1024K)]
  0x000001a65f0f6ff0 JavaThread "LocalFile Deleter"          daemon [_thread_blocked, id=1384, stack(0x0000002824100000,0x0000002824200000) (1024K)]
  0x000001a65f0f7d10 JavaThread "LocalFile Deleter"          daemon [_thread_blocked, id=1720, stack(0x0000002824200000,0x0000002824300000) (1024K)]
  0x000001a65f0f9750 JavaThread "LocalFile Deleter"          daemon [_thread_blocked, id=12732, stack(0x0000002824300000,0x0000002824400000) (1024K)]
  0x000001a65f0f90c0 JavaThread "LocalFile Deleter"          daemon [_thread_blocked, id=17168, stack(0x0000002824400000,0x0000002824500000) (1024K)]
  0x000001a65f0f83a0 JavaThread "LocalFile Deleter"          daemon [_thread_blocked, id=17084, stack(0x0000002824500000,0x0000002824600000) (1024K)]
  0x000001a6660d9880 JavaThread "LocalFile Deleter"          daemon [_thread_blocked, id=16788, stack(0x0000002824600000,0x0000002824700000) (1024K)]
  0x000001a6660de0b0 JavaThread "LocalFile Deleter"          daemon [_thread_blocked, id=5492, stack(0x0000002824700000,0x0000002824800000) (1024K)]
  0x000001a6660dc670 JavaThread "LocalFile Deleter"          daemon [_thread_blocked, id=12848, stack(0x0000002824800000,0x0000002824900000) (1024K)]
  0x000001a6660d91f0 JavaThread "Compiler Source File Reader" daemon [_thread_blocked, id=13152, stack(0x0000002824900000,0x0000002824a00000) (1024K)]
  0x000001a6660d8b60 JavaThread "Compiler Source File Reader" daemon [_thread_blocked, id=10328, stack(0x0000002824a00000,0x0000002824b00000) (1024K)]
  0x000001a6660dcd00 JavaThread "Compiler Source File Reader" daemon [_thread_blocked, id=12764, stack(0x0000002824b00000,0x0000002824c00000) (1024K)]
  0x000001a6660db2c0 JavaThread "Compiler Source File Reader" daemon [_thread_blocked, id=16428, stack(0x0000002824c00000,0x0000002824d00000) (1024K)]
  0x000001a6660db950 JavaThread "Compiler Source File Reader" daemon [_thread_blocked, id=16628, stack(0x0000002824d00000,0x0000002824e00000) (1024K)]
  0x000001a6660dedd0 JavaThread "Compiler Source File Reader" daemon [_thread_blocked, id=16388, stack(0x0000002824e00000,0x0000002824f00000) (1024K)]
  0x000001a6660dbfe0 JavaThread "Compiler Processing Task"   daemon [_thread_blocked, id=9752, stack(0x0000002824f00000,0x0000002825000000) (1024K)]
  0x000001a6660de740 JavaThread "Compiler Class File Writer" daemon [_thread_blocked, id=11824, stack(0x0000002825000000,0x0000002825100000) (1024K)]
  0x000001a6660df460 JavaThread "Compiler Class File Writer" daemon [_thread_blocked, id=16568, stack(0x0000002825100000,0x0000002825200000) (1024K)]
  0x000001a6660d9f10 JavaThread "Compiler Class File Writer" daemon [_thread_blocked, id=5356, stack(0x0000002825200000,0x0000002825300000) (1024K)]
  0x000001a6660d84d0 JavaThread "Compiler Class File Writer" daemon [_thread_blocked, id=13424, stack(0x0000002825300000,0x0000002825400000) (1024K)]
  0x000001a6660dd390 JavaThread "Compiler Class File Writer" daemon [_thread_blocked, id=6788, stack(0x0000002825400000,0x0000002825500000) (1024K)]
  0x000001a6660dac30 JavaThread "Compiler Class File Writer" daemon [_thread_blocked, id=9472, stack(0x0000002825500000,0x0000002825600000) (1024K)]
  0x000001a65fe77320 JavaThread "ForkJoinPool.commonPool-worker-1" daemon [_thread_blocked, id=17136, stack(0x0000002825600000,0x0000002825700000) (1024K)]
  0x000001a65fe72af0 JavaThread "ForkJoinPool.commonPool-worker-2" daemon [_thread_blocked, id=10324, stack(0x0000002825700000,0x0000002825800000) (1024K)]
  0x000001a65fe73ea0 JavaThread "ForkJoinPool.commonPool-worker-3" daemon [_thread_blocked, id=6468, stack(0x0000002825800000,0x0000002825900000) (1024K)]
  0x000001a65fe73180 JavaThread "ForkJoinPool.commonPool-worker-4" daemon [_thread_blocked, id=10844, stack(0x0000002825900000,0x0000002825a00000) (1024K)]
  0x000001a65fe73810 JavaThread "ForkJoinPool.commonPool-worker-5" daemon [_thread_blocked, id=8172, stack(0x0000002825a00000,0x0000002825b00000) (1024K)]
  0x000001a65fe78040 JavaThread "ForkJoinPool.commonPool-worker-6" daemon [_thread_blocked, id=14044, stack(0x0000002825b00000,0x0000002825c00000) (1024K)]
Total: 67

Other Threads:
  0x000001a6169b3010 VMThread "VM Thread"                           [id=17196, stack(0x0000002821200000,0x0000002821300000) (1024K)]
  0x000001a67fde9e80 WatcherThread "VM Periodic Task Thread"        [id=9736, stack(0x0000002821100000,0x0000002821200000) (1024K)]
  0x000001a67fd9b410 WorkerThread "GC Thread#0"                     [id=15676, stack(0x0000002821000000,0x0000002821100000) (1024K)]
  0x000001a65e064180 WorkerThread "GC Thread#1"                     [id=10968, stack(0x0000002821f00000,0x0000002822000000) (1024K)]
  0x000001a65e7a1c40 WorkerThread "GC Thread#2"                     [id=15760, stack(0x0000002822000000,0x0000002822100000) (1024K)]
  0x000001a65e7a1ff0 WorkerThread "GC Thread#3"                     [id=11056, stack(0x0000002822100000,0x0000002822200000) (1024K)]
  0x000001a65e2fa3d0 WorkerThread "GC Thread#4"                     [id=12276, stack(0x0000002822200000,0x0000002822300000) (1024K)]
  0x000001a65e2fa780 WorkerThread "GC Thread#5"                     [id=8, stack(0x0000002822300000,0x0000002822400000) (1024K)]
  0x000001a65e3c2350 WorkerThread "GC Thread#6"                     [id=13056, stack(0x0000002822400000,0x0000002822500000) (1024K)]
  0x000001a65e8016f0 WorkerThread "GC Thread#7"                     [id=13084, stack(0x0000002822600000,0x0000002822700000) (1024K)]
Total: 10

Threads with active compile tasks:
C2 CompilerThread0  19314 13823       4       org.eclipse.jdt.internal.compiler.impl.CompilerOptions::versionFromJdkLevel (204 bytes)
C2 CompilerThread1  19314 13569   !   4       org.eclipse.jdt.internal.core.search.indexing.BinaryIndexer::indexDocument (1172 bytes)
C2 CompilerThread2  19314 13794   !   4       org.eclipse.jdt.internal.core.util.DeduplicationUtil::intern (149 bytes)
Total: 3

VM state: at safepoint (normal execution)

VM Mutex/Monitor currently owned by a thread:  ([mutex/lock_event])
[0x00007fff72cce560] Threads_lock - owner thread: 0x000001a6169b3010
[0x00007fff72cce660] Heap_lock - owner thread: 0x000001a65fe77320

Heap address: 0x0000000080000000, size: 2048 MB, Compressed Oops mode: 32-bit

CDS archive(s) mapped at: [0x000001a617000000-0x000001a617ba0000-0x000001a617ba0000), size 12189696, SharedBaseAddress: 0x000001a617000000, ArchiveRelocationMode: 1.
Compressed class space mapped at: 0x000001a618000000-0x000001a658000000, reserved size: 1073741824
Narrow klass base: 0x000001a617000000, Narrow klass shift: 0, Narrow klass range: 0x100000000

GC Precious Log:
 CardTable entry size: 512
 CPUs: 8 total, 8 available
 Memory: 3822M
 Large Page Support: Disabled
 NUMA Support: Disabled
 Compressed Oops: Enabled (32-bit)
 Alignments: Space 512K, Generation 512K, Heap 2M
 Heap Min Capacity: 100M
 Heap Initial Capacity: 100M
 Heap Max Capacity: 2G
 Pre-touch: Disabled
 Parallel Workers: 8

Heap:
 PSYoungGen      total 12288K, used 11787K [0x00000000d5580000, 0x00000000d6280000, 0x0000000100000000)
  eden space 11264K, 100% used [0x00000000d5580000,0x00000000d6080000,0x00000000d6080000)
  from space 1024K, 51% used [0x00000000d6180000,0x00000000d6202c68,0x00000000d6280000)
  to   space 1024K, 56% used [0x00000000d6080000,0x00000000d6110000,0x00000000d6180000)
 ParOldGen       total 323584K, used 323182K [0x0000000080000000, 0x0000000093c00000, 0x00000000d5580000)
  object space 323584K, 99% used [0x0000000080000000,0x0000000093b9b9d0,0x0000000093c00000)
 Metaspace       used 68845K, committed 70400K, reserved 1114112K
  class space    used 7152K, committed 7808K, reserved 1048576K

Card table byte_map: [0x000001a67f710000,0x000001a67fb20000] _byte_map_base: 0x000001a67f310000

Marking Bits: (ParMarkBitMap*) 0x00007fff72cd3450
 Begin Bits: [0x000001a6123f0000, 0x000001a6143f0000)
 End Bits:   [0x000001a6143f0000, 0x000001a6163f0000)

Polling page: 0x000001a67dbd0000

Metaspace:

Usage:
  Non-class:     60.25 MB used.
      Class:      6.98 MB used.
       Both:     67.23 MB used.

Virtual space:
  Non-class space:       64.00 MB reserved,      61.12 MB ( 96%) committed,  1 nodes.
      Class space:        1.00 GB reserved,       7.62 MB ( <1%) committed,  1 nodes.
             Both:        1.06 GB reserved,      68.75 MB (  6%) committed. 

Chunk freelists:
   Non-Class:  1.98 MB
       Class:  8.19 MB
        Both:  10.17 MB

MaxMetaspaceSize: unlimited
CompressedClassSpaceSize: 1.00 GB
Initial GC threshold: 21.00 MB
Current GC threshold: 97.81 MB
CDS: on
 - commit_granule_bytes: 65536.
 - commit_granule_words: 8192.
 - virtual_space_node_default_size: 8388608.
 - enlarge_chunks_in_place: 1.
 - use_allocation_guard: 0.


Internal statistics:

num_allocs_failed_limit: 13.
num_arena_births: 1284.
num_arena_deaths: 14.
num_vsnodes_births: 2.
num_vsnodes_deaths: 0.
num_space_committed: 1100.
num_space_uncommitted: 0.
num_chunks_returned_to_freelist: 27.
num_chunks_taken_from_freelist: 4571.
num_chunk_merges: 16.
num_chunk_splits: 2785.
num_chunks_enlarged: 1578.
num_inconsistent_stats: 0.

CodeHeap 'non-profiled nmethods': size=120000Kb used=10488Kb max_used=10488Kb free=109511Kb
 bounds [0x000001a60ac10000, 0x000001a60b650000, 0x000001a612140000]
CodeHeap 'profiled nmethods': size=120000Kb used=30546Kb max_used=30546Kb free=89454Kb
 bounds [0x000001a603140000, 0x000001a604f20000, 0x000001a60a670000]
CodeHeap 'non-nmethods': size=5760Kb used=1459Kb max_used=1516Kb free=4300Kb
 bounds [0x000001a60a670000, 0x000001a60a8e0000, 0x000001a60ac10000]
CodeCache: size=245760Kb, used=42493Kb, max_used=42550Kb, free=203265Kb
 total_blobs=13782, nmethods=13014, adapters=673, full_count=0
Compilation: enabled, stopped_count=0, restarted_count=0

Compilation events (20 events):
Event: 19.117 Thread 0x000001a6169d4140 nmethod 13797 0x000001a604ef6f10 code [0x000001a604ef71c0, 0x000001a604ef84e8]
Event: 19.117 Thread 0x000001a6169d4140 13798       3       org.eclipse.jdt.internal.core.util.LRUCache::getKey (23 bytes)
Event: 19.117 Thread 0x000001a6169d4140 nmethod 13798 0x000001a604ef8890 code [0x000001a604ef8a60, 0x000001a604ef8da0]
Event: 19.134 Thread 0x000001a6169d3650 13799       4       org.eclipse.jdt.internal.compiler.parser.Scanner::internalScanIdentifierOrKeyword (5041 bytes)
Event: 19.134 Thread 0x000001a6169d4140 13800   !   3       org.eclipse.jdt.internal.core.util.DeduplicationUtil::internObject (19 bytes)
Event: 19.134 Thread 0x000001a6169d4140 nmethod 13800 0x000001a604ef8e90 code [0x000001a604ef9040, 0x000001a604ef9278]
Event: 19.143 Thread 0x000001a6169d4140 13803   !   3       org.eclipse.jdt.internal.core.JarPackageFragmentRoot::computeChildren (606 bytes)
Event: 19.153 Thread 0x000001a6169d4140 nmethod 13803 0x000001a604ef9390 code [0x000001a604ef9d80, 0x000001a604f009e0]
Event: 19.186 Thread 0x000001a6169d4140 13804       3       java.util.stream.ReferencePipeline$$Lambda/0x000001a6180218c8::apply (5 bytes)
Event: 19.186 Thread 0x000001a6169d4140 nmethod 13804 0x000001a604f03f10 code [0x000001a604f040c0, 0x000001a604f042b8]
Event: 19.186 Thread 0x000001a6169d4140 13805       3       java.util.stream.ReferencePipeline::lambda$toArray$0 (5 bytes)
Event: 19.186 Thread 0x000001a6169d4140 nmethod 13805 0x000001a604f04390 code [0x000001a604f04520, 0x000001a604f046a0]
Event: 19.191 Thread 0x000001a6169d4140 13807       3       java.util.ArrayList::sort (45 bytes)
Event: 19.194 Thread 0x000001a6169d4140 nmethod 13807 0x000001a604f04790 code [0x000001a604f04960, 0x000001a604f04be0]
Event: 19.205 Thread 0x000001a6169d4140 13810       3       java.util.TimSort::gallopRight (335 bytes)
Event: 19.207 Thread 0x000001a6169d4140 nmethod 13810 0x000001a604f04d10 code [0x000001a604f04f40, 0x000001a604f059f0]
Event: 19.207 Thread 0x000001a6169d4140 13811       3       java.util.TimSort::gallopLeft (335 bytes)
Event: 19.210 Thread 0x000001a6169d4140 nmethod 13811 0x000001a604f05d90 code [0x000001a604f05fc0, 0x000001a604f06a40]
Event: 19.225 Thread 0x000001a6169d3650 nmethod 13799 0x000001a60b646910 code [0x000001a60b646ee0, 0x000001a60b649b68]
Event: 19.225 Thread 0x000001a6169d3650 13802       4       org.eclipse.jdt.internal.core.util.HashSetOfArray::add (100 bytes)

GC Heap History (20 events):
Event: 19.112 GC heap before
{Heap before GC invocations=738 (full 3):
 PSYoungGen      total 9728K, used 9696K [0x00000000d5580000, 0x00000000d6000000, 0x0000000100000000)
  eden space 9216K, 100% used [0x00000000d5580000,0x00000000d5e80000,0x00000000d5e80000)
  from space 512K, 93% used [0x00000000d5f80000,0x00000000d5ff8000,0x00000000d6000000)
  to   space 512K, 0% used [0x00000000d5f00000,0x00000000d5f00000,0x00000000d5f80000)
 ParOldGen       total 316928K, used 316916K [0x0000000080000000, 0x0000000093580000, 0x00000000d5580000)
  object space 316928K, 99% used [0x0000000080000000,0x000000009357d3b0,0x0000000093580000)
 Metaspace       used 68834K, committed 70336K, reserved 1114112K
  class space    used 7152K, committed 7808K, reserved 1048576K
}
Event: 19.114 GC heap after
{Heap after GC invocations=738 (full 3):
 PSYoungGen      total 10240K, used 512K [0x00000000d5580000, 0x00000000d6280000, 0x0000000100000000)
  eden space 9728K, 0% used [0x00000000d5580000,0x00000000d5580000,0x00000000d5f00000)
  from space 512K, 100% used [0x00000000d5f00000,0x00000000d5f80000,0x00000000d5f80000)
  to   space 1024K, 0% used [0x00000000d6180000,0x00000000d6180000,0x00000000d6280000)
 ParOldGen       total 317440K, used 317284K [0x0000000080000000, 0x0000000093600000, 0x00000000d5580000)
  object space 317440K, 99% used [0x0000000080000000,0x00000000935d9378,0x0000000093600000)
 Metaspace       used 68834K, committed 70336K, reserved 1114112K
  class space    used 7152K, committed 7808K, reserved 1048576K
}
Event: 19.120 GC heap before
{Heap before GC invocations=739 (full 3):
 PSYoungGen      total 10240K, used 10240K [0x00000000d5580000, 0x00000000d6280000, 0x0000000100000000)
  eden space 9728K, 100% used [0x00000000d5580000,0x00000000d5f00000,0x00000000d5f00000)
  from space 512K, 100% used [0x00000000d5f00000,0x00000000d5f80000,0x00000000d5f80000)
  to   space 1024K, 0% used [0x00000000d6180000,0x00000000d6180000,0x00000000d6280000)
 ParOldGen       total 317440K, used 317284K [0x0000000080000000, 0x0000000093600000, 0x00000000d5580000)
  object space 317440K, 99% used [0x0000000080000000,0x00000000935d9378,0x0000000093600000)
 Metaspace       used 68836K, committed 70336K, reserved 1114112K
  class space    used 7152K, committed 7808K, reserved 1048576K
}
Event: 19.124 GC heap after
{Heap after GC invocations=739 (full 3):
 PSYoungGen      total 12288K, used 664K [0x00000000d5580000, 0x00000000d6300000, 0x0000000100000000)
  eden space 11264K, 0% used [0x00000000d5580000,0x00000000d5580000,0x00000000d6080000)
  from space 1024K, 64% used [0x00000000d6180000,0x00000000d6226178,0x00000000d6280000)
  to   space 1024K, 0% used [0x00000000d6080000,0x00000000d6080000,0x00000000d6180000)
 ParOldGen       total 317952K, used 317667K [0x0000000080000000, 0x0000000093680000, 0x00000000d5580000)
  object space 317952K, 99% used [0x0000000080000000,0x0000000093638d08,0x0000000093680000)
 Metaspace       used 68836K, committed 70336K, reserved 1114112K
  class space    used 7152K, committed 7808K, reserved 1048576K
}
Event: 19.131 GC heap before
{Heap before GC invocations=740 (full 3):
 PSYoungGen      total 12288K, used 11928K [0x00000000d5580000, 0x00000000d6300000, 0x0000000100000000)
  eden space 11264K, 100% used [0x00000000d5580000,0x00000000d6080000,0x00000000d6080000)
  from space 1024K, 64% used [0x00000000d6180000,0x00000000d6226178,0x00000000d6280000)
  to   space 1024K, 0% used [0x00000000d6080000,0x00000000d6080000,0x00000000d6180000)
 ParOldGen       total 317952K, used 317667K [0x0000000080000000, 0x0000000093680000, 0x00000000d5580000)
  object space 317952K, 99% used [0x0000000080000000,0x0000000093638d08,0x0000000093680000)
 Metaspace       used 68836K, committed 70336K, reserved 1114112K
  class space    used 7152K, committed 7808K, reserved 1048576K
}
Event: 19.133 GC heap after
{Heap after GC invocations=740 (full 3):
 PSYoungGen      total 12288K, used 496K [0x00000000d5580000, 0x00000000d6300000, 0x0000000100000000)
  eden space 11264K, 0% used [0x00000000d5580000,0x00000000d5580000,0x00000000d6080000)
  from space 1024K, 48% used [0x00000000d6080000,0x00000000d60fc010,0x00000000d6180000)
  to   space 1024K, 0% used [0x00000000d6180000,0x00000000d6180000,0x00000000d6280000)
 ParOldGen       total 318464K, used 318190K [0x0000000080000000, 0x0000000093700000, 0x00000000d5580000)
  object space 318464K, 99% used [0x0000000080000000,0x00000000936bbb48,0x0000000093700000)
 Metaspace       used 68836K, committed 70336K, reserved 1114112K
  class space    used 7152K, committed 7808K, reserved 1048576K
}
Event: 19.143 GC heap before
{Heap before GC invocations=741 (full 3):
 PSYoungGen      total 12288K, used 11760K [0x00000000d5580000, 0x00000000d6300000, 0x0000000100000000)
  eden space 11264K, 100% used [0x00000000d5580000,0x00000000d6080000,0x00000000d6080000)
  from space 1024K, 48% used [0x00000000d6080000,0x00000000d60fc010,0x00000000d6180000)
  to   space 1024K, 0% used [0x00000000d6180000,0x00000000d6180000,0x00000000d6280000)
 ParOldGen       total 318464K, used 318190K [0x0000000080000000, 0x0000000093700000, 0x00000000d5580000)
  object space 318464K, 99% used [0x0000000080000000,0x00000000936bbb48,0x0000000093700000)
 Metaspace       used 68843K, committed 70400K, reserved 1114112K
  class space    used 7152K, committed 7808K, reserved 1048576K
}
Event: 19.146 GC heap after
{Heap after GC invocations=741 (full 3):
 PSYoungGen      total 12288K, used 597K [0x00000000d5580000, 0x00000000d6300000, 0x0000000100000000)
  eden space 11264K, 0% used [0x00000000d5580000,0x00000000d5580000,0x00000000d6080000)
  from space 1024K, 58% used [0x00000000d6180000,0x00000000d6215470,0x00000000d6280000)
  to   space 1024K, 0% used [0x00000000d6080000,0x00000000d6080000,0x00000000d6180000)
 ParOldGen       total 318976K, used 318574K [0x0000000080000000, 0x0000000093780000, 0x00000000d5580000)
  object space 318976K, 99% used [0x0000000080000000,0x000000009371bb48,0x0000000093780000)
 Metaspace       used 68843K, committed 70400K, reserved 1114112K
  class space    used 7152K, committed 7808K, reserved 1048576K
}
Event: 19.158 GC heap before
{Heap before GC invocations=742 (full 3):
 PSYoungGen      total 12288K, used 11861K [0x00000000d5580000, 0x00000000d6300000, 0x0000000100000000)
  eden space 11264K, 100% used [0x00000000d5580000,0x00000000d6080000,0x00000000d6080000)
  from space 1024K, 58% used [0x00000000d6180000,0x00000000d6215470,0x00000000d6280000)
  to   space 1024K, 0% used [0x00000000d6080000,0x00000000d6080000,0x00000000d6180000)
 ParOldGen       total 318976K, used 318574K [0x0000000080000000, 0x0000000093780000, 0x00000000d5580000)
  object space 318976K, 99% used [0x0000000080000000,0x000000009371bb48,0x0000000093780000)
 Metaspace       used 68843K, committed 70400K, reserved 1114112K
  class space    used 7152K, committed 7808K, reserved 1048576K
}
Event: 19.160 GC heap after
{Heap after GC invocations=742 (full 3):
 PSYoungGen      total 12288K, used 512K [0x00000000d5580000, 0x00000000d6300000, 0x0000000100000000)
  eden space 11264K, 0% used [0x00000000d5580000,0x00000000d5580000,0x00000000d6080000)
  from space 1024K, 50% used [0x00000000d6080000,0x00000000d6100000,0x00000000d6180000)
  to   space 1024K, 0% used [0x00000000d6180000,0x00000000d6180000,0x00000000d6280000)
 ParOldGen       total 318976K, used 318952K [0x0000000080000000, 0x0000000093780000, 0x00000000d5580000)
  object space 318976K, 99% used [0x0000000080000000,0x000000009377a078,0x0000000093780000)
 Metaspace       used 68843K, committed 70400K, reserved 1114112K
  class space    used 7152K, committed 7808K, reserved 1048576K
}
Event: 19.166 GC heap before
{Heap before GC invocations=743 (full 3):
 PSYoungGen      total 12288K, used 11776K [0x00000000d5580000, 0x00000000d6300000, 0x0000000100000000)
  eden space 11264K, 100% used [0x00000000d5580000,0x00000000d6080000,0x00000000d6080000)
  from space 1024K, 50% used [0x00000000d6080000,0x00000000d6100000,0x00000000d6180000)
  to   space 1024K, 0% used [0x00000000d6180000,0x00000000d6180000,0x00000000d6280000)
 ParOldGen       total 318976K, used 318952K [0x0000000080000000, 0x0000000093780000, 0x00000000d5580000)
  object space 318976K, 99% used [0x0000000080000000,0x000000009377a078,0x0000000093780000)
 Metaspace       used 68843K, committed 70400K, reserved 1114112K
  class space    used 7152K, committed 7808K, reserved 1048576K
}
Event: 19.168 GC heap after
{Heap after GC invocations=743 (full 3):
 PSYoungGen      total 12288K, used 512K [0x00000000d5580000, 0x00000000d6300000, 0x0000000100000000)
  eden space 11264K, 0% used [0x00000000d5580000,0x00000000d5580000,0x00000000d6080000)
  from space 1024K, 50% used [0x00000000d6180000,0x00000000d6200000,0x00000000d6280000)
  to   space 1024K, 0% used [0x00000000d6080000,0x00000000d6080000,0x00000000d6180000)
 ParOldGen       total 319488K, used 319376K [0x0000000080000000, 0x0000000093800000, 0x00000000d5580000)
  object space 319488K, 99% used [0x0000000080000000,0x00000000937e4078,0x0000000093800000)
 Metaspace       used 68843K, committed 70400K, reserved 1114112K
  class space    used 7152K, committed 7808K, reserved 1048576K
}
Event: 19.179 GC heap before
{Heap before GC invocations=744 (full 3):
 PSYoungGen      total 12288K, used 11776K [0x00000000d5580000, 0x00000000d6300000, 0x0000000100000000)
  eden space 11264K, 100% used [0x00000000d5580000,0x00000000d6080000,0x00000000d6080000)
  from space 1024K, 50% used [0x00000000d6180000,0x00000000d6200000,0x00000000d6280000)
  to   space 1024K, 0% used [0x00000000d6080000,0x00000000d6080000,0x00000000d6180000)
 ParOldGen       total 319488K, used 319376K [0x0000000080000000, 0x0000000093800000, 0x00000000d5580000)
  object space 319488K, 99% used [0x0000000080000000,0x00000000937e4078,0x0000000093800000)
 Metaspace       used 68843K, committed 70400K, reserved 1114112K
  class space    used 7152K, committed 7808K, reserved 1048576K
}
Event: 19.181 GC heap after
{Heap after GC invocations=744 (full 3):
 PSYoungGen      total 12288K, used 880K [0x00000000d5580000, 0x00000000d6280000, 0x0000000100000000)
  eden space 11264K, 0% used [0x00000000d5580000,0x00000000d5580000,0x00000000d6080000)
  from space 1024K, 86% used [0x00000000d6080000,0x00000000d615c310,0x00000000d6180000)
  to   space 1024K, 0% used [0x00000000d6180000,0x00000000d6180000,0x00000000d6280000)
 ParOldGen       total 320000K, used 319776K [0x0000000080000000, 0x0000000093880000, 0x00000000d5580000)
  object space 320000K, 99% used [0x0000000080000000,0x0000000093848078,0x0000000093880000)
 Metaspace       used 68843K, committed 70400K, reserved 1114112K
  class space    used 7152K, committed 7808K, reserved 1048576K
}
Event: 19.192 GC heap before
{Heap before GC invocations=745 (full 3):
 PSYoungGen      total 12288K, used 12144K [0x00000000d5580000, 0x00000000d6280000, 0x0000000100000000)
  eden space 11264K, 100% used [0x00000000d5580000,0x00000000d6080000,0x00000000d6080000)
  from space 1024K, 86% used [0x00000000d6080000,0x00000000d615c310,0x00000000d6180000)
  to   space 1024K, 0% used [0x00000000d6180000,0x00000000d6180000,0x00000000d6280000)
 ParOldGen       total 320000K, used 319776K [0x0000000080000000, 0x0000000093880000, 0x00000000d5580000)
  object space 320000K, 99% used [0x0000000080000000,0x0000000093848078,0x0000000093880000)
 Metaspace       used 68844K, committed 70400K, reserved 1114112K
  class space    used 7152K, committed 7808K, reserved 1048576K
}
Event: 19.194 GC heap after
{Heap after GC invocations=745 (full 3):
 PSYoungGen      total 12288K, used 529K [0x00000000d5580000, 0x00000000d6280000, 0x0000000100000000)
  eden space 11264K, 0% used [0x00000000d5580000,0x00000000d5580000,0x00000000d6080000)
  from space 1024K, 51% used [0x00000000d6180000,0x00000000d6204778,0x00000000d6280000)
  to   space 1024K, 0% used [0x00000000d6080000,0x00000000d6080000,0x00000000d6180000)
 ParOldGen       total 320512K, used 320342K [0x0000000080000000, 0x0000000093900000, 0x00000000d5580000)
  object space 320512K, 99% used [0x0000000080000000,0x00000000938d5a08,0x0000000093900000)
 Metaspace       used 68844K, committed 70400K, reserved 1114112K
  class space    used 7152K, committed 7808K, reserved 1048576K
}
Event: 19.208 GC heap before
{Heap before GC invocations=746 (full 3):
 PSYoungGen      total 12288K, used 11793K [0x00000000d5580000, 0x00000000d6280000, 0x0000000100000000)
  eden space 11264K, 99% used [0x00000000d5580000,0x00000000d607ffb0,0x00000000d6080000)
  from space 1024K, 51% used [0x00000000d6180000,0x00000000d6204778,0x00000000d6280000)
  to   space 1024K, 0% used [0x00000000d6080000,0x00000000d6080000,0x00000000d6180000)
 ParOldGen       total 320512K, used 320342K [0x0000000080000000, 0x0000000093900000, 0x00000000d5580000)
  object space 320512K, 99% used [0x0000000080000000,0x00000000938d5a08,0x0000000093900000)
 Metaspace       used 68844K, committed 70400K, reserved 1114112K
  class space    used 7152K, committed 7808K, reserved 1048576K
}
Event: 19.210 GC heap after
{Heap after GC invocations=746 (full 3):
 PSYoungGen      total 12288K, used 752K [0x00000000d5580000, 0x00000000d6280000, 0x0000000100000000)
  eden space 11264K, 0% used [0x00000000d5580000,0x00000000d5580000,0x00000000d6080000)
  from space 1024K, 73% used [0x00000000d6080000,0x00000000d613c018,0x00000000d6180000)
  to   space 1024K, 0% used [0x00000000d6180000,0x00000000d6180000,0x00000000d6280000)
 ParOldGen       total 321024K, used 320739K [0x0000000080000000, 0x0000000093980000, 0x00000000d5580000)
  object space 321024K, 99% used [0x0000000080000000,0x0000000093938d88,0x0000000093980000)
 Metaspace       used 68844K, committed 70400K, reserved 1114112K
  class space    used 7152K, committed 7808K, reserved 1048576K
}
Event: 19.217 GC heap before
{Heap before GC invocations=747 (full 3):
 PSYoungGen      total 12288K, used 12016K [0x00000000d5580000, 0x00000000d6280000, 0x0000000100000000)
  eden space 11264K, 100% used [0x00000000d5580000,0x00000000d6080000,0x00000000d6080000)
  from space 1024K, 73% used [0x00000000d6080000,0x00000000d613c018,0x00000000d6180000)
  to   space 1024K, 0% used [0x00000000d6180000,0x00000000d6180000,0x00000000d6280000)
 ParOldGen       total 321024K, used 320739K [0x0000000080000000, 0x0000000093980000, 0x00000000d5580000)
  object space 321024K, 99% used [0x0000000080000000,0x0000000093938d88,0x0000000093980000)
 Metaspace       used 68844K, committed 70400K, reserved 1114112K
  class space    used 7152K, committed 7808K, reserved 1048576K
}
Event: 19.219 GC heap after
{Heap after GC invocations=747 (full 3):
 PSYoungGen      total 12288K, used 573K [0x00000000d5580000, 0x00000000d6280000, 0x0000000100000000)
  eden space 11264K, 0% used [0x00000000d5580000,0x00000000d5580000,0x00000000d6080000)
  from space 1024K, 56% used [0x00000000d6180000,0x00000000d620f788,0x00000000d6280000)
  to   space 1024K, 0% used [0x00000000d6080000,0x00000000d6080000,0x00000000d6180000)
 ParOldGen       total 321536K, used 321282K [0x0000000080000000, 0x0000000093a00000, 0x00000000d5580000)
  object space 321536K, 99% used [0x0000000080000000,0x00000000939c0b90,0x0000000093a00000)
 Metaspace       used 68844K, committed 70400K, reserved 1114112K
  class space    used 7152K, committed 7808K, reserved 1048576K
}

Dll operation events (10 events):
Event: 0.010 Loaded shared library c:\Users\DELL\.vscode\extensions\redhat.java-1.53.0-win32-x64\jre\21.0.10-win32-x86_64\bin\java.dll
Event: 0.080 Loaded shared library c:\Users\DELL\.vscode\extensions\redhat.java-1.53.0-win32-x64\jre\21.0.10-win32-x86_64\bin\zip.dll
Event: 0.103 Loaded shared library C:\Users\DELL\.vscode\extensions\redhat.java-1.53.0-win32-x64\jre\21.0.10-win32-x86_64\bin\instrument.dll
Event: 0.109 Loaded shared library C:\Users\DELL\.vscode\extensions\redhat.java-1.53.0-win32-x64\jre\21.0.10-win32-x86_64\bin\net.dll
Event: 0.112 Loaded shared library C:\Users\DELL\.vscode\extensions\redhat.java-1.53.0-win32-x64\jre\21.0.10-win32-x86_64\bin\nio.dll
Event: 0.116 Loaded shared library C:\Users\DELL\.vscode\extensions\redhat.java-1.53.0-win32-x64\jre\21.0.10-win32-x86_64\bin\zip.dll
Event: 0.136 Loaded shared library C:\Users\DELL\.vscode\extensions\redhat.java-1.53.0-win32-x64\jre\21.0.10-win32-x86_64\bin\jimage.dll
Event: 0.211 Loaded shared library c:\Users\DELL\.vscode\extensions\redhat.java-1.53.0-win32-x64\jre\21.0.10-win32-x86_64\bin\verify.dll
Event: 1.199 Loaded shared library C:\Users\DELL\AppData\Roaming\Code\User\globalStorage\redhat.java\1.53.0\config_win\org.eclipse.equinox.launcher\org.eclipse.equinox.launcher.win32.win32.x86_64_1.3.0.v20260203-2149\eclipse_11919.dll
Event: 2.372 Loaded shared library C:\Users\DELL\AppData\Local\Temp\jna-2094529\jna5191767753283896597.dll

Deoptimization events (20 events):
Event: 19.087 Thread 0x000001a65fe77320 Uncommon trap: trap_request=0xffffffbe fr.pc=0x000001a60b63f9e8 relative=0x0000000000002d88
Event: 19.087 Thread 0x000001a65fe77320 Uncommon trap: reason=profile_predicate action=maybe_recompile pc=0x000001a60b63f9e8 method=org.eclipse.jdt.internal.core.util.DeduplicationUtil.intern(Ljava/util/List;)Ljava/util/List; @ 127 c2
Event: 19.088 Thread 0x000001a65fe77320 DEOPT PACKING pc=0x000001a60b63f9e8 sp=0x00000028256fe150
Event: 19.088 Thread 0x000001a65fe77320 DEOPT UNPACKING pc=0x000001a60a6c6da2 sp=0x00000028256fe138 mode 2
Event: 19.093 Thread 0x000001a65fe77320 Uncommon trap: trap_request=0xffffffbe fr.pc=0x000001a60b63fa2c relative=0x0000000000002dcc
Event: 19.093 Thread 0x000001a65fe77320 Uncommon trap: reason=profile_predicate action=maybe_recompile pc=0x000001a60b63fa2c method=org.eclipse.jdt.internal.core.util.WeakHashSet.get(Ljava/lang/Object;)Ljava/lang/Object; @ 60 c2
Event: 19.096 Thread 0x000001a65fe77320 DEOPT PACKING pc=0x000001a60b63fa2c sp=0x00000028256fe150
Event: 19.096 Thread 0x000001a65fe77320 DEOPT UNPACKING pc=0x000001a60a6c6da2 sp=0x00000028256fe0b0 mode 2
Event: 19.100 Thread 0x000001a65fe77320 Uncommon trap: trap_request=0xffffffbe fr.pc=0x000001a60b63f9e8 relative=0x0000000000002d88
Event: 19.100 Thread 0x000001a65fe77320 Uncommon trap: reason=profile_predicate action=maybe_recompile pc=0x000001a60b63f9e8 method=org.eclipse.jdt.internal.core.util.DeduplicationUtil.intern(Ljava/util/List;)Ljava/util/List; @ 127 c2
Event: 19.100 Thread 0x000001a65fe77320 DEOPT PACKING pc=0x000001a60b63f9e8 sp=0x00000028256fe150
Event: 19.100 Thread 0x000001a65fe77320 DEOPT UNPACKING pc=0x000001a60a6c6da2 sp=0x00000028256fe138 mode 2
Event: 19.100 Thread 0x000001a65fe77320 Uncommon trap: trap_request=0xffffffbe fr.pc=0x000001a60b63f9e8 relative=0x0000000000002d88
Event: 19.100 Thread 0x000001a65fe77320 Uncommon trap: reason=profile_predicate action=maybe_recompile pc=0x000001a60b63f9e8 method=org.eclipse.jdt.internal.core.util.DeduplicationUtil.intern(Ljava/util/List;)Ljava/util/List; @ 127 c2
Event: 19.100 Thread 0x000001a65fe77320 DEOPT PACKING pc=0x000001a60b63f9e8 sp=0x00000028256fe150
Event: 19.101 Thread 0x000001a65fe77320 DEOPT UNPACKING pc=0x000001a60a6c6da2 sp=0x00000028256fe138 mode 2
Event: 19.101 Thread 0x000001a65fe77320 Uncommon trap: trap_request=0xffffffbe fr.pc=0x000001a60b63f9e8 relative=0x0000000000002d88
Event: 19.101 Thread 0x000001a65fe77320 Uncommon trap: reason=profile_predicate action=maybe_recompile pc=0x000001a60b63f9e8 method=org.eclipse.jdt.internal.core.util.DeduplicationUtil.intern(Ljava/util/List;)Ljava/util/List; @ 127 c2
Event: 19.101 Thread 0x000001a65fe77320 DEOPT PACKING pc=0x000001a60b63f9e8 sp=0x00000028256fe150
Event: 19.101 Thread 0x000001a65fe77320 DEOPT UNPACKING pc=0x000001a60a6c6da2 sp=0x00000028256fe138 mode 2

Classes loaded (20 events):
Event: 17.333 Loading class java/util/Collections$SynchronizedRandomAccessList
Event: 17.333 Loading class java/util/Collections$SynchronizedList
Event: 17.333 Loading class java/util/Collections$SynchronizedList done
Event: 17.333 Loading class java/util/Collections$SynchronizedRandomAccessList done
Event: 17.347 Loading class java/util/concurrent/CompletableFuture$Signaller
Event: 17.347 Loading class java/util/concurrent/CompletableFuture$Signaller done
Event: 17.667 Loading class java/io/SequenceInputStream
Event: 17.668 Loading class java/io/SequenceInputStream done
Event: 17.746 Loading class java/util/concurrent/CompletableFuture$UniApply
Event: 17.746 Loading class java/util/concurrent/CompletableFuture$UniApply done
Event: 17.746 Loading class java/util/concurrent/CompletableFuture$UniExceptionally
Event: 17.748 Loading class java/util/concurrent/CompletableFuture$UniExceptionally done
Event: 17.754 Loading class java/lang/Throwable$WrappedPrintWriter
Event: 17.754 Loading class java/lang/Throwable$PrintStreamOrWriter
Event: 17.754 Loading class java/lang/Throwable$PrintStreamOrWriter done
Event: 17.754 Loading class java/lang/Throwable$WrappedPrintWriter done
Event: 18.082 Loading class jdk/internal/module/IllegalAccessLogger
Event: 18.082 Loading class jdk/internal/module/IllegalAccessLogger done
Event: 18.276 Loading class java/lang/UnsupportedClassVersionError
Event: 18.276 Loading class java/lang/UnsupportedClassVersionError done

Classes unloaded (7 events):
Event: 2.843 Thread 0x000001a6169b3010 Unloading class 0x000001a6181ad400 'java/lang/invoke/LambdaForm$MH+0x000001a6181ad400'
Event: 2.843 Thread 0x000001a6169b3010 Unloading class 0x000001a6181ad000 'java/lang/invoke/LambdaForm$MH+0x000001a6181ad000'
Event: 2.843 Thread 0x000001a6169b3010 Unloading class 0x000001a6181acc00 'java/lang/invoke/LambdaForm$MH+0x000001a6181acc00'
Event: 2.843 Thread 0x000001a6169b3010 Unloading class 0x000001a6181ac800 'java/lang/invoke/LambdaForm$MH+0x000001a6181ac800'
Event: 2.843 Thread 0x000001a6169b3010 Unloading class 0x000001a6181ac400 'java/lang/invoke/LambdaForm$BMH+0x000001a6181ac400'
Event: 2.843 Thread 0x000001a6169b3010 Unloading class 0x000001a6181ac000 'java/lang/invoke/LambdaForm$DMH+0x000001a6181ac000'
Event: 2.843 Thread 0x000001a6169b3010 Unloading class 0x000001a6181aac00 'java/lang/invoke/LambdaForm$DMH+0x000001a6181aac00'

Classes redefined (0 events):
No events

Internal exceptions (20 events):
Event: 17.742 Thread 0x000001a65f0f62d0 Exception <a 'sun/nio/fs/WindowsException'{0x00000000d56ba7f8}> (0x00000000d56ba7f8) 
thrown [s\src\hotspot\share\prims\jni.cpp, line 520]
Event: 17.742 Thread 0x000001a65f0f62d0 Exception <a 'sun/nio/fs/WindowsException'{0x00000000d56bae28}> (0x00000000d56bae28) 
thrown [s\src\hotspot\share\prims\jni.cpp, line 520]
Event: 17.744 Thread 0x000001a65f0f62d0 Exception <a 'java/lang/IncompatibleClassChangeError'{0x00000000d56e3b60}: Found class java.lang.Object, but interface was expected> (0x00000000d56e3b60) 
thrown [s\src\hotspot\share\interpreter\linkResolver.cpp, line 840]
Event: 17.749 Thread 0x000001a65f0f62d0 Exception <a 'java/lang/IncompatibleClassChangeError'{0x00000000d55b37f0}: Found class java.lang.Object, but interface was expected> (0x00000000d55b37f0) 
thrown [s\src\hotspot\share\interpreter\linkResolver.cpp, line 840]
Event: 17.754 Thread 0x000001a65f0f62d0 Exception <a 'java/lang/IncompatibleClassChangeError'{0x00000000d5587ac0}: Found class java.lang.Object, but interface was expected> (0x00000000d5587ac0) 
thrown [s\src\hotspot\share\interpreter\linkResolver.cpp, line 840]
Event: 17.765 Thread 0x000001a65f0f62d0 Exception <a 'java/lang/IncompatibleClassChangeError'{0x00000000d5642ce8}: Found class java.lang.Object, but interface was expected> (0x00000000d5642ce8) 
thrown [s\src\hotspot\share\interpreter\linkResolver.cpp, line 840]
Event: 17.776 Thread 0x000001a65f29c6f0 Exception <a 'sun/nio/fs/WindowsException'{0x00000000d55bafd0}> (0x00000000d55bafd0) 
thrown [s\src\hotspot\share\prims\jni.cpp, line 520]
Event: 17.833 Thread 0x000001a65f0f62d0 Exception <a 'java/lang/IncompatibleClassChangeError'{0x00000000d5623f00}: Found class java.lang.Object, but interface was expected> (0x00000000d5623f00) 
thrown [s\src\hotspot\share\interpreter\linkResolver.cpp, line 840]
Event: 17.833 Thread 0x000001a65f0f62d0 Exception <a 'java/lang/IncompatibleClassChangeError'{0x00000000d56556e0}: Found class java.lang.Object, but interface was expected> (0x00000000d56556e0) 
thrown [s\src\hotspot\share\interpreter\linkResolver.cpp, line 840]
Event: 17.835 Thread 0x000001a65f29e130 Exception <a 'sun/nio/fs/WindowsException'{0x00000000d56b2760}> (0x00000000d56b2760) 
thrown [s\src\hotspot\share\prims\jni.cpp, line 520]
Event: 17.845 Thread 0x000001a65f29e130 Exception <a 'sun/nio/fs/WindowsException'{0x00000000d55bf4c0}> (0x00000000d55bf4c0) 
thrown [s\src\hotspot\share\prims\jni.cpp, line 520]
Event: 18.201 Thread 0x000001a65f29daa0 Exception <a 'java/lang/NoSuchMethodError'{0x00000000d5600448}: 'java.lang.Object java.lang.invoke.DirectMethodHandle$Holder.invokeSpecial(java.lang.Object, java.lang.Object, int, long)'> (0x00000000d5600448) 
thrown [s\src\hotspot\share\interpreter\linkResolver.cpp, line 773]
Event: 18.262 Thread 0x000001a65f29c6f0 Exception <a 'sun/nio/fs/WindowsException'{0x00000000d5696ab8}> (0x00000000d5696ab8) 
thrown [s\src\hotspot\share\prims\jni.cpp, line 520]
Event: 18.295 Thread 0x000001a65fe77320 Exception <a 'java/lang/NoSuchMethodError'{0x00000000d567af88}: 'int java.lang.invoke.Invokers$Holder.invokeExact_MT(java.lang.Object, java.lang.Object)'> (0x00000000d567af88) 
thrown [s\src\hotspot\share\interpreter\linkResolver.cpp, line 773]
Event: 18.395 Thread 0x000001a65f29c6f0 Exception <a 'sun/nio/fs/WindowsException'{0x00000000d5594750}> (0x00000000d5594750) 
thrown [s\src\hotspot\share\prims\jni.cpp, line 520]
Event: 18.432 Thread 0x000001a65fe77320 Implicit null exception at 0x000001a60af6ac06 to 0x000001a60af6ad31
Event: 18.529 Thread 0x000001a65fe77320 Implicit null exception at 0x000001a60aef41a6 to 0x000001a60aef4774
Event: 18.782 Thread 0x000001a65f29c6f0 Exception <a 'sun/nio/fs/WindowsException'{0x00000000d5886be8}> (0x00000000d5886be8) 
thrown [s\src\hotspot\share\prims\jni.cpp, line 520]
Event: 18.793 Thread 0x000001a65fe72af0 Implicit null exception at 0x000001a60af91106 to 0x000001a60af91210
Event: 19.018 Thread 0x000001a65f29c6f0 Exception <a 'sun/nio/fs/WindowsException'{0x00000000d5718ae0}> (0x00000000d5718ae0) 
thrown [s\src\hotspot\share\prims\jni.cpp, line 520]

ZGC Phase Switch (0 events):
No events

VM Operations (20 events):
Event: 19.112 Executing safepoint VM operation: ParallelGCFailedAllocation (Allocation Failure)
Event: 19.114 Executing safepoint VM operation: ParallelGCFailedAllocation (Allocation Failure) done
Event: 19.120 Executing safepoint VM operation: ParallelGCFailedAllocation (Allocation Failure)
Event: 19.124 Executing safepoint VM operation: ParallelGCFailedAllocation (Allocation Failure) done
Event: 19.131 Executing safepoint VM operation: ParallelGCFailedAllocation (Allocation Failure)
Event: 19.133 Executing safepoint VM operation: ParallelGCFailedAllocation (Allocation Failure) done
Event: 19.143 Executing safepoint VM operation: ParallelGCFailedAllocation (Allocation Failure)
Event: 19.146 Executing safepoint VM operation: ParallelGCFailedAllocation (Allocation Failure) done
Event: 19.157 Executing safepoint VM operation: ParallelGCFailedAllocation (Allocation Failure)
Event: 19.160 Executing safepoint VM operation: ParallelGCFailedAllocation (Allocation Failure) done
Event: 19.166 Executing safepoint VM operation: ParallelGCFailedAllocation (Allocation Failure)
Event: 19.168 Executing safepoint VM operation: ParallelGCFailedAllocation (Allocation Failure) done
Event: 19.179 Executing safepoint VM operation: ParallelGCFailedAllocation (Allocation Failure)
Event: 19.181 Executing safepoint VM operation: ParallelGCFailedAllocation (Allocation Failure) done
Event: 19.191 Executing safepoint VM operation: ParallelGCFailedAllocation (Allocation Failure)
Event: 19.194 Executing safepoint VM operation: ParallelGCFailedAllocation (Allocation Failure) done
Event: 19.208 Executing safepoint VM operation: ParallelGCFailedAllocation (Allocation Failure)
Event: 19.210 Executing safepoint VM operation: ParallelGCFailedAllocation (Allocation Failure) done
Event: 19.217 Executing safepoint VM operation: ParallelGCFailedAllocation (Allocation Failure)
Event: 19.219 Executing safepoint VM operation: ParallelGCFailedAllocation (Allocation Failure) done

Memory protections (0 events):
No events

Nmethod flushes (20 events):
Event: 9.435 Thread 0x000001a6169b3010 flushing  nmethod 0x000001a6039f4810
Event: 9.435 Thread 0x000001a6169b3010 flushing  nmethod 0x000001a6039f4e10
Event: 9.435 Thread 0x000001a6169b3010 flushing  nmethod 0x000001a6039f6390
Event: 9.435 Thread 0x000001a6169b3010 flushing  nmethod 0x000001a6039f8910
Event: 9.435 Thread 0x000001a6169b3010 flushing  nmethod 0x000001a603a04310
Event: 9.435 Thread 0x000001a6169b3010 flushing  nmethod 0x000001a603a12010
Event: 9.435 Thread 0x000001a6169b3010 flushing  nmethod 0x000001a603a1cb10
Event: 9.435 Thread 0x000001a6169b3010 flushing  nmethod 0x000001a603a1da10
Event: 9.435 Thread 0x000001a6169b3010 flushing  nmethod 0x000001a603a3e110
Event: 9.435 Thread 0x000001a6169b3010 flushing  nmethod 0x000001a603a77810
Event: 9.435 Thread 0x000001a6169b3010 flushing  nmethod 0x000001a603a78210
Event: 9.435 Thread 0x000001a6169b3010 flushing  nmethod 0x000001a603a79b10
Event: 9.435 Thread 0x000001a6169b3010 flushing  nmethod 0x000001a603a85f10
Event: 9.435 Thread 0x000001a6169b3010 flushing  nmethod 0x000001a603a87790
Event: 9.435 Thread 0x000001a6169b3010 flushing  nmethod 0x000001a603a87f10
Event: 9.435 Thread 0x000001a6169b3010 flushing  nmethod 0x000001a603a88290
Event: 9.435 Thread 0x000001a6169b3010 flushing  nmethod 0x000001a603a88610
Event: 9.435 Thread 0x000001a6169b3010 flushing  nmethod 0x000001a603a88b90
Event: 9.435 Thread 0x000001a6169b3010 flushing  nmethod 0x000001a603a8a590
Event: 9.435 Thread 0x000001a6169b3010 flushing  nmethod 0x000001a603aa7a90

Events (20 events):
Event: 15.057 Thread 0x000001a65fe73180 Thread exited: 0x000001a65fe73180
Event: 15.057 Thread 0x000001a65fe75f70 Thread exited: 0x000001a65fe75f70
Event: 15.058 Thread 0x000001a65fe74bc0 Thread exited: 0x000001a65fe74bc0
Event: 15.060 Thread 0x000001a65fe77320 Thread exited: 0x000001a65fe77320
Event: 16.573 Thread 0x000001a65f0f7680 Thread added: 0x000001a65fe73180
Event: 16.574 Thread 0x000001a65f0f7680 Thread added: 0x000001a65fe73810
Event: 16.575 Thread 0x000001a65f0f7680 Thread added: 0x000001a65fe73ea0
Event: 16.575 Thread 0x000001a65f0f7680 Thread added: 0x000001a65fe74bc0
Event: 16.575 Thread 0x000001a65f0f7680 Thread added: 0x000001a65fe74530
Event: 16.606 Thread 0x000001a65fe73ea0 Thread exited: 0x000001a65fe73ea0
Event: 16.607 Thread 0x000001a65fe74bc0 Thread exited: 0x000001a65fe74bc0
Event: 16.608 Thread 0x000001a65fe73180 Thread exited: 0x000001a65fe73180
Event: 16.608 Thread 0x000001a65fe73810 Thread exited: 0x000001a65fe73810
Event: 16.609 Thread 0x000001a65fe74530 Thread exited: 0x000001a65fe74530
Event: 17.746 Thread 0x000001a65f0f62d0 Thread added: 0x000001a65fe77320
Event: 17.750 Thread 0x000001a65f0f62d0 Thread added: 0x000001a65fe72af0
Event: 17.755 Thread 0x000001a65f0f62d0 Thread added: 0x000001a65fe73ea0
Event: 17.831 Thread 0x000001a65f0f62d0 Thread added: 0x000001a65fe73180
Event: 17.833 Thread 0x000001a65f0f62d0 Thread added: 0x000001a65fe73810
Event: 18.232 Thread 0x000001a65fe73180 Thread added: 0x000001a65fe78040


Dynamic libraries:
0x00007ff74e3d0000 - 0x00007ff74e3de000 	c:\Users\DELL\.vscode\extensions\redhat.java-1.53.0-win32-x64\jre\21.0.10-win32-x86_64\bin\java.exe
0x00007fffcf970000 - 0x00007fffcfb68000 	C:\WINDOWS\SYSTEM32\ntdll.dll
0x00007fffcd9a0000 - 0x00007fffcda61000 	C:\WINDOWS\System32\KERNEL32.DLL
0x00007fffcd1e0000 - 0x00007fffcd4dd000 	C:\WINDOWS\System32\KERNELBASE.dll
0x00007fffcd600000 - 0x00007fffcd700000 	C:\WINDOWS\System32\ucrtbase.dll
0x00007fffb87c0000 - 0x00007fffb87d8000 	c:\Users\DELL\.vscode\extensions\redhat.java-1.53.0-win32-x64\jre\21.0.10-win32-x86_64\bin\jli.dll
0x00007fffb86d0000 - 0x00007fffb86ee000 	c:\Users\DELL\.vscode\extensions\redhat.java-1.53.0-win32-x64\jre\21.0.10-win32-x86_64\bin\VCRUNTIME140.dll
0x00007fffcf760000 - 0x00007fffcf8fd000 	C:\WINDOWS\System32\USER32.dll
0x00007fffcd1b0000 - 0x00007fffcd1d2000 	C:\WINDOWS\System32\win32u.dll
0x00007fffcf900000 - 0x00007fffcf92b000 	C:\WINDOWS\System32\GDI32.dll
0x00007fffcd700000 - 0x00007fffcd817000 	C:\WINDOWS\System32\gdi32full.dll
0x00007fffcd900000 - 0x00007fffcd99d000 	C:\WINDOWS\System32\msvcp_win.dll
0x00007fffbda20000 - 0x00007fffbdcba000 	C:\WINDOWS\WinSxS\amd64_microsoft.windows.common-controls_6595b64144ccf1df_6.0.19041.4355_none_60b8b9eb71f62e16\COMCTL32.dll
0x00007fffce640000 - 0x00007fffce6de000 	C:\WINDOWS\System32\msvcrt.dll
0x00007fffcf180000 - 0x00007fffcf1af000 	C:\WINDOWS\System32\IMM32.DLL
0x0000000065a80000 - 0x0000000065a8c000 	C:\Program Files (x86)\360\Total Security\safemon\SafeWrapper.dll
0x00007fffce870000 - 0x00007fffce920000 	C:\WINDOWS\System32\ADVAPI32.dll
0x00007fffcf340000 - 0x00007fffcf3e0000 	C:\WINDOWS\System32\sechost.dll
0x00007fffce360000 - 0x00007fffce483000 	C:\WINDOWS\System32\RPCRT4.dll
0x00007fffcd020000 - 0x00007fffcd047000 	C:\WINDOWS\System32\bcrypt.dll
0x00007fff90cf0000 - 0x00007fff90d9c000 	C:\Program Files (x86)\360\Total Security\safemon\libzdtp64.dll
0x00007fffce980000 - 0x00007fffcf0ef000 	C:\WINDOWS\System32\SHELL32.dll
0x00007fffce750000 - 0x00007fffce7a5000 	C:\WINDOWS\System32\SHLWAPI.dll
0x00007fffccb80000 - 0x00007fffccb8a000 	C:\WINDOWS\SYSTEM32\VERSION.dll
0x00007fffc70f0000 - 0x00007fffc70fc000 	c:\Users\DELL\.vscode\extensions\redhat.java-1.53.0-win32-x64\jre\21.0.10-win32-x86_64\bin\vcruntime140_1.dll
0x00007fff80cb0000 - 0x00007fff80d3d000 	c:\Users\DELL\.vscode\extensions\redhat.java-1.53.0-win32-x64\jre\21.0.10-win32-x86_64\bin\msvcp140.dll
0x00007fff72010000 - 0x00007fff72db1000 	c:\Users\DELL\.vscode\extensions\redhat.java-1.53.0-win32-x64\jre\21.0.10-win32-x86_64\bin\server\jvm.dll
0x00007fffce6e0000 - 0x00007fffce74b000 	C:\WINDOWS\System32\WS2_32.dll
0x00007fffc11a0000 - 0x00007fffc11c7000 	C:\WINDOWS\SYSTEM32\WINMM.dll
0x00007fffcc540000 - 0x00007fffcc58b000 	C:\WINDOWS\SYSTEM32\POWRPROF.dll
0x00007fffcc3b0000 - 0x00007fffcc3c2000 	C:\WINDOWS\SYSTEM32\UMPDC.dll
0x00007fffcb7d0000 - 0x00007fffcb7e2000 	C:\WINDOWS\SYSTEM32\kernel.appcore.dll
0x00007fffc58b0000 - 0x00007fffc58ba000 	c:\Users\DELL\.vscode\extensions\redhat.java-1.53.0-win32-x64\jre\21.0.10-win32-x86_64\bin\jimage.dll
0x00007fffcb4e0000 - 0x00007fffcb6c4000 	C:\WINDOWS\SYSTEM32\DBGHELP.DLL
0x00007fffc2e00000 - 0x00007fffc2e34000 	C:\WINDOWS\SYSTEM32\dbgcore.DLL
0x00007fffcd820000 - 0x00007fffcd8a2000 	C:\WINDOWS\System32\bcryptPrimitives.dll
0x00007fffbd200000 - 0x00007fffbd20f000 	c:\Users\DELL\.vscode\extensions\redhat.java-1.53.0-win32-x64\jre\21.0.10-win32-x86_64\bin\instrument.dll
0x00007ffface20000 - 0x00007ffface40000 	c:\Users\DELL\.vscode\extensions\redhat.java-1.53.0-win32-x64\jre\21.0.10-win32-x86_64\bin\java.dll
0x00007fffcac60000 - 0x00007fffcb403000 	C:\WINDOWS\SYSTEM32\windows.storage.dll
0x00007fffcf3e0000 - 0x00007fffcf733000 	C:\WINDOWS\System32\combase.dll
0x00007fffcc9e0000 - 0x00007fffcca0e000 	C:\WINDOWS\SYSTEM32\Wldp.dll
0x00007fffcda70000 - 0x00007fffcdb3d000 	C:\WINDOWS\System32\OLEAUT32.dll
0x00007fffcf290000 - 0x00007fffcf33d000 	C:\WINDOWS\System32\SHCORE.dll
0x00007fffccf50000 - 0x00007fffccf74000 	C:\WINDOWS\SYSTEM32\profapi.dll
0x00007fffacde0000 - 0x00007fffacdf8000 	c:\Users\DELL\.vscode\extensions\redhat.java-1.53.0-win32-x64\jre\21.0.10-win32-x86_64\bin\zip.dll
0x00007fffbcf80000 - 0x00007fffbcf90000 	C:\Users\DELL\.vscode\extensions\redhat.java-1.53.0-win32-x64\jre\21.0.10-win32-x86_64\bin\net.dll
0x00007fffc9ec0000 - 0x00007fffc9fcd000 	C:\WINDOWS\SYSTEM32\WINHTTP.dll
0x00007fffcc740000 - 0x00007fffcc7aa000 	C:\WINDOWS\system32\mswsock.dll
0x00007fffa97e0000 - 0x00007fffa97f6000 	C:\Users\DELL\.vscode\extensions\redhat.java-1.53.0-win32-x64\jre\21.0.10-win32-x86_64\bin\nio.dll
0x00007fffb89e0000 - 0x00007fffb89f0000 	c:\Users\DELL\.vscode\extensions\redhat.java-1.53.0-win32-x64\jre\21.0.10-win32-x86_64\bin\verify.dll
0x00007fff92390000 - 0x00007fff923d5000 	C:\Users\DELL\AppData\Roaming\Code\User\globalStorage\redhat.java\1.53.0\config_win\org.eclipse.equinox.launcher\org.eclipse.equinox.launcher.win32.win32.x86_64_1.3.0.v20260203-2149\eclipse_11919.dll
0x00007fffcdb40000 - 0x00007fffcdc6b000 	C:\WINDOWS\System32\ole32.dll
0x00007fffcc930000 - 0x00007fffcc948000 	C:\WINDOWS\SYSTEM32\CRYPTSP.dll
0x00007fffcbff0000 - 0x00007fffcc024000 	C:\WINDOWS\system32\rsaenh.dll
0x00007fffcced0000 - 0x00007fffccefe000 	C:\WINDOWS\SYSTEM32\USERENV.dll
0x00007fffcc950000 - 0x00007fffcc95c000 	C:\WINDOWS\SYSTEM32\CRYPTBASE.dll
0x00007fffcc3d0000 - 0x00007fffcc40b000 	C:\WINDOWS\SYSTEM32\IPHLPAPI.DLL
0x00007fffcde60000 - 0x00007fffcde68000 	C:\WINDOWS\System32\NSI.dll
0x00007fff922a0000 - 0x00007fff922e9000 	C:\Users\DELL\AppData\Local\Temp\jna-2094529\jna5191767753283896597.dll
0x00007fffcf750000 - 0x00007fffcf758000 	C:\WINDOWS\System32\PSAPI.DLL
0x00007fffc5230000 - 0x00007fffc5247000 	C:\WINDOWS\SYSTEM32\dhcpcsvc6.DLL
0x00007fffc6190000 - 0x00007fffc61ad000 	C:\WINDOWS\SYSTEM32\dhcpcsvc.DLL

JVMTI agents:
c:\Users\DELL\.vscode\extensions\redhat.java-1.53.0-win32-x64\lombok\lombok-1.18.39-4050.jar path:c:\Users\DELL\.vscode\extensions\redhat.java-1.53.0-win32-x64\jre\21.0.10-win32-x86_64\bin\instrument.dll, loaded, initialized, instrumentlib options:none

dbghelp: loaded successfully - version: 4.0.5 - missing functions: none
symbol engine: initialized successfully - sym options: 0x614 - pdb path: .;c:\Users\DELL\.vscode\extensions\redhat.java-1.53.0-win32-x64\jre\21.0.10-win32-x86_64\bin;C:\WINDOWS\SYSTEM32;C:\WINDOWS\WinSxS\amd64_microsoft.windows.common-controls_6595b64144ccf1df_6.0.19041.4355_none_60b8b9eb71f62e16;C:\Program Files (x86)\360\Total Security\safemon;c:\Users\DELL\.vscode\extensions\redhat.java-1.53.0-win32-x64\jre\21.0.10-win32-x86_64\bin\server;C:\Users\DELL\AppData\Roaming\Code\User\globalStorage\redhat.java\1.53.0\config_win\org.eclipse.equinox.launcher\org.eclipse.equinox.launcher.win32.win32.x86_64_1.3.0.v20260203-2149;C:\Users\DELL\AppData\Local\Temp\jna-2094529

VM Arguments:
jvm_args: --add-modules=ALL-SYSTEM --add-opens=java.base/java.util=ALL-UNNAMED --add-opens=java.base/java.lang=ALL-UNNAMED --add-opens=java.base/sun.nio.fs=ALL-UNNAMED -Declipse.application=org.eclipse.jdt.ls.core.id1 -Dosgi.bundles.defaultStartLevel=4 -Declipse.product=org.eclipse.jdt.ls.core.product -Djava.import.generatesMetadataFilesAtProjectRoot=false -DDetectVMInstallationsJob.disabled=true -Dfile.encoding=utf8 -XX:+UseParallelGC -XX:GCTimeRatio=4 -XX:AdaptiveSizePolicyWeight=90 -Dsun.zip.disableMemoryMapping=true -Xmx2G -Xms100m -Xlog:disable -javaagent:c:\Users\DELL\.vscode\extensions\redhat.java-1.53.0-win32-x64\lombok\lombok-1.18.39-4050.jar -XX:+HeapDumpOnOutOfMemoryError -XX:HeapDumpPath=c:\Users\DELL\AppData\Roaming\Code\User\workspaceStorage\c4577e2df24de4a98b84820b062c811c\redhat.java -Daether.dependencyCollector.impl=bf 
java_command: c:\Users\DELL\.vscode\extensions\redhat.java-1.53.0-win32-x64\server\plugins\org.eclipse.equinox.launcher_1.7.100.v20251111-0406.jar -configuration c:\Users\DELL\AppData\Roaming\Code\User\globalStorage\redhat.java\1.53.0\config_win -data c:\Users\DELL\AppData\Roaming\Code\User\workspaceStorage\c4577e2df24de4a98b84820b062c811c\redhat.java\jdt_ws --pipe=\\.\pipe\lsp-1aa82d0432a0922dddc30b9ba79efc47-sock
java_class_path (initial): c:\Users\DELL\.vscode\extensions\redhat.java-1.53.0-win32-x64\server\plugins\org.eclipse.equinox.launcher_1.7.100.v20251111-0406.jar
Launcher Type: SUN_STANDARD

[Global flags]
    uintx AdaptiveSizePolicyWeight                 = 90                                        {product} {command line}
     intx CICompilerCount                          = 4                                         {product} {ergonomic}
    uintx GCTimeRatio                              = 4                                         {product} {command line}
     bool HeapDumpOnOutOfMemoryError               = true                                   {manageable} {command line}
    ccstr HeapDumpPath                             = c:\Users\DELL\AppData\Roaming\Code\User\workspaceStorage\c4577e2df24de4a98b84820b062c811c\redhat.java         {manageable} {command line}
   size_t InitialHeapSize                          = 104857600                                 {product} {command line}
   size_t MaxHeapSize                              = 2147483648                                {product} {command line}
   size_t MaxNewSize                               = 715653120                                 {product} {ergonomic}
   size_t MinHeapDeltaBytes                        = 524288                                    {product} {ergonomic}
   size_t MinHeapSize                              = 104857600                                 {product} {command line}
   size_t NewSize                                  = 34603008                                  {product} {ergonomic}
    uintx NonNMethodCodeHeapSize                   = 5839372                                {pd product} {ergonomic}
    uintx NonProfiledCodeHeapSize                  = 122909434                              {pd product} {ergonomic}
   size_t OldSize                                  = 70254592                                  {product} {ergonomic}
    uintx ProfiledCodeHeapSize                     = 122909434                              {pd product} {ergonomic}
    uintx ReservedCodeCacheSize                    = 251658240                              {pd product} {ergonomic}
     bool SegmentedCodeCache                       = true                                      {product} {ergonomic}
   size_t SoftMaxHeapSize                          = 2147483648                             {manageable} {ergonomic}
     bool UseCompressedOops                        = true                           {product lp64_product} {ergonomic}
     bool UseLargePagesIndividualAllocation        = false                                  {pd product} {ergonomic}
     bool UseParallelGC                            = true                                      {product} {command line}

Logging:
Log output configuration:
 #0: stdout all=off uptime,level,tags foldmultilines=false
 #1: stderr all=off uptime,level,tags foldmultilines=false

Release file:
JAVA_VERSION="21.0.10" 
MODULES="java.base java.compiler java.datatransfer java.xml java.prefs java.desktop java.instrument java.logging java.management java.security.sasl java.naming java.rmi java.management.rmi java.net.http java.scripting java.security.jgss java.transaction.xa java.sql java.sql.rowset java.xml.crypto java.se java.smartcardio jdk.accessibility jdk.internal.jvmstat jdk.attach jdk.charsets jdk.internal.opt jdk.zipfs jdk.compiler jdk.crypto.ec jdk.crypto.cryptoki jdk.crypto.mscapi jdk.dynalink jdk.internal.ed jdk.editpad jdk.hotspot.agent jdk.httpserver jdk.internal.le jdk.internal.vm.ci jdk.internal.vm.compiler jdk.internal.vm.compiler.management jdk.jartool jdk.javadoc jdk.jcmd jdk.management jdk.management.agent jdk.jconsole jdk.jdeps jdk.jdwp.agent jdk.jdi jdk.jfr jdk.jshell jdk.jsobject jdk.jstatd jdk.localedata jdk.management.jfr jdk.naming.dns jdk.naming.rmi jdk.net jdk.nio.mapmode jdk.random jdk.sctp jdk.security.auth jdk.security.jgss jdk.unsupported jdk.unsupported.desktop jdk.xml.dom" 

Environment Variables:
PATH=D:\Users\DELL\AppData\Local\Programs\Microsoft VS Code;C:\Program Files\Common Files\Oracle\Java\javapath;C:\WINDOWS;C:\WINDOWS\System32\Wbem;C:\WINDOWS\System32\WindowsPowerShell\v1.0\;C:\WINDOWS\System32\OpenSSH\;C:\WINDOWS\system32;D:\msys64\ucrt64\bin;C:\Program Files\dotnet\;C:\Program Files\Microsoft SQL Server\170\Tools\Binn\;C:\Program Files\Microsoft SQL Server\Client SDK\ODBC\170\Tools\Binn\;C:\Program Files\Git\cmd;C:\Users\DELL\AppData\Local\Microsoft\WindowsApps;D:\Users\DELL\AppData\Local\Programs\Microsoft VS Code\bin;C:\Users\DELL\.dotnet\tools;D:\flutter\bin;
USERNAME=DELL
OS=Windows_NT
PROCESSOR_IDENTIFIER=Intel64 Family 6 Model 140 Stepping 1, GenuineIntel
TMP=C:\Users\DELL\AppData\Local\Temp
TEMP=C:\Users\DELL\AppData\Local\Temp




Periodic native trim disabled

---------------  S Y S T E M  ---------------

OS:
 Windows 10 , 64 bit Build 19041 (10.0.19041.4842)
OS uptime: 0 days 0:33 hours

CPU: total 8 (initial active 8) (4 cores per cpu, 2 threads per core) family 6 model 140 stepping 1 microcode 0xb4, cx8, cmov, fxsr, ht, mmx, 3dnowpref, sse, sse2, sse3, ssse3, sse4.1, sse4.2, popcnt, lzcnt, tsc, tscinvbit, avx, avx2, aes, erms, clmul, bmi1, bmi2, adx, avx512f, avx512dq, avx512cd, avx512bw, avx512vl, sha, fma, vzeroupper, avx512_vpopcntdq, avx512_vpclmulqdq, avx512_vaes, avx512_vnni, clflush, clflushopt, clwb, avx512_vbmi2, avx512_vbmi, rdtscp, rdpid, fsrm, gfni, avx512_bitalg, f16c, pku, cet_ibt, cet_ss, avx512_ifma
Processor Information for the first 8 processors :
  Max Mhz: 1997, Current Mhz: 1997, Mhz Limit: 1997

Memory: 4k page, system-wide physical 3822M (348M free)
TotalPageFile size 8820M (AvailPageFile size 1M)
current process WorkingSet (physical memory assigned to process): 596M, peak: 596M
current process commit charge ("private bytes"): 663M, peak: 1712M

vm_info: OpenJDK 64-Bit Server VM (21.0.10+7-LTS) for windows-amd64 JRE (21.0.10+7-LTS), built on 2026-01-20T00:00:00Z by "admin" with MS VC++ 17.12 (VS2022)

END.
